#All power spectra in columns 2-12 are dimensionless \Delta^2 and shot noise-subtracted.
#Columns: k[h/Mpc],z=1.7980e-02,z=2.2880e-01,z=5.1950e-01,z=1.0275e+00,z=1.9668e+00,z=3.0053e+00,z=3.3350e+00,z=3.7399e+00,z=4.2542e+00,z=4.9309e+00
7.8850e-02	1.0214e-01	8.3340e-02	6.2930e-02	3.9840e-02	1.9960e-02	1.1180e-02	9.5700e-03	8.0300e-03	6.5400e-03	5.1400e-03
1.3942e-01	3.4816e-01	2.8336e-01	2.1310e-01	1.3387e-01	6.6340e-02	3.6880e-02	3.1520e-02	2.6390e-02	2.1480e-02	1.6850e-02
1.9608e-01	8.0639e-01	6.5753e-01	4.9624e-01	3.1236e-01	1.5508e-01	8.6400e-02	7.3900e-02	6.1910e-02	5.0430e-02	3.9610e-02
2.5530e-01	1.1570e+00	9.1980e-01	6.7260e-01	4.0788e-01	1.9586e-01	1.0757e-01	9.1770e-02	7.6680e-02	6.2330e-02	4.8850e-02
3.2048e-01	1.7358e+00	1.3365e+00	9.3784e-01	5.3357e-01	2.3963e-01	1.2770e-01	1.0834e-01	9.0050e-02	7.2820e-02	5.6780e-02
3.8451e-01	2.4577e+00	1.8940e+00	1.3267e+00	7.4684e-01	3.3287e-01	1.7738e-01	1.5055e-01	1.2522e-01	1.0134e-01	7.9120e-02
4.4429e-01	3.7784e+00	2.7515e+00	1.8023e+00	9.4710e-01	4.0406e-01	2.1030e-01	1.7742e-01	1.4660e-01	1.1780e-01	9.1260e-02
5.0416e-01	3.8930e+00	2.7423e+00	1.7844e+00	9.7293e-01	4.3781e-01	2.2890e-01	1.9292e-01	1.5916e-01	1.2766e-01	9.8690e-02
5.6910e-01	5.2491e+00	3.8411e+00	2.5763e+00	1.3555e+00	5.4259e-01	2.6320e-01	2.1849e-01	1.7761e-01	1.4040e-01	1.0703e-01
6.3423e-01	6.8894e+00	4.7611e+00	3.0420e+00	1.5220e+00	5.7141e-01	2.6794e-01	2.2163e-01	1.7985e-01	1.4225e-01	1.0878e-01
6.9501e-01	8.2907e+00	5.6844e+00	3.6340e+00	1.7433e+00	6.3903e-01	3.0686e-01	2.5547e-01	2.0851e-01	1.6560e-01	1.2685e-01
7.5582e-01	9.3878e+00	6.4213e+00	4.1513e+00	1.9895e+00	7.2920e-01	3.4644e-01	2.8721e-01	2.3328e-01	1.8431e-01	1.4043e-01
8.1958e-01	1.0994e+01	7.5371e+00	4.8577e+00	2.2595e+00	8.1272e-01	3.8294e-01	3.1699e-01	2.5708e-01	2.0283e-01	1.5436e-01
8.8301e-01	1.3274e+01	9.0069e+00	5.7073e+00	2.6768e+00	9.5778e-01	4.4216e-01	3.6281e-01	2.9124e-01	2.2713e-01	1.7069e-01
9.4349e-01	1.5904e+01	1.0574e+01	6.5821e+00	3.0091e+00	1.0301e+00	4.5630e-01	3.7297e-01	2.9907e-01	2.3366e-01	1.7641e-01
1.0056e+00	1.7282e+01	1.1303e+01	7.1249e+00	3.2855e+00	1.1315e+00	4.9469e-01	4.0188e-01	3.1960e-01	2.4709e-01	1.8421e-01
1.0702e+00	1.9599e+01	1.2800e+01	8.1712e+00	3.6293e+00	1.2155e+00	5.3069e-01	4.3055e-01	3.4181e-01	2.6367e-01	1.9605e-01
1.1343e+00	2.1913e+01	1.4344e+01	9.0447e+00	4.0523e+00	1.3533e+00	5.7947e-01	4.6847e-01	3.7061e-01	2.8489e-01	2.1104e-01
1.1961e+00	2.3916e+01	1.5788e+01	1.0156e+01	4.5972e+00	1.4337e+00	6.1183e-01	4.9585e-01	3.9370e-01	3.0412e-01	2.2663e-01
1.2578e+00	2.7214e+01	1.7793e+01	1.1520e+01	5.0656e+00	1.5445e+00	6.3535e-01	5.1050e-01	4.0215e-01	3.0842e-01	2.2837e-01
1.3214e+00	3.0484e+01	1.9468e+01	1.2365e+01	5.4531e+00	1.6447e+00	6.9243e-01	5.5768e-01	4.3983e-01	3.3709e-01	2.4873e-01
1.3846e+00	3.1799e+01	2.0590e+01	1.3240e+01	6.0551e+00	1.7926e+00	7.3514e-01	5.8674e-01	4.5760e-01	3.4625e-01	2.5235e-01
1.4465e+00	3.4767e+01	2.3091e+01	1.4561e+01	6.5684e+00	1.9623e+00	7.8559e-01	6.2298e-01	4.8281e-01	3.6310e-01	2.6289e-01
1.5086e+00	3.7656e+01	2.5150e+01	1.5822e+01	6.9893e+00	2.0305e+00	8.1426e-01	6.4557e-01	5.0107e-01	3.7805e-01	2.7464e-01
1.5718e+00	4.1291e+01	2.6938e+01	1.6911e+01	7.5104e+00	2.1700e+00	8.7540e-01	6.9745e-01	5.4285e-01	4.0904e-01	2.9544e-01
1.6355e+00	4.3938e+01	2.9204e+01	1.8031e+01	8.1722e+00	2.3495e+00	9.3267e-01	7.3350e-01	5.6341e-01	4.1981e-01	3.0118e-01
1.6983e+00	4.6203e+01	3.0677e+01	1.8882e+01	8.6562e+00	2.4741e+00	9.6387e-01	7.5963e-01	5.8565e-01	4.3750e-01	3.1334e-01
1.7610e+00	4.9860e+01	3.3214e+01	2.0421e+01	9.1283e+00	2.6732e+00	1.0163e+00	7.9549e-01	6.0732e-01	4.4875e-01	3.1844e-01
1.8240e+00	5.2669e+01	3.5303e+01	2.1551e+01	1.0157e+01	2.8569e+00	1.0437e+00	8.1215e-01	6.1842e-01	4.5658e-01	3.2379e-01
1.8865e+00	5.6141e+01	3.7031e+01	2.2562e+01	1.0832e+01	3.0421e+00	1.1259e+00	8.7722e-01	6.6649e-01	4.8998e-01	3.4603e-01
1.9491e+00	5.8167e+01	3.8774e+01	2.4545e+01	1.1356e+01	3.1473e+00	1.1494e+00	8.8980e-01	6.7222e-01	4.9246e-01	3.4733e-01
2.0114e+00	6.2486e+01	4.1710e+01	2.5562e+01	1.2018e+01	3.4259e+00	1.2165e+00	9.4341e-01	7.1296e-01	5.2036e-01	3.6418e-01
2.0739e+00	6.5272e+01	4.4190e+01	2.6681e+01	1.2795e+01	3.4718e+00	1.2566e+00	9.7487e-01	7.3801e-01	5.4121e-01	3.8094e-01
2.1374e+00	6.8045e+01	4.6008e+01	2.8445e+01	1.3521e+01	3.6842e+00	1.3166e+00	1.0093e+00	7.5631e-01	5.5050e-01	3.8579e-01
2.2003e+00	7.2751e+01	4.8441e+01	3.0326e+01	1.4142e+01	3.8337e+00	1.3824e+00	1.0680e+00	8.0363e-01	5.8383e-01	4.0611e-01
2.2630e+00	7.5568e+01	5.1033e+01	3.0547e+01	1.5006e+01	4.1278e+00	1.4287e+00	1.0914e+00	8.1153e-01	5.8449e-01	4.0498e-01
2.3260e+00	7.7040e+01	5.2815e+01	3.2274e+01	1.5569e+01	4.3058e+00	1.4970e+00	1.1460e+00	8.5325e-01	6.1394e-01	4.2410e-01
2.3889e+00	8.2744e+01	5.5274e+01	3.2966e+01	1.6411e+01	4.4732e+00	1.5200e+00	1.1612e+00	8.6807e-01	6.2943e-01	4.3614e-01
2.4512e+00	8.5369e+01	5.6284e+01	3.5685e+01	1.7142e+01	4.6235e+00	1.5784e+00	1.2048e+00	8.9659e-01	6.4565e-01	4.4521e-01
2.5138e+00	8.5225e+01	5.8523e+01	3.5829e+01	1.7436e+01	4.8100e+00	1.6859e+00	1.2753e+00	9.3889e-01	6.6835e-01	4.5641e-01
2.5771e+00	9.2901e+01	6.2908e+01	3.7606e+01	1.8301e+01	4.9783e+00	1.7269e+00	1.3135e+00	9.7356e-01	6.9601e-01	4.7485e-01
2.6402e+00	9.6393e+01	6.3935e+01	3.8768e+01	1.8911e+01	5.3385e+00	1.7842e+00	1.3474e+00	9.9371e-01	7.0935e-01	4.8486e-01
2.7029e+00	9.8102e+01	6.7039e+01	4.0735e+01	1.9446e+01	5.5559e+00	1.8584e+00	1.3956e+00	1.0229e+00	7.2768e-01	4.9632e-01
2.7656e+00	1.0264e+02	6.7430e+01	4.0893e+01	2.0119e+01	5.7130e+00	1.9011e+00	1.4379e+00	1.0634e+00	7.5870e-01	5.1390e-01
2.8287e+00	1.0522e+02	6.9429e+01	4.2591e+01	2.1034e+01	5.8929e+00	1.9578e+00	1.4784e+00	1.0907e+00	7.7522e-01	5.2296e-01
2.8915e+00	1.0890e+02	7.2136e+01	4.3943e+01	2.1208e+01	6.1374e+00	2.0503e+00	1.5493e+00	1.1369e+00	7.9925e-01	5.3417e-01
2.9535e+00	1.0960e+02	7.2533e+01	4.5163e+01	2.2635e+01	6.5342e+00	2.1327e+00	1.6098e+00	1.1750e+00	8.2118e-01	5.4735e-01
3.0161e+00	1.1544e+02	7.6347e+01	4.6498e+01	2.3151e+01	6.6174e+00	2.1569e+00	1.6185e+00	1.1869e+00	8.4005e-01	5.6585e-01
3.0794e+00	1.1828e+02	7.9529e+01	4.8239e+01	2.3991e+01	6.8597e+00	2.2530e+00	1.6944e+00	1.2312e+00	8.6006e-01	5.7391e-01
3.1428e+00	1.2190e+02	8.0240e+01	4.9370e+01	2.4531e+01	7.2257e+00	2.3396e+00	1.7598e+00	1.2806e+00	8.9300e-01	5.9197e-01
3.2055e+00	1.2325e+02	8.3383e+01	5.0885e+01	2.5684e+01	7.4409e+00	2.3946e+00	1.7920e+00	1.2987e+00	9.0600e-01	6.0136e-01
3.2681e+00	1.2676e+02	8.6175e+01	5.3202e+01	2.6501e+01	7.6558e+00	2.4855e+00	1.8528e+00	1.3376e+00	9.2916e-01	6.1226e-01
3.3312e+00	1.3002e+02	8.7081e+01	5.3447e+01	2.7249e+01	8.0058e+00	2.5719e+00	1.9252e+00	1.3926e+00	9.6142e-01	6.2770e-01
3.3941e+00	1.3284e+02	8.8540e+01	5.5490e+01	2.7959e+01	8.2337e+00	2.6496e+00	1.9627e+00	1.3994e+00	9.6202e-01	6.3151e-01
3.4564e+00	1.3617e+02	9.0357e+01	5.6513e+01	2.8700e+01	8.4063e+00	2.7499e+00	2.0415e+00	1.4679e+00	1.0115e+00	6.6111e-01
3.5188e+00	1.3755e+02	9.3380e+01	5.8164e+01	2.9373e+01	8.7563e+00	2.7750e+00	2.0600e+00	1.4769e+00	1.0164e+00	6.6661e-01
3.5820e+00	1.3997e+02	9.6320e+01	5.9666e+01	3.0735e+01	9.1376e+00	2.8683e+00	2.1192e+00	1.5169e+00	1.0402e+00	6.7650e-01
3.6451e+00	1.4444e+02	9.8577e+01	6.0754e+01	3.1095e+01	9.2894e+00	2.9424e+00	2.1825e+00	1.5600e+00	1.0721e+00	6.9993e-01
3.7076e+00	1.4737e+02	9.9438e+01	6.2010e+01	3.1686e+01	9.4525e+00	3.0393e+00	2.2474e+00	1.6018e+00	1.0966e+00	7.0894e-01
3.7706e+00	1.5063e+02	1.0292e+02	6.3246e+01	3.2518e+01	9.8095e+00	3.1119e+00	2.2976e+00	1.6335e+00	1.1148e+00	7.2163e-01
3.8336e+00	1.5565e+02	1.0524e+02	6.5443e+01	3.3261e+01	1.0164e+01	3.1835e+00	2.3354e+00	1.6611e+00	1.1338e+00	7.3264e-01
3.8965e+00	1.5597e+02	1.0716e+02	6.6458e+01	3.4201e+01	1.0396e+01	3.2976e+00	2.4324e+00	1.7230e+00	1.1697e+00	7.5260e-01
3.9588e+00	1.6199e+02	1.0949e+02	6.6955e+01	3.4665e+01	1.0681e+01	3.3706e+00	2.4775e+00	1.7610e+00	1.1973e+00	7.6424e-01
4.0211e+00	1.6435e+02	1.1239e+02	6.8639e+01	3.5051e+01	1.1047e+01	3.4822e+00	2.5642e+00	1.8118e+00	1.2229e+00	7.8054e-01
4.0845e+00	1.6637e+02	1.1361e+02	7.1305e+01	3.5744e+01	1.1370e+01	3.5743e+00	2.6252e+00	1.8531e+00	1.2542e+00	8.0096e-01
4.1477e+00	1.6767e+02	1.1686e+02	7.1431e+01	3.6564e+01	1.1542e+01	3.6408e+00	2.6471e+00	1.8645e+00	1.2647e+00	8.0811e-01
4.2105e+00	1.7331e+02	1.1809e+02	7.2334e+01	3.7799e+01	1.1839e+01	3.7935e+00	2.7626e+00	1.9320e+00	1.2910e+00	8.1397e-01
4.2733e+00	1.7444e+02	1.2126e+02	7.3821e+01	3.8637e+01	1.2015e+01	3.7880e+00	2.7651e+00	1.9566e+00	1.3280e+00	8.4326e-01
4.3362e+00	1.8062e+02	1.2345e+02	7.5030e+01	3.8941e+01	1.2478e+01	3.9223e+00	2.8687e+00	2.0080e+00	1.3447e+00	8.4928e-01
4.3992e+00	1.8162e+02	1.2443e+02	7.6494e+01	3.9874e+01	1.2717e+01	4.0013e+00	2.9350e+00	2.0750e+00	1.3900e+00	8.6927e-01
4.4615e+00	1.8245e+02	1.2722e+02	7.7406e+01	4.0858e+01	1.3081e+01	4.0876e+00	2.9842e+00	2.0891e+00	1.3996e+00	8.8182e-01
4.5242e+00	1.8682e+02	1.2898e+02	7.8930e+01	4.1105e+01	1.3338e+01	4.2529e+00	3.0805e+00	2.1317e+00	1.4140e+00	8.8605e-01
4.5872e+00	1.8869e+02	1.3227e+02	8.0834e+01	4.1763e+01	1.3768e+01	4.3166e+00	3.1250e+00	2.1867e+00	1.4569e+00	9.0534e-01
4.6503e+00	1.9185e+02	1.3398e+02	8.1140e+01	4.2441e+01	1.4148e+01	4.3698e+00	3.1646e+00	2.2126e+00	1.4731e+00	9.1997e-01
4.7131e+00	1.9523e+02	1.3522e+02	8.2922e+01	4.3012e+01	1.4125e+01	4.5430e+00	3.2945e+00	2.2919e+00	1.5222e+00	9.4610e-01
4.7758e+00	1.9828e+02	1.3842e+02	8.4212e+01	4.3201e+01	1.4680e+01	4.5636e+00	3.3272e+00	2.3183e+00	1.5264e+00	9.4213e-01
4.8388e+00	1.9902e+02	1.4055e+02	8.5665e+01	4.3929e+01	1.4906e+01	4.7091e+00	3.3901e+00	2.3499e+00	1.5655e+00	9.7953e-01
4.9015e+00	2.0234e+02	1.4290e+02	8.6083e+01	4.4846e+01	1.5269e+01	4.7870e+00	3.4769e+00	2.4029e+00	1.5762e+00	9.7378e-01
4.9640e+00	2.0638e+02	1.4418e+02	8.7329e+01	4.5860e+01	1.5683e+01	4.8754e+00	3.5277e+00	2.4525e+00	1.6215e+00	9.9761e-01
5.0267e+00	2.0863e+02	1.4639e+02	8.7907e+01	4.6407e+01	1.6041e+01	4.9821e+00	3.6193e+00	2.5119e+00	1.6571e+00	1.0216e+00
5.0896e+00	2.1210e+02	1.4922e+02	9.0620e+01	4.6971e+01	1.6270e+01	5.1033e+00	3.6878e+00	2.5493e+00	1.6780e+00	1.0312e+00
5.1528e+00	2.1543e+02	1.4958e+02	9.1448e+01	4.7705e+01	1.6557e+01	5.2150e+00	3.7559e+00	2.5969e+00	1.6991e+00	1.0406e+00
5.2157e+00	2.1776e+02	1.5305e+02	9.3034e+01	4.8582e+01	1.7004e+01	5.3398e+00	3.8403e+00	2.6441e+00	1.7357e+00	1.0683e+00
5.2783e+00	2.2042e+02	1.5415e+02	9.5150e+01	4.9223e+01	1.7392e+01	5.3891e+00	3.8922e+00	2.6807e+00	1.7551e+00	1.0797e+00
5.3412e+00	2.2226e+02	1.5544e+02	9.5448e+01	4.9972e+01	1.7519e+01	5.5094e+00	4.0021e+00	2.7551e+00	1.7999e+00	1.0985e+00
5.4043e+00	2.2643e+02	1.5828e+02	9.5513e+01	5.0828e+01	1.7945e+01	5.6768e+00	4.0862e+00	2.8121e+00	1.8485e+00	1.1198e+00
5.4670e+00	2.3153e+02	1.6130e+02	9.7818e+01	5.1214e+01	1.8155e+01	5.7570e+00	4.1471e+00	2.8523e+00	1.8588e+00	1.1314e+00
5.5296e+00	2.3097e+02	1.6335e+02	9.8694e+01	5.2222e+01	1.8725e+01	5.8694e+00	4.2366e+00	2.9070e+00	1.8868e+00	1.1452e+00
5.5924e+00	2.3438e+02	1.6405e+02	1.0039e+02	5.2717e+01	1.8892e+01	5.9807e+00	4.2991e+00	2.9333e+00	1.9028e+00	1.1600e+00
5.6555e+00	2.3851e+02	1.6807e+02	1.0106e+02	5.3018e+01	1.9050e+01	6.1494e+00	4.3971e+00	2.9910e+00	1.9524e+00	1.1805e+00
5.7185e+00	2.4156e+02	1.6764e+02	1.0252e+02	5.3933e+01	1.9405e+01	6.2155e+00	4.4160e+00	3.0287e+00	1.9756e+00	1.1902e+00
5.7812e+00	2.4449e+02	1.7090e+02	1.0402e+02	5.4768e+01	1.9909e+01	6.2564e+00	4.4952e+00	3.0986e+00	2.0154e+00	1.2116e+00
5.8441e+00	2.4485e+02	1.7161e+02	1.0555e+02	5.4943e+01	2.0014e+01	6.4337e+00	4.6136e+00	3.1576e+00	2.0523e+00	1.2266e+00
5.9067e+00	2.4953e+02	1.7349e+02	1.0641e+02	5.5779e+01	2.0459e+01	6.6017e+00	4.7155e+00	3.2106e+00	2.0796e+00	1.2453e+00
5.9692e+00	2.5364e+02	1.7646e+02	1.0839e+02	5.6614e+01	2.0643e+01	6.6800e+00	4.7921e+00	3.2686e+00	2.1137e+00	1.2636e+00
6.0317e+00	2.5535e+02	1.7612e+02	1.0873e+02	5.6986e+01	2.1028e+01	6.8111e+00	4.8672e+00	3.3215e+00	2.1429e+00	1.2734e+00
6.0947e+00	2.5959e+02	1.7888e+02	1.1024e+02	5.7883e+01	2.1315e+01	6.9238e+00	4.9213e+00	3.3637e+00	2.1697e+00	1.2928e+00
6.1581e+00	2.6216e+02	1.8119e+02	1.1166e+02	5.8276e+01	2.1555e+01	6.9904e+00	4.9797e+00	3.4051e+00	2.1965e+00	1.3110e+00
6.2210e+00	2.6389e+02	1.8328e+02	1.1212e+02	5.9062e+01	2.2025e+01	7.1561e+00	5.1201e+00	3.4606e+00	2.2346e+00	1.3274e+00
6.2837e+00	2.6714e+02	1.8544e+02	1.1371e+02	5.9892e+01	2.2285e+01	7.2693e+00	5.1766e+00	3.5389e+00	2.2832e+00	1.3546e+00
6.3465e+00	2.6858e+02	1.8573e+02	1.1506e+02	6.0887e+01	2.2641e+01	7.4161e+00	5.2742e+00	3.6151e+00	2.3325e+00	1.3662e+00
6.4094e+00	2.7253e+02	1.8743e+02	1.1646e+02	6.1063e+01	2.2875e+01	7.4918e+00	5.3288e+00	3.6417e+00	2.3388e+00	1.3793e+00
6.4724e+00	2.7561e+02	1.8962e+02	1.1747e+02	6.1825e+01	2.3071e+01	7.5935e+00	5.4020e+00	3.6935e+00	2.3794e+00	1.4071e+00
6.5348e+00	2.7852e+02	1.9154e+02	1.1870e+02	6.2833e+01	2.3670e+01	7.7460e+00	5.5278e+00	3.7602e+00	2.4056e+00	1.4262e+00
6.5976e+00	2.8135e+02	1.9301e+02	1.2010e+02	6.2953e+01	2.3887e+01	7.8665e+00	5.6073e+00	3.8180e+00	2.4447e+00	1.4211e+00
6.6608e+00	2.8394e+02	1.9438e+02	1.2099e+02	6.3830e+01	2.4170e+01	7.9771e+00	5.7058e+00	3.8923e+00	2.4804e+00	1.4524e+00
6.7234e+00	2.8644e+02	1.9690e+02	1.2204e+02	6.4823e+01	2.4465e+01	8.0618e+00	5.7475e+00	3.9345e+00	2.5147e+00	1.4737e+00
6.7861e+00	2.8921e+02	1.9869e+02	1.2352e+02	6.5108e+01	2.4851e+01	8.1742e+00	5.8562e+00	4.0135e+00	2.5488e+00	1.4891e+00
6.8491e+00	2.9257e+02	2.0081e+02	1.2446e+02	6.6007e+01	2.5149e+01	8.3238e+00	5.9368e+00	4.0431e+00	2.5666e+00	1.5065e+00
6.9123e+00	2.9588e+02	2.0172e+02	1.2608e+02	6.6691e+01	2.5457e+01	8.4125e+00	6.0220e+00	4.0966e+00	2.6152e+00	1.5291e+00
6.9747e+00	2.9802e+02	2.0461e+02	1.2801e+02	6.6595e+01	2.5591e+01	8.5922e+00	6.1466e+00	4.1850e+00	2.6736e+00	1.5631e+00
7.0373e+00	3.0053e+02	2.0738e+02	1.2783e+02	6.7144e+01	2.6106e+01	8.6910e+00	6.2533e+00	4.2547e+00	2.6915e+00	1.5669e+00
7.1002e+00	3.0381e+02	2.0832e+02	1.2923e+02	6.7820e+01	2.6460e+01	8.8625e+00	6.3226e+00	4.2912e+00	2.7246e+00	1.5837e+00
7.1632e+00	3.0608e+02	2.0968e+02	1.3088e+02	6.8813e+01	2.6736e+01	8.9597e+00	6.4214e+00	4.3737e+00	2.7649e+00	1.5981e+00
7.2260e+00	3.0852e+02	2.1094e+02	1.3164e+02	6.9110e+01	2.7080e+01	9.1596e+00	6.5223e+00	4.4181e+00	2.8114e+00	1.6335e+00
7.2887e+00	3.1050e+02	2.1327e+02	1.3351e+02	7.0013e+01	2.7361e+01	9.1504e+00	6.5575e+00	4.4809e+00	2.8349e+00	1.6370e+00
7.3519e+00	3.1516e+02	2.1489e+02	1.3400e+02	7.0757e+01	2.7730e+01	9.3092e+00	6.6768e+00	4.5473e+00	2.8843e+00	1.6688e+00
7.4147e+00	3.1757e+02	2.1681e+02	1.3471e+02	7.1467e+01	2.7969e+01	9.4081e+00	6.7445e+00	4.6097e+00	2.9117e+00	1.6911e+00
7.4771e+00	3.2004e+02	2.1806e+02	1.3668e+02	7.2179e+01	2.8411e+01	9.5156e+00	6.8816e+00	4.6488e+00	2.9432e+00	1.7015e+00
7.5399e+00	3.2447e+02	2.2032e+02	1.3667e+02	7.2986e+01	2.8581e+01	9.6962e+00	6.9661e+00	4.7494e+00	2.9977e+00	1.7123e+00
7.6029e+00	3.2650e+02	2.2064e+02	1.3845e+02	7.3901e+01	2.9019e+01	9.9033e+00	7.1308e+00	4.8067e+00	3.0204e+00	1.7406e+00
7.6659e+00	3.2819e+02	2.2294e+02	1.3899e+02	7.4044e+01	2.9296e+01	1.0005e+01	7.1785e+00	4.8486e+00	3.0581e+00	1.7622e+00
7.7287e+00	3.3040e+02	2.2527e+02	1.3995e+02	7.4343e+01	2.9574e+01	1.0129e+01	7.2648e+00	4.9470e+00	3.1221e+00	1.7874e+00
7.7915e+00	3.3478e+02	2.2653e+02	1.4160e+02	7.5518e+01	2.9965e+01	1.0245e+01	7.3071e+00	4.9725e+00	3.1449e+00	1.8014e+00
7.8545e+00	3.3647e+02	2.2919e+02	1.4273e+02	7.5808e+01	3.0509e+01	1.0384e+01	7.4785e+00	5.0667e+00	3.1807e+00	1.8174e+00
7.9174e+00	3.3860e+02	2.2976e+02	1.4349e+02	7.6217e+01	3.0430e+01	1.0556e+01	7.5964e+00	5.1455e+00	3.2363e+00	1.8475e+00
7.9799e+00	3.4339e+02	2.3247e+02	1.4490e+02	7.7130e+01	3.0742e+01	1.0634e+01	7.6310e+00	5.2086e+00	3.2554e+00	1.8643e+00
8.0426e+00	3.4721e+02	2.3193e+02	1.4635e+02	7.7968e+01	3.1095e+01	1.0866e+01	7.8048e+00	5.2682e+00	3.3087e+00	1.8821e+00
8.1056e+00	3.4910e+02	2.3533e+02	1.4751e+02	7.8430e+01	3.1652e+01	1.0969e+01	7.7854e+00	5.3001e+00	3.3357e+00	1.9088e+00
8.1686e+00	3.5342e+02	2.3715e+02	1.4794e+02	7.9043e+01	3.1699e+01	1.1161e+01	7.9885e+00	5.4090e+00	3.3881e+00	1.9252e+00
8.2313e+00	3.5437e+02	2.3904e+02	1.5008e+02	7.9485e+01	3.2106e+01	1.1228e+01	8.0441e+00	5.4535e+00	3.4071e+00	1.9331e+00
8.2941e+00	3.5960e+02	2.4077e+02	1.5047e+02	8.0308e+01	3.2375e+01	1.1383e+01	8.1817e+00	5.5410e+00	3.4765e+00	1.9619e+00
8.3571e+00	3.5975e+02	2.4147e+02	1.5205e+02	8.1073e+01	3.2589e+01	1.1490e+01	8.2558e+00	5.5808e+00	3.5111e+00	1.9863e+00
8.4200e+00	3.6411e+02	2.4255e+02	1.5222e+02	8.1522e+01	3.2938e+01	1.1645e+01	8.3136e+00	5.6419e+00	3.5244e+00	1.9977e+00
8.4826e+00	3.6620e+02	2.4571e+02	1.5394e+02	8.2430e+01	3.3362e+01	1.1785e+01	8.4607e+00	5.7241e+00	3.5923e+00	2.0270e+00
8.5453e+00	3.6856e+02	2.4584e+02	1.5508e+02	8.3194e+01	3.3588e+01	1.1883e+01	8.5718e+00	5.8234e+00	3.6301e+00	2.0460e+00
8.6084e+00	3.6961e+02	2.4966e+02	1.5634e+02	8.3315e+01	3.3863e+01	1.2077e+01	8.6575e+00	5.8909e+00	3.6579e+00	2.0661e+00
8.6714e+00	3.7367e+02	2.5212e+02	1.5681e+02	8.4451e+01	3.4341e+01	1.2177e+01	8.7716e+00	5.9165e+00	3.6743e+00	2.0827e+00
8.7340e+00	3.7717e+02	2.5223e+02	1.5785e+02	8.5293e+01	3.4604e+01	1.2371e+01	8.8512e+00	6.0077e+00	3.7524e+00	2.1114e+00
8.7966e+00	3.7938e+02	2.5405e+02	1.5967e+02	8.5990e+01	3.4857e+01	1.2457e+01	8.9681e+00	6.0958e+00	3.7868e+00	2.1321e+00
8.8596e+00	3.8198e+02	2.5657e+02	1.5976e+02	8.6320e+01	3.5249e+01	1.2589e+01	9.0831e+00	6.1761e+00	3.8189e+00	2.1549e+00
8.9225e+00	3.8560e+02	2.5749e+02	1.6208e+02	8.7200e+01	3.5466e+01	1.2769e+01	9.1969e+00	6.2184e+00	3.8541e+00	2.1621e+00
8.9852e+00	3.8447e+02	2.5935e+02	1.6340e+02	8.7476e+01	3.5999e+01	1.2972e+01	9.2402e+00	6.2546e+00	3.8900e+00	2.1899e+00
9.0477e+00	3.8772e+02	2.5971e+02	1.6322e+02	8.7803e+01	3.6357e+01	1.3071e+01	9.3440e+00	6.3188e+00	3.9502e+00	2.2250e+00
9.1106e+00	3.9251e+02	2.6353e+02	1.6582e+02	8.8673e+01	3.6535e+01	1.3206e+01	9.5133e+00	6.4289e+00	4.0083e+00	2.2389e+00
9.1737e+00	3.9268e+02	2.6432e+02	1.6699e+02	8.9207e+01	3.6783e+01	1.3332e+01	9.5399e+00	6.5040e+00	4.0402e+00	2.2533e+00
9.2366e+00	3.9396e+02	2.6520e+02	1.6775e+02	8.9939e+01	3.7034e+01	1.3477e+01	9.7279e+00	6.5675e+00	4.0783e+00	2.2864e+00
9.2995e+00	3.9597e+02	2.6849e+02	1.6789e+02	9.1017e+01	3.7366e+01	1.3689e+01	9.8486e+00	6.6285e+00	4.1187e+00	2.3025e+00
9.3625e+00	3.9938e+02	2.6933e+02	1.6973e+02	9.1567e+01	3.7798e+01	1.3751e+01	9.8578e+00	6.7148e+00	4.1721e+00	2.3269e+00
9.4254e+00	4.0101e+02	2.7109e+02	1.7174e+02	9.1662e+01	3.7936e+01	1.3873e+01	1.0045e+01	6.7717e+00	4.2002e+00	2.3451e+00
9.4881e+00	4.0431e+02	2.7375e+02	1.7311e+02	9.2803e+01	3.8432e+01	1.4011e+01	1.0099e+01	6.8493e+00	4.2514e+00	2.3657e+00
9.5507e+00	4.0609e+02	2.7565e+02	1.7413e+02	9.3747e+01	3.8804e+01	1.4144e+01	1.0240e+01	6.9317e+00	4.2958e+00	2.3779e+00
9.6136e+00	4.1069e+02	2.7602e+02	1.7450e+02	9.3689e+01	3.9061e+01	1.4385e+01	1.0386e+01	6.9944e+00	4.3371e+00	2.4179e+00
9.6766e+00	4.1179e+02	2.7888e+02	1.7603e+02	9.4590e+01	3.9348e+01	1.4544e+01	1.0486e+01	7.0320e+00	4.3605e+00	2.4432e+00
9.7393e+00	4.1488e+02	2.8005e+02	1.7692e+02	9.5493e+01	3.9714e+01	1.4611e+01	1.0598e+01	7.1542e+00	4.4298e+00	2.4618e+00
9.8020e+00	4.1804e+02	2.8342e+02	1.7847e+02	9.6099e+01	4.0066e+01	1.4837e+01	1.0678e+01	7.2171e+00	4.4736e+00	2.4806e+00
9.8649e+00	4.2133e+02	2.8411e+02	1.7922e+02	9.7188e+01	4.0242e+01	1.4991e+01	1.0779e+01	7.2457e+00	4.5235e+00	2.5092e+00
9.9278e+00	4.2328e+02	2.8377e+02	1.8149e+02	9.7432e+01	4.0647e+01	1.5103e+01	1.0885e+01	7.3567e+00	4.5616e+00	2.5195e+00
9.9904e+00	4.2460e+02	2.8672e+02	1.8197e+02	9.7677e+01	4.0980e+01	1.5260e+01	1.0987e+01	7.4213e+00	4.5980e+00	2.5404e+00
1.0053e+01	4.2948e+02	2.8885e+02	1.8274e+02	9.8256e+01	4.1246e+01	1.5396e+01	1.1058e+01	7.4931e+00	4.6348e+00	2.5777e+00
1.0116e+01	4.3099e+02	2.9149e+02	1.8464e+02	9.9096e+01	4.1400e+01	1.5508e+01	1.1213e+01	7.5663e+00	4.7207e+00	2.5995e+00
1.0179e+01	4.3315e+02	2.9259e+02	1.8515e+02	9.9586e+01	4.1923e+01	1.5691e+01	1.1293e+01	7.6569e+00	4.7306e+00	2.6210e+00
1.0242e+01	4.3516e+02	2.9424e+02	1.8638e+02	1.0022e+02	4.2235e+01	1.5844e+01	1.1428e+01	7.7061e+00	4.7857e+00	2.6404e+00
1.0305e+01	4.3980e+02	2.9568e+02	1.8736e+02	1.0113e+02	4.2720e+01	1.6028e+01	1.1551e+01	7.8128e+00	4.8335e+00	2.6646e+00
1.0368e+01	4.4308e+02	2.9809e+02	1.8949e+02	1.0135e+02	4.2977e+01	1.6106e+01	1.1606e+01	7.8652e+00	4.8971e+00	2.6953e+00
1.0430e+01	4.4347e+02	2.9956e+02	1.8993e+02	1.0193e+02	4.3229e+01	1.6328e+01	1.1782e+01	7.9358e+00	4.9101e+00	2.7146e+00
1.0493e+01	4.4739e+02	3.0271e+02	1.9210e+02	1.0275e+02	4.3542e+01	1.6460e+01	1.1921e+01	8.0547e+00	4.9632e+00	2.7371e+00
1.0556e+01	4.4887e+02	3.0273e+02	1.9263e+02	1.0323e+02	4.3739e+01	1.6632e+01	1.1991e+01	8.1114e+00	5.0314e+00	2.7575e+00
1.0619e+01	4.5318e+02	3.0499e+02	1.9477e+02	1.0448e+02	4.4374e+01	1.6709e+01	1.2113e+01	8.1785e+00	5.0526e+00	2.7814e+00
1.0682e+01	4.5501e+02	3.0614e+02	1.9570e+02	1.0453e+02	4.4476e+01	1.6889e+01	1.2191e+01	8.2245e+00	5.1106e+00	2.8045e+00
1.0745e+01	4.5729e+02	3.0767e+02	1.9698e+02	1.0526e+02	4.4858e+01	1.6948e+01	1.2332e+01	8.3725e+00	5.1722e+00	2.8403e+00
1.0807e+01	4.5824e+02	3.0879e+02	1.9813e+02	1.0621e+02	4.5147e+01	1.7137e+01	1.2379e+01	8.4047e+00	5.1979e+00	2.8462e+00
1.0870e+01	4.5928e+02	3.1176e+02	1.9947e+02	1.0702e+02	4.5649e+01	1.7246e+01	1.2552e+01	8.4804e+00	5.2411e+00	2.8736e+00
1.0933e+01	4.6205e+02	3.1207e+02	2.0096e+02	1.0759e+02	4.5709e+01	1.7476e+01	1.2700e+01	8.5409e+00	5.2707e+00	2.8938e+00
1.0996e+01	4.6423e+02	3.1517e+02	2.0175e+02	1.0855e+02	4.6084e+01	1.7660e+01	1.2765e+01	8.6120e+00	5.3287e+00	2.9201e+00
1.1059e+01	4.6766e+02	3.1672e+02	2.0260e+02	1.0870e+02	4.6268e+01	1.7725e+01	1.2783e+01	8.6871e+00	5.3734e+00	2.9549e+00
1.1121e+01	4.7081e+02	3.1909e+02	2.0457e+02	1.0992e+02	4.6526e+01	1.7914e+01	1.2983e+01	8.7623e+00	5.4318e+00	2.9843e+00
1.1184e+01	4.7149e+02	3.2084e+02	2.0503e+02	1.1032e+02	4.6934e+01	1.8013e+01	1.3087e+01	8.8535e+00	5.4745e+00	3.0048e+00
1.1247e+01	4.7568e+02	3.2244e+02	2.0628e+02	1.1034e+02	4.7201e+01	1.8097e+01	1.3188e+01	8.9184e+00	5.5052e+00	3.0202e+00
1.1310e+01	4.7550e+02	3.2398e+02	2.0834e+02	1.1105e+02	4.7712e+01	1.8344e+01	1.3273e+01	9.0127e+00	5.5702e+00	3.0429e+00
1.1373e+01	4.7949e+02	3.2564e+02	2.0939e+02	1.1202e+02	4.7895e+01	1.8451e+01	1.3467e+01	9.0883e+00	5.6396e+00	3.0771e+00
1.1436e+01	4.8123e+02	3.2617e+02	2.1023e+02	1.1250e+02	4.8127e+01	1.8608e+01	1.3501e+01	9.1927e+00	5.6838e+00	3.1124e+00
1.1498e+01	4.8252e+02	3.2835e+02	2.1163e+02	1.1316e+02	4.8388e+01	1.8836e+01	1.3720e+01	9.2807e+00	5.7232e+00	3.1433e+00
1.1561e+01	4.8527e+02	3.3101e+02	2.1271e+02	1.1390e+02	4.8771e+01	1.8965e+01	1.3781e+01	9.3569e+00	5.7778e+00	3.1508e+00
1.1624e+01	4.8884e+02	3.3120e+02	2.1359e+02	1.1419e+02	4.9178e+01	1.9031e+01	1.3901e+01	9.3853e+00	5.7904e+00	3.1811e+00
1.1687e+01	4.9138e+02	3.3359e+02	2.1583e+02	1.1522e+02	4.9311e+01	1.9209e+01	1.4035e+01	9.4952e+00	5.8630e+00	3.2126e+00
1.1750e+01	4.9347e+02	3.3438e+02	2.1687e+02	1.1589e+02	4.9673e+01	1.9351e+01	1.4095e+01	9.5813e+00	5.9106e+00	3.2271e+00
1.1813e+01	4.9579e+02	3.3653e+02	2.1794e+02	1.1680e+02	4.9951e+01	1.9569e+01	1.4221e+01	9.6371e+00	5.9423e+00	3.2431e+00
1.1876e+01	4.9670e+02	3.3970e+02	2.1875e+02	1.1723e+02	5.0241e+01	1.9676e+01	1.4357e+01	9.6517e+00	6.0014e+00	3.2779e+00
1.1938e+01	5.0091e+02	3.3931e+02	2.1963e+02	1.1791e+02	5.1061e+01	1.9738e+01	1.4393e+01	9.7595e+00	6.0596e+00	3.3039e+00
1.2001e+01	5.0246e+02	3.4258e+02	2.2107e+02	1.1882e+02	5.1054e+01	1.9972e+01	1.4554e+01	9.8792e+00	6.1222e+00	3.3232e+00
1.2064e+01	5.0246e+02	3.4404e+02	2.2146e+02	1.1984e+02	5.1406e+01	2.0116e+01	1.4692e+01	9.9188e+00	6.1867e+00	3.3647e+00
1.2127e+01	5.0624e+02	3.4600e+02	2.2344e+02	1.2035e+02	5.1647e+01	2.0311e+01	1.4814e+01	1.0025e+01	6.2153e+00	3.3750e+00
1.2190e+01	5.0830e+02	3.4901e+02	2.2455e+02	1.2082e+02	5.1948e+01	2.0398e+01	1.4930e+01	1.0113e+01	6.2731e+00	3.4156e+00
1.2252e+01	5.1319e+02	3.4854e+02	2.2566e+02	1.2141e+02	5.2298e+01	2.0467e+01	1.5073e+01	1.0173e+01	6.3240e+00	3.4315e+00
1.2315e+01	5.1443e+02	3.5130e+02	2.2702e+02	1.2230e+02	5.2568e+01	2.0638e+01	1.5208e+01	1.0277e+01	6.3705e+00	3.4527e+00
1.2378e+01	5.1628e+02	3.5275e+02	2.2799e+02	1.2250e+02	5.2991e+01	2.0866e+01	1.5288e+01	1.0355e+01	6.3947e+00	3.4893e+00
1.2441e+01	5.2023e+02	3.5452e+02	2.2891e+02	1.2360e+02	5.3119e+01	2.0956e+01	1.5355e+01	1.0380e+01	6.4664e+00	3.5049e+00
1.2504e+01	5.2212e+02	3.5518e+02	2.3060e+02	1.2389e+02	5.3657e+01	2.1124e+01	1.5513e+01	1.0492e+01	6.5314e+00	3.5319e+00
1.2566e+01	5.2374e+02	3.5682e+02	2.3244e+02	1.2465e+02	5.4109e+01	2.1301e+01	1.5618e+01	1.0595e+01	6.5789e+00	3.5652e+00
1.2629e+01	5.2741e+02	3.5908e+02	2.3274e+02	1.2570e+02	5.4206e+01	2.1430e+01	1.5755e+01	1.0688e+01	6.6167e+00	3.5758e+00
1.2692e+01	5.3062e+02	3.6144e+02	2.3386e+02	1.2602e+02	5.4371e+01	2.1607e+01	1.5856e+01	1.0741e+01	6.6764e+00	3.6131e+00
1.2755e+01	5.3276e+02	3.6387e+02	2.3396e+02	1.2670e+02	5.4972e+01	2.1759e+01	1.5924e+01	1.0819e+01	6.7000e+00	3.6436e+00
1.2818e+01	5.3311e+02	3.6476e+02	2.3523e+02	1.2776e+02	5.5149e+01	2.1910e+01	1.6082e+01	1.0908e+01	6.7612e+00	3.6585e+00
1.2881e+01	5.3671e+02	3.6695e+02	2.3716e+02	1.2842e+02	5.5509e+01	2.1977e+01	1.6145e+01	1.0976e+01	6.8307e+00	3.6845e+00
1.2944e+01	5.3805e+02	3.6706e+02	2.3850e+02	1.2911e+02	5.5723e+01	2.2184e+01	1.6262e+01	1.1070e+01	6.8705e+00	3.7058e+00
1.3006e+01	5.4015e+02	3.7015e+02	2.3994e+02	1.2928e+02	5.6023e+01	2.2268e+01	1.6431e+01	1.1116e+01	6.9159e+00	3.7318e+00
1.3069e+01	5.4300e+02	3.7165e+02	2.4033e+02	1.3039e+02	5.6495e+01	2.2539e+01	1.6519e+01	1.1216e+01	6.9826e+00	3.7553e+00
1.3132e+01	5.4736e+02	3.7251e+02	2.4147e+02	1.3075e+02	5.6715e+01	2.2750e+01	1.6632e+01	1.1314e+01	7.0249e+00	3.7880e+00
1.3195e+01	5.5055e+02	3.7597e+02	2.4281e+02	1.3162e+02	5.7123e+01	2.2815e+01	1.6766e+01	1.1398e+01	7.0657e+00	3.8100e+00
1.3258e+01	5.5352e+02	3.7624e+02	2.4295e+02	1.3168e+02	5.7326e+01	2.2936e+01	1.6845e+01	1.1467e+01	7.1075e+00	3.8381e+00
1.3321e+01	5.5466e+02	3.7862e+02	2.4538e+02	1.3268e+02	5.7607e+01	2.3071e+01	1.6978e+01	1.1519e+01	7.1702e+00	3.8658e+00
1.3383e+01	5.5842e+02	3.8141e+02	2.4626e+02	1.3380e+02	5.7891e+01	2.3220e+01	1.7107e+01	1.1634e+01	7.2300e+00	3.9016e+00
1.3446e+01	5.6161e+02	3.8150e+02	2.4772e+02	1.3389e+02	5.8337e+01	2.3473e+01	1.7291e+01	1.1698e+01	7.2841e+00	3.9070e+00
1.3509e+01	5.6082e+02	3.8377e+02	2.4847e+02	1.3427e+02	5.8629e+01	2.3543e+01	1.7337e+01	1.1805e+01	7.2849e+00	3.9461e+00
1.3572e+01	5.6165e+02	3.8533e+02	2.5044e+02	1.3489e+02	5.9066e+01	2.3645e+01	1.7490e+01	1.1856e+01	7.3746e+00	3.9671e+00
1.3635e+01	5.6625e+02	3.8707e+02	2.5049e+02	1.3622e+02	5.9309e+01	2.3852e+01	1.7604e+01	1.1947e+01	7.4061e+00	3.9888e+00
1.3698e+01	5.6851e+02	3.8826e+02	2.5146e+02	1.3655e+02	5.9738e+01	2.4052e+01	1.7710e+01	1.2072e+01	7.4551e+00	4.0281e+00
1.3760e+01	5.7208e+02	3.9149e+02	2.5251e+02	1.3768e+02	5.9765e+01	2.4171e+01	1.7797e+01	1.2122e+01	7.5281e+00	4.0499e+00
1.3823e+01	5.7283e+02	3.9250e+02	2.5531e+02	1.3817e+02	6.0135e+01	2.4300e+01	1.7962e+01	1.2147e+01	7.5589e+00	4.0841e+00
1.3886e+01	5.7556e+02	3.9548e+02	2.5619e+02	1.3911e+02	6.0650e+01	2.4462e+01	1.8038e+01	1.2331e+01	7.6579e+00	4.1047e+00
1.3949e+01	5.7767e+02	3.9616e+02	2.5611e+02	1.3969e+02	6.0742e+01	2.4658e+01	1.8170e+01	1.2361e+01	7.6665e+00	4.1293e+00
1.4012e+01	5.8002e+02	3.9780e+02	2.5757e+02	1.4060e+02	6.1165e+01	2.4839e+01	1.8300e+01	1.2499e+01	7.7510e+00	4.1764e+00
1.4074e+01	5.8255e+02	3.9890e+02	2.5907e+02	1.4155e+02	6.1629e+01	2.4935e+01	1.8396e+01	1.2557e+01	7.7929e+00	4.1791e+00
1.4137e+01	5.8416e+02	4.0097e+02	2.5937e+02	1.4147e+02	6.1747e+01	2.5081e+01	1.8494e+01	1.2601e+01	7.8400e+00	4.2185e+00
1.4200e+01	5.8781e+02	4.0327e+02	2.6076e+02	1.4179e+02	6.2030e+01	2.5177e+01	1.8647e+01	1.2698e+01	7.8861e+00	4.2436e+00
1.4263e+01	5.9251e+02	4.0285e+02	2.6096e+02	1.4287e+02	6.2449e+01	2.5418e+01	1.8748e+01	1.2770e+01	7.9431e+00	4.2748e+00
1.4326e+01	5.9234e+02	4.0725e+02	2.6348e+02	1.4330e+02	6.2776e+01	2.5665e+01	1.8887e+01	1.2880e+01	8.0046e+00	4.2937e+00
1.4389e+01	5.9429e+02	4.0782e+02	2.6405e+02	1.4418e+02	6.3106e+01	2.5725e+01	1.9066e+01	1.2975e+01	8.0580e+00	4.3265e+00
1.4452e+01	5.9777e+02	4.0985e+02	2.6527e+02	1.4463e+02	6.3424e+01	2.5838e+01	1.9127e+01	1.3046e+01	8.1063e+00	4.3563e+00
1.4514e+01	6.0188e+02	4.1218e+02	2.6671e+02	1.4523e+02	6.3905e+01	2.6020e+01	1.9274e+01	1.3153e+01	8.1865e+00	4.3811e+00
1.4577e+01	6.0248e+02	4.1305e+02	2.6683e+02	1.4646e+02	6.4186e+01	2.6189e+01	1.9449e+01	1.3156e+01	8.2001e+00	4.4081e+00
1.4640e+01	6.0465e+02	4.1575e+02	2.6907e+02	1.4676e+02	6.4517e+01	2.6296e+01	1.9469e+01	1.3282e+01	8.2649e+00	4.4306e+00
1.4703e+01	6.0611e+02	4.1705e+02	2.7008e+02	1.4786e+02	6.4682e+01	2.6515e+01	1.9620e+01	1.3331e+01	8.3059e+00	4.4563e+00
1.4766e+01	6.0793e+02	4.1789e+02	2.7062e+02	1.4829e+02	6.5145e+01	2.6739e+01	1.9772e+01	1.3469e+01	8.3548e+00	4.4904e+00
1.4829e+01	6.1230e+02	4.2128e+02	2.7231e+02	1.4924e+02	6.5480e+01	2.6818e+01	1.9794e+01	1.3496e+01	8.4236e+00	4.5092e+00
1.4891e+01	6.1262e+02	4.2301e+02	2.7421e+02	1.4969e+02	6.5748e+01	2.7005e+01	1.9997e+01	1.3603e+01	8.4812e+00	4.5411e+00
1.4954e+01	6.1610e+02	4.2435e+02	2.7501e+02	1.5049e+02	6.6038e+01	2.7107e+01	2.0105e+01	1.3681e+01	8.5252e+00	4.5646e+00
1.5017e+01	6.1646e+02	4.2586e+02	2.7696e+02	1.5163e+02	6.6318e+01	2.7244e+01	2.0238e+01	1.3811e+01	8.5876e+00	4.5865e+00
1.5080e+01	6.2126e+02	4.2632e+02	2.7761e+02	1.5155e+02	6.6735e+01	2.7430e+01	2.0325e+01	1.3888e+01	8.6324e+00	4.6311e+00
1.5143e+01	6.2171e+02	4.2920e+02	2.7883e+02	1.5264e+02	6.6969e+01	2.7541e+01	2.0436e+01	1.3947e+01	8.7089e+00	4.6552e+00
1.5206e+01	6.2367e+02	4.3040e+02	2.8059e+02	1.5327e+02	6.7347e+01	2.7756e+01	2.0546e+01	1.4072e+01	8.7387e+00	4.6783e+00
1.5268e+01	6.2496e+02	4.3408e+02	2.8169e+02	1.5435e+02	6.7623e+01	2.7846e+01	2.0698e+01	1.4095e+01	8.7861e+00	4.6893e+00
1.5331e+01	6.3054e+02	4.3523e+02	2.8335e+02	1.5458e+02	6.7905e+01	2.7969e+01	2.0793e+01	1.4228e+01	8.8345e+00	4.7327e+00
1.5394e+01	6.3038e+02	4.3609e+02	2.8420e+02	1.5503e+02	6.8287e+01	2.8179e+01	2.0975e+01	1.4278e+01	8.9085e+00	4.7694e+00
1.5457e+01	6.3422e+02	4.3803e+02	2.8545e+02	1.5549e+02	6.8600e+01	2.8340e+01	2.1044e+01	1.4357e+01	8.9487e+00	4.7997e+00
1.5520e+01	6.3486e+02	4.4058e+02	2.8616e+02	1.5588e+02	6.8796e+01	2.8574e+01	2.1189e+01	1.4449e+01	9.0132e+00	4.8249e+00
1.5582e+01	6.3538e+02	4.4130e+02	2.8703e+02	1.5752e+02	6.9036e+01	2.8662e+01	2.1283e+01	1.4535e+01	9.0585e+00	4.8476e+00
1.5645e+01	6.3978e+02	4.4323e+02	2.8832e+02	1.5803e+02	6.9638e+01	2.8808e+01	2.1405e+01	1.4623e+01	9.0884e+00	4.8824e+00
1.5708e+01	6.4303e+02	4.4523e+02	2.8987e+02	1.5877e+02	6.9806e+01	2.8954e+01	2.1561e+01	1.4676e+01	9.1508e+00	4.9105e+00
1.5771e+01	6.4656e+02	4.4655e+02	2.9039e+02	1.5928e+02	6.9997e+01	2.9133e+01	2.1653e+01	1.4774e+01	9.1928e+00	4.9288e+00
1.5834e+01	6.4879e+02	4.4815e+02	2.9152e+02	1.6042e+02	7.0538e+01	2.9295e+01	2.1723e+01	1.4836e+01	9.2480e+00	4.9618e+00
1.5897e+01	6.4845e+02	4.5128e+02	2.9279e+02	1.6025e+02	7.0581e+01	2.9512e+01	2.1896e+01	1.4979e+01	9.3204e+00	4.9943e+00
1.5960e+01	6.5240e+02	4.5113e+02	2.9365e+02	1.6114e+02	7.0951e+01	2.9648e+01	2.2018e+01	1.5011e+01	9.3518e+00	5.0408e+00
1.6022e+01	6.5393e+02	4.5277e+02	2.9593e+02	1.6264e+02	7.1267e+01	2.9884e+01	2.2143e+01	1.5091e+01	9.4343e+00	5.0433e+00
1.6085e+01	6.5627e+02	4.5381e+02	2.9691e+02	1.6320e+02	7.1660e+01	2.9930e+01	2.2275e+01	1.5174e+01	9.4643e+00	5.0856e+00
1.6148e+01	6.5974e+02	4.5628e+02	2.9703e+02	1.6350e+02	7.2093e+01	3.0098e+01	2.2362e+01	1.5295e+01	9.5080e+00	5.1132e+00
1.6211e+01	6.5976e+02	4.5843e+02	2.9882e+02	1.6458e+02	7.2334e+01	3.0229e+01	2.2452e+01	1.5429e+01	9.5905e+00	5.1421e+00
1.6274e+01	6.6280e+02	4.5830e+02	2.9987e+02	1.6496e+02	7.2723e+01	3.0445e+01	2.2633e+01	1.5450e+01	9.6451e+00	5.1733e+00
1.6336e+01	6.6571e+02	4.6093e+02	3.0229e+02	1.6587e+02	7.3164e+01	3.0547e+01	2.2672e+01	1.5518e+01	9.6910e+00	5.1844e+00
1.6399e+01	6.6857e+02	4.6330e+02	3.0246e+02	1.6612e+02	7.3369e+01	3.0728e+01	2.2842e+01	1.5634e+01	9.7338e+00	5.2261e+00
1.6462e+01	6.6963e+02	4.6276e+02	3.0453e+02	1.6697e+02	7.3679e+01	3.0915e+01	2.2894e+01	1.5707e+01	9.8009e+00	5.2537e+00
1.6525e+01	6.7130e+02	4.6554e+02	3.0492e+02	1.6746e+02	7.3970e+01	3.1019e+01	2.3111e+01	1.5843e+01	9.8720e+00	5.2843e+00
1.6588e+01	6.7389e+02	4.6934e+02	3.0623e+02	1.6847e+02	7.4500e+01	3.1220e+01	2.3153e+01	1.5902e+01	9.9180e+00	5.3103e+00
1.6651e+01	6.7491e+02	4.6923e+02	3.0661e+02	1.6887e+02	7.4544e+01	3.1225e+01	2.3296e+01	1.5990e+01	9.9607e+00	5.3415e+00
1.6714e+01	6.7902e+02	4.7171e+02	3.0857e+02	1.6944e+02	7.4945e+01	3.1528e+01	2.3448e+01	1.6043e+01	9.9747e+00	5.3765e+00
1.6776e+01	6.7992e+02	4.7249e+02	3.0915e+02	1.7074e+02	7.5185e+01	3.1617e+01	2.3580e+01	1.6178e+01	1.0078e+01	5.4044e+00
1.6839e+01	6.8298e+02	4.7326e+02	3.0980e+02	1.7137e+02	7.5563e+01	3.1841e+01	2.3594e+01	1.6238e+01	1.0135e+01	5.4282e+00
1.6902e+01	6.8448e+02	4.7607e+02	3.1158e+02	1.7193e+02	7.6201e+01	3.1977e+01	2.3810e+01	1.6341e+01	1.0159e+01	5.4571e+00
1.6965e+01	6.8680e+02	4.7635e+02	3.1282e+02	1.7174e+02	7.6458e+01	3.2190e+01	2.3914e+01	1.6397e+01	1.0251e+01	5.4825e+00
1.7028e+01	6.9201e+02	4.7791e+02	3.1382e+02	1.7278e+02	7.6695e+01	3.2186e+01	2.3981e+01	1.6480e+01	1.0274e+01	5.5110e+00
1.7090e+01	6.9208e+02	4.8072e+02	3.1494e+02	1.7404e+02	7.7138e+01	3.2411e+01	2.4114e+01	1.6562e+01	1.0326e+01	5.5477e+00
1.7153e+01	6.9441e+02	4.8195e+02	3.1635e+02	1.7424e+02	7.7419e+01	3.2577e+01	2.4156e+01	1.6650e+01	1.0392e+01	5.5653e+00
1.7216e+01	6.9866e+02	4.8265e+02	3.1627e+02	1.7548e+02	7.7733e+01	3.2709e+01	2.4389e+01	1.6758e+01	1.0417e+01	5.6047e+00
1.7279e+01	7.0097e+02	4.8479e+02	3.1871e+02	1.7630e+02	7.8041e+01	3.2895e+01	2.4488e+01	1.6818e+01	1.0499e+01	5.6428e+00
1.7342e+01	7.0164e+02	4.8589e+02	3.1944e+02	1.7657e+02	7.8370e+01	3.3056e+01	2.4598e+01	1.6919e+01	1.0576e+01	5.6703e+00
1.7405e+01	7.0208e+02	4.8859e+02	3.2066e+02	1.7779e+02	7.8550e+01	3.3187e+01	2.4715e+01	1.6983e+01	1.0610e+01	5.7064e+00
1.7468e+01	7.0755e+02	4.8971e+02	3.2162e+02	1.7854e+02	7.9070e+01	3.3387e+01	2.4918e+01	1.7066e+01	1.0675e+01	5.7199e+00
1.7530e+01	7.0664e+02	4.8971e+02	3.2311e+02	1.7931e+02	7.9253e+01	3.3516e+01	2.4945e+01	1.7179e+01	1.0728e+01	5.7517e+00
1.7593e+01	7.1286e+02	4.9239e+02	3.2491e+02	1.7956e+02	7.9639e+01	3.3778e+01	2.5056e+01	1.7270e+01	1.0786e+01	5.7811e+00
1.7656e+01	7.1437e+02	4.9448e+02	3.2516e+02	1.7997e+02	8.0025e+01	3.3873e+01	2.5240e+01	1.7359e+01	1.0837e+01	5.8042e+00
1.7719e+01	7.1561e+02	4.9584e+02	3.2691e+02	1.8086e+02	8.0431e+01	3.3940e+01	2.5331e+01	1.7466e+01	1.0909e+01	5.8305e+00
1.7782e+01	7.1930e+02	4.9699e+02	3.2755e+02	1.8150e+02	8.0685e+01	3.4164e+01	2.5493e+01	1.7522e+01	1.0928e+01	5.8735e+00
1.7845e+01	7.2220e+02	4.9870e+02	3.2778e+02	1.8254e+02	8.1046e+01	3.4342e+01	2.5516e+01	1.7620e+01	1.1007e+01	5.8880e+00
1.7907e+01	7.2280e+02	5.0023e+02	3.2930e+02	1.8299e+02	8.1514e+01	3.4456e+01	2.5758e+01	1.7705e+01	1.1048e+01	5.9236e+00
1.7970e+01	7.2528e+02	5.0194e+02	3.2926e+02	1.8429e+02	8.1687e+01	3.4641e+01	2.5828e+01	1.7725e+01	1.1131e+01	5.9673e+00
1.8033e+01	7.2784e+02	5.0426e+02	3.3082e+02	1.8476e+02	8.2165e+01	3.4785e+01	2.5983e+01	1.7844e+01	1.1212e+01	5.9743e+00
1.8096e+01	7.2922e+02	5.0529e+02	3.3267e+02	1.8550e+02	8.2231e+01	3.4967e+01	2.6141e+01	1.7903e+01	1.1224e+01	6.0121e+00
1.8159e+01	7.3268e+02	5.0693e+02	3.3285e+02	1.8595e+02	8.2555e+01	3.5270e+01	2.6217e+01	1.8050e+01	1.1281e+01	6.0327e+00
1.8221e+01	7.3521e+02	5.0878e+02	3.3451e+02	1.8633e+02	8.2984e+01	3.5302e+01	2.6395e+01	1.8130e+01	1.1320e+01	6.0519e+00
1.8284e+01	7.3787e+02	5.1092e+02	3.3647e+02	1.8779e+02	8.3349e+01	3.5489e+01	2.6495e+01	1.8164e+01	1.1390e+01	6.0846e+00
1.8347e+01	7.3806e+02	5.1247e+02	3.3692e+02	1.8748e+02	8.3708e+01	3.5562e+01	2.6558e+01	1.8283e+01	1.1443e+01	6.1143e+00
1.8410e+01	7.4071e+02	5.1329e+02	3.3807e+02	1.8841e+02	8.4089e+01	3.5800e+01	2.6674e+01	1.8343e+01	1.1500e+01	6.1669e+00
1.8473e+01	7.4418e+02	5.1569e+02	3.4052e+02	1.8953e+02	8.4271e+01	3.6020e+01	2.6844e+01	1.8426e+01	1.1530e+01	6.1632e+00
1.8536e+01	7.4876e+02	5.1836e+02	3.4142e+02	1.9057e+02	8.4653e+01	3.6151e+01	2.6930e+01	1.8515e+01	1.1586e+01	6.1944e+00
1.8598e+01	7.4948e+02	5.1934e+02	3.4148e+02	1.9034e+02	8.4943e+01	3.6245e+01	2.7059e+01	1.8622e+01	1.1665e+01	6.2476e+00
1.8661e+01	7.5041e+02	5.2015e+02	3.4368e+02	1.9137e+02	8.5502e+01	3.6482e+01	2.7185e+01	1.8717e+01	1.1685e+01	6.2558e+00
1.8724e+01	7.5338e+02	5.2279e+02	3.4473e+02	1.9271e+02	8.5814e+01	3.6599e+01	2.7246e+01	1.8779e+01	1.1764e+01	6.2892e+00
1.8787e+01	7.5499e+02	5.2473e+02	3.4591e+02	1.9274e+02	8.5976e+01	3.6760e+01	2.7456e+01	1.8862e+01	1.1860e+01	6.3310e+00
1.8850e+01	7.5670e+02	5.2555e+02	3.4739e+02	1.9378e+02	8.6350e+01	3.6905e+01	2.7547e+01	1.8955e+01	1.1866e+01	6.3609e+00
1.8913e+01	7.5809e+02	5.2685e+02	3.4799e+02	1.9442e+02	8.6821e+01	3.7141e+01	2.7642e+01	1.9041e+01	1.1952e+01	6.3873e+00
1.8975e+01	7.6270e+02	5.2956e+02	3.4842e+02	1.9550e+02	8.7084e+01	3.7389e+01	2.7715e+01	1.9095e+01	1.2014e+01	6.4238e+00
1.9038e+01	7.6468e+02	5.3135e+02	3.5041e+02	1.9610e+02	8.7471e+01	3.7308e+01	2.7866e+01	1.9185e+01	1.2085e+01	6.4512e+00
1.9101e+01	7.6680e+02	5.3480e+02	3.5169e+02	1.9654e+02	8.7617e+01	3.7447e+01	2.7989e+01	1.9300e+01	1.2117e+01	6.4750e+00
1.9164e+01	7.6991e+02	5.3586e+02	3.5216e+02	1.9719e+02	8.7948e+01	3.7583e+01	2.8115e+01	1.9353e+01	1.2162e+01	6.5135e+00
1.9227e+01	7.7083e+02	5.3621e+02	3.5420e+02	1.9815e+02	8.8349e+01	3.7854e+01	2.8249e+01	1.9463e+01	1.2256e+01	6.5469e+00
1.9290e+01	7.7340e+02	5.3845e+02	3.5452e+02	1.9877e+02	8.8670e+01	3.8058e+01	2.8389e+01	1.9562e+01	1.2278e+01	6.5610e+00
1.9352e+01	7.7543e+02	5.4005e+02	3.5535e+02	1.9948e+02	8.9046e+01	3.8182e+01	2.8429e+01	1.9651e+01	1.2346e+01	6.5917e+00
1.9415e+01	7.7743e+02	5.4354e+02	3.5683e+02	2.0024e+02	8.9474e+01	3.8282e+01	2.8613e+01	1.9707e+01	1.2408e+01	6.6223e+00
1.9478e+01	7.8082e+02	5.4416e+02	3.5671e+02	2.0056e+02	8.9650e+01	3.8507e+01	2.8770e+01	1.9789e+01	1.2448e+01	6.6548e+00
1.9541e+01	7.8286e+02	5.4651e+02	3.5823e+02	2.0221e+02	9.0045e+01	3.8627e+01	2.8878e+01	1.9946e+01	1.2527e+01	6.6686e+00
1.9604e+01	7.8437e+02	5.4901e+02	3.5941e+02	2.0259e+02	9.0402e+01	3.8861e+01	2.8991e+01	2.0011e+01	1.2573e+01	6.7269e+00
1.9666e+01	7.8643e+02	5.4973e+02	3.6052e+02	2.0312e+02	9.0742e+01	3.8842e+01	2.9100e+01	2.0110e+01	1.2659e+01	6.7338e+00
1.9729e+01	7.8863e+02	5.5106e+02	3.6196e+02	2.0368e+02	9.1069e+01	3.9118e+01	2.9290e+01	2.0129e+01	1.2716e+01	6.7749e+00
1.9792e+01	7.9059e+02	5.5208e+02	3.6324e+02	2.0476e+02	9.1346e+01	3.9293e+01	2.9339e+01	2.0273e+01	1.2735e+01	6.7972e+00
1.9855e+01	7.9516e+02	5.5451e+02	3.6444e+02	2.0572e+02	9.2155e+01	3.9402e+01	2.9514e+01	2.0312e+01	1.2811e+01	6.8432e+00
1.9918e+01	7.9691e+02	5.5593e+02	3.6552e+02	2.0616e+02	9.2109e+01	3.9654e+01	2.9585e+01	2.0372e+01	1.2833e+01	6.8727e+00
1.9981e+01	7.9786e+02	5.5754e+02	3.6585e+02	2.0652e+02	9.2460e+01	3.9838e+01	2.9804e+01	2.0548e+01	1.2897e+01	6.8864e+00
2.0043e+01	8.0092e+02	5.5990e+02	3.6808e+02	2.0762e+02	9.2945e+01	4.0030e+01	2.9850e+01	2.0588e+01	1.2931e+01	6.9187e+00
2.0106e+01	8.0167e+02	5.6095e+02	3.7015e+02	2.0901e+02	9.3167e+01	4.0134e+01	3.0041e+01	2.0693e+01	1.3013e+01	6.9509e+00
2.0169e+01	8.0561e+02	5.6210e+02	3.7028e+02	2.0897e+02	9.3445e+01	4.0377e+01	3.0111e+01	2.0805e+01	1.3085e+01	6.9788e+00
2.0232e+01	8.0662e+02	5.6346e+02	3.7083e+02	2.0996e+02	9.3743e+01	4.0480e+01	3.0238e+01	2.0861e+01	1.3145e+01	7.0087e+00
2.0295e+01	8.0875e+02	5.6695e+02	3.7279e+02	2.1047e+02	9.4142e+01	4.0607e+01	3.0349e+01	2.0973e+01	1.3193e+01	7.0402e+00
2.0358e+01	8.1121e+02	5.6970e+02	3.7321e+02	2.1135e+02	9.4733e+01	4.0776e+01	3.0505e+01	2.1013e+01	1.3225e+01	7.0588e+00
2.0421e+01	8.1311e+02	5.6983e+02	3.7414e+02	2.1207e+02	9.4962e+01	4.1040e+01	3.0596e+01	2.1094e+01	1.3262e+01	7.0837e+00
2.0483e+01	8.1316e+02	5.7144e+02	3.7610e+02	2.1288e+02	9.5205e+01	4.1027e+01	3.0807e+01	2.1198e+01	1.3356e+01	7.1235e+00
2.0546e+01	8.1807e+02	5.7196e+02	3.7714e+02	2.1367e+02	9.5642e+01	4.1125e+01	3.0864e+01	2.1313e+01	1.3402e+01	7.1525e+00
2.0609e+01	8.2037e+02	5.7619e+02	3.7837e+02	2.1438e+02	9.6016e+01	4.1380e+01	3.0929e+01	2.1349e+01	1.3442e+01	7.1771e+00
2.0672e+01	8.2267e+02	5.7716e+02	3.8020e+02	2.1540e+02	9.6320e+01	4.1546e+01	3.1088e+01	2.1459e+01	1.3524e+01	7.2185e+00
2.0735e+01	8.2459e+02	5.7727e+02	3.8071e+02	2.1567e+02	9.6732e+01	4.1673e+01	3.1188e+01	2.1538e+01	1.3577e+01	7.2423e+00
2.0798e+01	8.2639e+02	5.7859e+02	3.8146e+02	2.1658e+02	9.6958e+01	4.1816e+01	3.1440e+01	2.1695e+01	1.3627e+01	7.2674e+00
2.0860e+01	8.2953e+02	5.8194e+02	3.8258e+02	2.1727e+02	9.7347e+01	4.2048e+01	3.1492e+01	2.1727e+01	1.3689e+01	7.2841e+00
2.0923e+01	8.3306e+02	5.8272e+02	3.8383e+02	2.1813e+02	9.7767e+01	4.2161e+01	3.1620e+01	2.1843e+01	1.3724e+01	7.3146e+00
2.0986e+01	8.3414e+02	5.8509e+02	3.8516e+02	2.1898e+02	9.8003e+01	4.2299e+01	3.1718e+01	2.1896e+01	1.3769e+01	7.3511e+00
2.1049e+01	8.3710e+02	5.8635e+02	3.8648e+02	2.1992e+02	9.8389e+01	4.2493e+01	3.1843e+01	2.2006e+01	1.3848e+01	7.3796e+00
2.1111e+01	8.3901e+02	5.8804e+02	3.8769e+02	2.2042e+02	9.8769e+01	4.2730e+01	3.1889e+01	2.2090e+01	1.3914e+01	7.4007e+00
2.1174e+01	8.4094e+02	5.8983e+02	3.8860e+02	2.2131e+02	9.8995e+01	4.2831e+01	3.2120e+01	2.2134e+01	1.3936e+01	7.4471e+00
2.1237e+01	8.4221e+02	5.9123e+02	3.9004e+02	2.2166e+02	9.9163e+01	4.3018e+01	3.2185e+01	2.2263e+01	1.4011e+01	7.4714e+00
2.1300e+01	8.4678e+02	5.9269e+02	3.9183e+02	2.2219e+02	9.9837e+01	4.3118e+01	3.2258e+01	2.2290e+01	1.4064e+01	7.5043e+00
2.1363e+01	8.4692e+02	5.9329e+02	3.9348e+02	2.2309e+02	9.9972e+01	4.3338e+01	3.2460e+01	2.2398e+01	1.4113e+01	7.5220e+00
2.1426e+01	8.5019e+02	5.9597e+02	3.9435e+02	2.2399e+02	1.0046e+02	4.3500e+01	3.2560e+01	2.2446e+01	1.4186e+01	7.5573e+00
2.1489e+01	8.5271e+02	5.9840e+02	3.9622e+02	2.2487e+02	1.0070e+02	4.3733e+01	3.2738e+01	2.2604e+01	1.4261e+01	7.5969e+00
2.1552e+01	8.5322e+02	6.0084e+02	3.9650e+02	2.2546e+02	1.0125e+02	4.3736e+01	3.2805e+01	2.2680e+01	1.4292e+01	7.6239e+00
2.1614e+01	8.5686e+02	6.0071e+02	3.9780e+02	2.2570e+02	1.0172e+02	4.3923e+01	3.2923e+01	2.2739e+01	1.4332e+01	7.6409e+00
2.1677e+01	8.6025e+02	6.0341e+02	3.9921e+02	2.2698e+02	1.0189e+02	4.4133e+01	3.3047e+01	2.2774e+01	1.4367e+01	7.6742e+00
2.1740e+01	8.6387e+02	6.0339e+02	4.0012e+02	2.2758e+02	1.0234e+02	4.4193e+01	3.3169e+01	2.2901e+01	1.4482e+01	7.6832e+00
2.1803e+01	8.6460e+02	6.0490e+02	4.0157e+02	2.2869e+02	1.0274e+02	4.4416e+01	3.3260e+01	2.3016e+01	1.4531e+01	7.7501e+00
2.1866e+01	8.6807e+02	6.0747e+02	4.0240e+02	2.2914e+02	1.0307e+02	4.4615e+01	3.3463e+01	2.3068e+01	1.4578e+01	7.7657e+00
2.1928e+01	8.6882e+02	6.0910e+02	4.0340e+02	2.3035e+02	1.0319e+02	4.4747e+01	3.3534e+01	2.3177e+01	1.4623e+01	7.8202e+00
2.1991e+01	8.7212e+02	6.1145e+02	4.0496e+02	2.3000e+02	1.0358e+02	4.4932e+01	3.3637e+01	2.3263e+01	1.4727e+01	7.8356e+00
2.2054e+01	8.7323e+02	6.1377e+02	4.0614e+02	2.3157e+02	1.0370e+02	4.5042e+01	3.3803e+01	2.3290e+01	1.4734e+01	7.8562e+00
2.2117e+01	8.7605e+02	6.1525e+02	4.0813e+02	2.3196e+02	1.0440e+02	4.5217e+01	3.3877e+01	2.3434e+01	1.4790e+01	7.8705e+00
2.2180e+01	8.7688e+02	6.1680e+02	4.0868e+02	2.3304e+02	1.0461e+02	4.5351e+01	3.4004e+01	2.3532e+01	1.4874e+01	7.9100e+00
2.2243e+01	8.7938e+02	6.1876e+02	4.0994e+02	2.3412e+02	1.0478e+02	4.5437e+01	3.4155e+01	2.3589e+01	1.4927e+01	7.9517e+00
2.2305e+01	8.8176e+02	6.1931e+02	4.1099e+02	2.3425e+02	1.0565e+02	4.5638e+01	3.4273e+01	2.3685e+01	1.4978e+01	7.9622e+00
2.2368e+01	8.8298e+02	6.2193e+02	4.1170e+02	2.3487e+02	1.0574e+02	4.5800e+01	3.4375e+01	2.3785e+01	1.5005e+01	8.0147e+00
2.2431e+01	8.8856e+02	6.2379e+02	4.1368e+02	2.3618e+02	1.0620e+02	4.6009e+01	3.4460e+01	2.3877e+01	1.5074e+01	8.0178e+00
2.2494e+01	8.9048e+02	6.2511e+02	4.1462e+02	2.3736e+02	1.0652e+02	4.6115e+01	3.4616e+01	2.3892e+01	1.5125e+01	8.0739e+00
2.2557e+01	8.9193e+02	6.2693e+02	4.1591e+02	2.3748e+02	1.0690e+02	4.6392e+01	3.4768e+01	2.4035e+01	1.5194e+01	8.0927e+00
2.2619e+01	8.9428e+02	6.3013e+02	4.1649e+02	2.3755e+02	1.0722e+02	4.6609e+01	3.4884e+01	2.4128e+01	1.5203e+01	8.1319e+00
2.2682e+01	8.9789e+02	6.2953e+02	4.1779e+02	2.3885e+02	1.0761e+02	4.6662e+01	3.5045e+01	2.4177e+01	1.5263e+01	8.1599e+00
2.2745e+01	9.0006e+02	6.3156e+02	4.1874e+02	2.3953e+02	1.0789e+02	4.6882e+01	3.5185e+01	2.4319e+01	1.5324e+01	8.1760e+00
2.2808e+01	9.0363e+02	6.3286e+02	4.2017e+02	2.4031e+02	1.0800e+02	4.7024e+01	3.5355e+01	2.4379e+01	1.5382e+01	8.2193e+00
2.2871e+01	9.0596e+02	6.3607e+02	4.2153e+02	2.4076e+02	1.0844e+02	4.7256e+01	3.5425e+01	2.4497e+01	1.5444e+01	8.2365e+00
2.2934e+01	9.0650e+02	6.3773e+02	4.2325e+02	2.4164e+02	1.0894e+02	4.7415e+01	3.5513e+01	2.4520e+01	1.5494e+01	8.2651e+00
2.2997e+01	9.1063e+02	6.3869e+02	4.2405e+02	2.4273e+02	1.0904e+02	4.7469e+01	3.5659e+01	2.4647e+01	1.5550e+01	8.3094e+00
2.3059e+01	9.1309e+02	6.3932e+02	4.2561e+02	2.4324e+02	1.0958e+02	4.7656e+01	3.5816e+01	2.4713e+01	1.5581e+01	8.3453e+00
2.3122e+01	9.1524e+02	6.4228e+02	4.2675e+02	2.4388e+02	1.1005e+02	4.7833e+01	3.5897e+01	2.4782e+01	1.5697e+01	8.3694e+00
2.3185e+01	9.1685e+02	6.4396e+02	4.2766e+02	2.4445e+02	1.1042e+02	4.7934e+01	3.5918e+01	2.4871e+01	1.5715e+01	8.3789e+00
2.3248e+01	9.1909e+02	6.4612e+02	4.3056e+02	2.4544e+02	1.1064e+02	4.8139e+01	3.6194e+01	2.5016e+01	1.5777e+01	8.4265e+00
2.3311e+01	9.2194e+02	6.4759e+02	4.3006e+02	2.4604e+02	1.1102e+02	4.8352e+01	3.6281e+01	2.5108e+01	1.5849e+01	8.4678e+00
2.3374e+01	9.2497e+02	6.4945e+02	4.3227e+02	2.4676e+02	1.1139e+02	4.8528e+01	3.6359e+01	2.5166e+01	1.5883e+01	8.4786e+00
2.3436e+01	9.2972e+02	6.5105e+02	4.3359e+02	2.4754e+02	1.1169e+02	4.8723e+01	3.6535e+01	2.5271e+01	1.5928e+01	8.5175e+00
2.3499e+01	9.2845e+02	6.5456e+02	4.3419e+02	2.4802e+02	1.1207e+02	4.8911e+01	3.6649e+01	2.5318e+01	1.5989e+01	8.5477e+00
2.3562e+01	9.3417e+02	6.5445e+02	4.3626e+02	2.4886e+02	1.1241e+02	4.8979e+01	3.6724e+01	2.5353e+01	1.6044e+01	8.5794e+00
2.3625e+01	9.3658e+02	6.5569e+02	4.3701e+02	2.5007e+02	1.1251e+02	4.9249e+01	3.6865e+01	2.5511e+01	1.6124e+01	8.6003e+00
2.3688e+01	9.3850e+02	6.5810e+02	4.3754e+02	2.5007e+02	1.1310e+02	4.9392e+01	3.6988e+01	2.5564e+01	1.6163e+01	8.6500e+00
2.3751e+01	9.4101e+02	6.5977e+02	4.3981e+02	2.5177e+02	1.1345e+02	4.9561e+01	3.7100e+01	2.5657e+01	1.6223e+01	8.6745e+00
2.3814e+01	9.4203e+02	6.6200e+02	4.4026e+02	2.5205e+02	1.1379e+02	4.9638e+01	3.7231e+01	2.5784e+01	1.6270e+01	8.7080e+00
2.3876e+01	9.4578e+02	6.6415e+02	4.4209e+02	2.5304e+02	1.1411e+02	4.9751e+01	3.7336e+01	2.5831e+01	1.6320e+01	8.7295e+00
2.3939e+01	9.4782e+02	6.6507e+02	4.4356e+02	2.5368e+02	1.1463e+02	4.9987e+01	3.7506e+01	2.5926e+01	1.6382e+01	8.7509e+00
2.4002e+01	9.5045e+02	6.6680e+02	4.4457e+02	2.5447e+02	1.1476e+02	5.0175e+01	3.7583e+01	2.6015e+01	1.6447e+01	8.7885e+00
2.4065e+01	9.5314e+02	6.6945e+02	4.4570e+02	2.5547e+02	1.1540e+02	5.0332e+01	3.7681e+01	2.6132e+01	1.6483e+01	8.8076e+00
2.4127e+01	9.5423e+02	6.6940e+02	4.4648e+02	2.5636e+02	1.1589e+02	5.0468e+01	3.7875e+01	2.6239e+01	1.6544e+01	8.8119e+00
2.4190e+01	9.5688e+02	6.7206e+02	4.4815e+02	2.5668e+02	1.1580e+02	5.0711e+01	3.8024e+01	2.6342e+01	1.6607e+01	8.8699e+00
2.4253e+01	9.6028e+02	6.7340e+02	4.4973e+02	2.5761e+02	1.1619e+02	5.0748e+01	3.8152e+01	2.6355e+01	1.6655e+01	8.8675e+00
2.4316e+01	9.6230e+02	6.7504e+02	4.5009e+02	2.5811e+02	1.1671e+02	5.0931e+01	3.8186e+01	2.6472e+01	1.6710e+01	8.9304e+00
2.4379e+01	9.6554e+02	6.7840e+02	4.5176e+02	2.5863e+02	1.1731e+02	5.1111e+01	3.8366e+01	2.6599e+01	1.6748e+01	8.9567e+00
2.4442e+01	9.6822e+02	6.8044e+02	4.5280e+02	2.5927e+02	1.1737e+02	5.1323e+01	3.8456e+01	2.6670e+01	1.6790e+01	8.9796e+00
2.4505e+01	9.6966e+02	6.8146e+02	4.5386e+02	2.6053e+02	1.1771e+02	5.1475e+01	3.8573e+01	2.6735e+01	1.6879e+01	9.0021e+00
2.4567e+01	9.7284e+02	6.8434e+02	4.5478e+02	2.6088e+02	1.1808e+02	5.1537e+01	3.8645e+01	2.6783e+01	1.6913e+01	9.0318e+00
2.4630e+01	9.7704e+02	6.8455e+02	4.5683e+02	2.6201e+02	1.1856e+02	5.1684e+01	3.8749e+01	2.6883e+01	1.6967e+01	9.0600e+00
2.4693e+01	9.8009e+02	6.8704e+02	4.5754e+02	2.6311e+02	1.1899e+02	5.1799e+01	3.8899e+01	2.7022e+01	1.6994e+01	9.1224e+00
2.4756e+01	9.8094e+02	6.8882e+02	4.5797e+02	2.6337e+02	1.1917e+02	5.1978e+01	3.9104e+01	2.7021e+01	1.7117e+01	9.1195e+00
2.4819e+01	9.8539e+02	6.9050e+02	4.6072e+02	2.6440e+02	1.1975e+02	5.2188e+01	3.9287e+01	2.7141e+01	1.7145e+01	9.1544e+00
2.4881e+01	9.8645e+02	6.9164e+02	4.6133e+02	2.6523e+02	1.2009e+02	5.2487e+01	3.9348e+01	2.7257e+01	1.7205e+01	9.1762e+00
2.4944e+01	9.9050e+02	6.9404e+02	4.6240e+02	2.6656e+02	1.2036e+02	5.2494e+01	3.9366e+01	2.7306e+01	1.7238e+01	9.2048e+00
2.5007e+01	9.9136e+02	6.9591e+02	4.6453e+02	2.6666e+02	1.2058e+02	5.2883e+01	3.9450e+01	2.7484e+01	1.7286e+01	9.2458e+00
2.5070e+01	9.9414e+02	6.9676e+02	4.6553e+02	2.6735e+02	1.2125e+02	5.3091e+01	3.9718e+01	2.7505e+01	1.7368e+01	9.2576e+00
2.5133e+01	9.9571e+02	6.9998e+02	4.6656e+02	2.6832e+02	1.2150e+02	5.3087e+01	3.9771e+01	2.7587e+01	1.7381e+01	9.3035e+00
2.5196e+01	9.9968e+02	7.0140e+02	4.6922e+02	2.6907e+02	1.2171e+02	5.3220e+01	3.9985e+01	2.7672e+01	1.7454e+01	9.3020e+00
2.5259e+01	1.0021e+03	7.0334e+02	4.6902e+02	2.6990e+02	1.2205e+02	5.3563e+01	4.0015e+01	2.7742e+01	1.7514e+01	9.3472e+00
2.5321e+01	1.0030e+03	7.0395e+02	4.7036e+02	2.7025e+02	1.2270e+02	5.3653e+01	4.0202e+01	2.7837e+01	1.7592e+01	9.3663e+00
2.5384e+01	1.0072e+03	7.0706e+02	4.7197e+02	2.7080e+02	1.2278e+02	5.3735e+01	4.0290e+01	2.7896e+01	1.7611e+01	9.4025e+00
2.5447e+01	1.0086e+03	7.0790e+02	4.7385e+02	2.7178e+02	1.2299e+02	5.3902e+01	4.0426e+01	2.7968e+01	1.7692e+01	9.4531e+00
2.5510e+01	1.0123e+03	7.1110e+02	4.7452e+02	2.7300e+02	1.2369e+02	5.4095e+01	4.0610e+01	2.8086e+01	1.7733e+01	9.4740e+00
2.5573e+01	1.0132e+03	7.1168e+02	4.7577e+02	2.7342e+02	1.2402e+02	5.4361e+01	4.0699e+01	2.8172e+01	1.7801e+01	9.5047e+00
2.5636e+01	1.0163e+03	7.1333e+02	4.7699e+02	2.7462e+02	1.2418e+02	5.4501e+01	4.0736e+01	2.8239e+01	1.7852e+01	9.5179e+00
2.5698e+01	1.0175e+03	7.1530e+02	4.7833e+02	2.7520e+02	1.2488e+02	5.4664e+01	4.0938e+01	2.8318e+01	1.7915e+01	9.5548e+00
2.5761e+01	1.0218e+03	7.1830e+02	4.7930e+02	2.7598e+02	1.2502e+02	5.4802e+01	4.1030e+01	2.8421e+01	1.7936e+01	9.5528e+00
2.5824e+01	1.0246e+03	7.1816e+02	4.7986e+02	2.7720e+02	1.2563e+02	5.5059e+01	4.1165e+01	2.8530e+01	1.7993e+01	9.6030e+00
2.5887e+01	1.0260e+03	7.2009e+02	4.8179e+02	2.7739e+02	1.2588e+02	5.5221e+01	4.1306e+01	2.8638e+01	1.8037e+01	9.6234e+00
2.5950e+01	1.0279e+03	7.2289e+02	4.8342e+02	2.7872e+02	1.2636e+02	5.5251e+01	4.1367e+01	2.8677e+01	1.8138e+01	9.6726e+00
2.6012e+01	1.0309e+03	7.2470e+02	4.8415e+02	2.7902e+02	1.2653e+02	5.5467e+01	4.1561e+01	2.8823e+01	1.8176e+01	9.7039e+00
2.6075e+01	1.0329e+03	7.2666e+02	4.8576e+02	2.7968e+02	1.2664e+02	5.5645e+01	4.1697e+01	2.8924e+01	1.8229e+01	9.7440e+00
2.6138e+01	1.0347e+03	7.2899e+02	4.8663e+02	2.8058e+02	1.2750e+02	5.5856e+01	4.1787e+01	2.8987e+01	1.8273e+01	9.7588e+00
2.6201e+01	1.0367e+03	7.3063e+02	4.8791e+02	2.8129e+02	1.2784e+02	5.5907e+01	4.1909e+01	2.9067e+01	1.8332e+01	9.7951e+00
2.6264e+01	1.0398e+03	7.3152e+02	4.8982e+02	2.8250e+02	1.2830e+02	5.6113e+01	4.2024e+01	2.9164e+01	1.8389e+01	9.8425e+00
2.6327e+01	1.0427e+03	7.3286e+02	4.9127e+02	2.8326e+02	1.2856e+02	5.6230e+01	4.2175e+01	2.9245e+01	1.8454e+01	9.8378e+00
2.6389e+01	1.0433e+03	7.3504e+02	4.9232e+02	2.8420e+02	1.2879e+02	5.6445e+01	4.2236e+01	2.9330e+01	1.8488e+01	9.8842e+00
2.6452e+01	1.0487e+03	7.3592e+02	4.9304e+02	2.8509e+02	1.2936e+02	5.6529e+01	4.2468e+01	2.9335e+01	1.8555e+01	9.9128e+00
2.6515e+01	1.0508e+03	7.3888e+02	4.9489e+02	2.8604e+02	1.2971e+02	5.6757e+01	4.2600e+01	2.9524e+01	1.8627e+01	9.9373e+00
2.6578e+01	1.0540e+03	7.4014e+02	4.9609e+02	2.8729e+02	1.2994e+02	5.6892e+01	4.2655e+01	2.9565e+01	1.8655e+01	9.9729e+00
2.6641e+01	1.0556e+03	7.4181e+02	4.9695e+02	2.8749e+02	1.3042e+02	5.7218e+01	4.2773e+01	2.9620e+01	1.8711e+01	9.9934e+00
2.6704e+01	1.0556e+03	7.4345e+02	4.9800e+02	2.8838e+02	1.3066e+02	5.7360e+01	4.2905e+01	2.9743e+01	1.8797e+01	1.0012e+01
2.6767e+01	1.0581e+03	7.4397e+02	4.9951e+02	2.8913e+02	1.3105e+02	5.7445e+01	4.2993e+01	2.9846e+01	1.8826e+01	1.0044e+01
2.6829e+01	1.0611e+03	7.4629e+02	5.0044e+02	2.8991e+02	1.3144e+02	5.7542e+01	4.3226e+01	2.9877e+01	1.8873e+01	1.0078e+01
2.6892e+01	1.0643e+03	7.4663e+02	5.0201e+02	2.9014e+02	1.3198e+02	5.7652e+01	4.3246e+01	2.9984e+01	1.8951e+01	1.0108e+01
2.6955e+01	1.0684e+03	7.4932e+02	5.0398e+02	2.9077e+02	1.3220e+02	5.7898e+01	4.3377e+01	3.0151e+01	1.8979e+01	1.0155e+01
2.7018e+01	1.0683e+03	7.5140e+02	5.0436e+02	2.9187e+02	1.3252e+02	5.8020e+01	4.3514e+01	3.0175e+01	1.9038e+01	1.0160e+01
2.7081e+01	1.0715e+03	7.5050e+02	5.0610e+02	2.9275e+02	1.3330e+02	5.8235e+01	4.3647e+01	3.0283e+01	1.9113e+01	1.0186e+01
2.7143e+01	1.0727e+03	7.5374e+02	5.0704e+02	2.9400e+02	1.3346e+02	5.8436e+01	4.3794e+01	3.0330e+01	1.9159e+01	1.0220e+01
2.7206e+01	1.0747e+03	7.5489e+02	5.0788e+02	2.9467e+02	1.3377e+02	5.8534e+01	4.3910e+01	3.0460e+01	1.9203e+01	1.0240e+01
2.7269e+01	1.0776e+03	7.5829e+02	5.0822e+02	2.9527e+02	1.3423e+02	5.8667e+01	4.4031e+01	3.0482e+01	1.9229e+01	1.0286e+01
2.7332e+01	1.0784e+03	7.5874e+02	5.1004e+02	2.9600e+02	1.3449e+02	5.8922e+01	4.4212e+01	3.0612e+01	1.9281e+01	1.0328e+01
2.7395e+01	1.0805e+03	7.6015e+02	5.1064e+02	2.9723e+02	1.3493e+02	5.9084e+01	4.4426e+01	3.0696e+01	1.9356e+01	1.0329e+01
2.7458e+01	1.0827e+03	7.6156e+02	5.1323e+02	2.9769e+02	1.3522e+02	5.9297e+01	4.4575e+01	3.0783e+01	1.9388e+01	1.0356e+01
2.7520e+01	1.0863e+03	7.6505e+02	5.1433e+02	2.9828e+02	1.3562e+02	5.9401e+01	4.4574e+01	3.0920e+01	1.9476e+01	1.0392e+01
2.7583e+01	1.0887e+03	7.6520e+02	5.1471e+02	2.9905e+02	1.3599e+02	5.9641e+01	4.4751e+01	3.0981e+01	1.9516e+01	1.0420e+01
2.7646e+01	1.0925e+03	7.6767e+02	5.1681e+02	2.9971e+02	1.3653e+02	5.9792e+01	4.4868e+01	3.1012e+01	1.9546e+01	1.0435e+01
2.7709e+01	1.0937e+03	7.6987e+02	5.1683e+02	3.0048e+02	1.3681e+02	5.9882e+01	4.4896e+01	3.1117e+01	1.9600e+01	1.0465e+01
2.7772e+01	1.0976e+03	7.7289e+02	5.1815e+02	3.0143e+02	1.3710e+02	6.0211e+01	4.5068e+01	3.1207e+01	1.9669e+01	1.0512e+01
2.7835e+01	1.0986e+03	7.7444e+02	5.1991e+02	3.0281e+02	1.3753e+02	6.0255e+01	4.5279e+01	3.1300e+01	1.9748e+01	1.0508e+01
2.7897e+01	1.1000e+03	7.7507e+02	5.2125e+02	3.0308e+02	1.3783e+02	6.0381e+01	4.5405e+01	3.1384e+01	1.9803e+01	1.0565e+01
2.7960e+01	1.1040e+03	7.7752e+02	5.2317e+02	3.0396e+02	1.3801e+02	6.0712e+01	4.5459e+01	3.1475e+01	1.9842e+01	1.0593e+01
2.8023e+01	1.1049e+03	7.7934e+02	5.2376e+02	3.0473e+02	1.3865e+02	6.0647e+01	4.5643e+01	3.1557e+01	1.9935e+01	1.0602e+01
2.8086e+01	1.1070e+03	7.8032e+02	5.2595e+02	3.0590e+02	1.3914e+02	6.0958e+01	4.5847e+01	3.1616e+01	1.9975e+01	1.0636e+01
2.8149e+01	1.1109e+03	7.8195e+02	5.2743e+02	3.0612e+02	1.3951e+02	6.1087e+01	4.5877e+01	3.1739e+01	2.0030e+01	1.0668e+01
2.8212e+01	1.1121e+03	7.8384e+02	5.2819e+02	3.0707e+02	1.3972e+02	6.1260e+01	4.6030e+01	3.1815e+01	2.0105e+01	1.0709e+01
2.8274e+01	1.1140e+03	7.8579e+02	5.2964e+02	3.0735e+02	1.4016e+02	6.1398e+01	4.6077e+01	3.1911e+01	2.0171e+01	1.0729e+01
2.8337e+01	1.1162e+03	7.8688e+02	5.3061e+02	3.0843e+02	1.4057e+02	6.1630e+01	4.6235e+01	3.1988e+01	2.0174e+01	1.0741e+01
2.8400e+01	1.1208e+03	7.9038e+02	5.3164e+02	3.0949e+02	1.4117e+02	6.1749e+01	4.6444e+01	3.2100e+01	2.0211e+01	1.0784e+01
2.8463e+01	1.1231e+03	7.9274e+02	5.3293e+02	3.1056e+02	1.4139e+02	6.1982e+01	4.6504e+01	3.2163e+01	2.0305e+01	1.0825e+01
2.8526e+01	1.1243e+03	7.9419e+02	5.3511e+02	3.1093e+02	1.4169e+02	6.2200e+01	4.6714e+01	3.2238e+01	2.0331e+01	1.0846e+01
2.8589e+01	1.1259e+03	7.9416e+02	5.3517e+02	3.1211e+02	1.4223e+02	6.2289e+01	4.6810e+01	3.2283e+01	2.0407e+01	1.0880e+01
2.8651e+01	1.1273e+03	7.9707e+02	5.3656e+02	3.1292e+02	1.4235e+02	6.2442e+01	4.6870e+01	3.2390e+01	2.0438e+01	1.0906e+01
2.8714e+01	1.1335e+03	7.9801e+02	5.3857e+02	3.1339e+02	1.4278e+02	6.2676e+01	4.7009e+01	3.2466e+01	2.0502e+01	1.0932e+01
2.8777e+01	1.1343e+03	8.0087e+02	5.3903e+02	3.1416e+02	1.4293e+02	6.2784e+01	4.7066e+01	3.2578e+01	2.0565e+01	1.0967e+01
2.8840e+01	1.1362e+03	8.0256e+02	5.4082e+02	3.1496e+02	1.4354e+02	6.3026e+01	4.7279e+01	3.2667e+01	2.0601e+01	1.0993e+01
2.8903e+01	1.1385e+03	8.0312e+02	5.4233e+02	3.1532e+02	1.4387e+02	6.3207e+01	4.7342e+01	3.2755e+01	2.0659e+01	1.1016e+01
2.8966e+01	1.1424e+03	8.0420e+02	5.4334e+02	3.1619e+02	1.4423e+02	6.3390e+01	4.7536e+01	3.2842e+01	2.0734e+01	1.1041e+01
2.9028e+01	1.1439e+03	8.0642e+02	5.4460e+02	3.1662e+02	1.4474e+02	6.3554e+01	4.7619e+01	3.2944e+01	2.0771e+01	1.1087e+01
2.9091e+01	1.1459e+03	8.0850e+02	5.4621e+02	3.1796e+02	1.4494e+02	6.3727e+01	4.7725e+01	3.3018e+01	2.0837e+01	1.1083e+01
2.9154e+01	1.1507e+03	8.1094e+02	5.4724e+02	3.1886e+02	1.4560e+02	6.3871e+01	4.7816e+01	3.3099e+01	2.0885e+01	1.1134e+01
2.9217e+01	1.1521e+03	8.1254e+02	5.4943e+02	3.1965e+02	1.4586e+02	6.4165e+01	4.8084e+01	3.3232e+01	2.0949e+01	1.1158e+01
2.9280e+01	1.1529e+03	8.1463e+02	5.5041e+02	3.2062e+02	1.4594e+02	6.4185e+01	4.8138e+01	3.3300e+01	2.1037e+01	1.1191e+01
2.9343e+01	1.1567e+03	8.1764e+02	5.5206e+02	3.2144e+02	1.4653e+02	6.4483e+01	4.8243e+01	3.3395e+01	2.1076e+01	1.1219e+01
2.9405e+01	1.1590e+03	8.1989e+02	5.5169e+02	3.2197e+02	1.4681e+02	6.4563e+01	4.8394e+01	3.3461e+01	2.1123e+01	1.1241e+01
2.9468e+01	1.1615e+03	8.2090e+02	5.5348e+02	3.2270e+02	1.4726e+02	6.4677e+01	4.8587e+01	3.3623e+01	2.1185e+01	1.1268e+01
2.9531e+01	1.1645e+03	8.2192e+02	5.5530e+02	3.2360e+02	1.4799e+02	6.4956e+01	4.8744e+01	3.3646e+01	2.1255e+01	1.1311e+01
2.9594e+01	1.1654e+03	8.2486e+02	5.5633e+02	3.2419e+02	1.4800e+02	6.5089e+01	4.8828e+01	3.3751e+01	2.1283e+01	1.1347e+01
2.9657e+01	1.1680e+03	8.2623e+02	5.5685e+02	3.2537e+02	1.4875e+02	6.5285e+01	4.8913e+01	3.3891e+01	2.1377e+01	1.1392e+01
2.9720e+01	1.1688e+03	8.2852e+02	5.5912e+02	3.2594e+02	1.4887e+02	6.5474e+01	4.9054e+01	3.3947e+01	2.1420e+01	1.1389e+01
2.9782e+01	1.1734e+03	8.2904e+02	5.5996e+02	3.2714e+02	1.4926e+02	6.5634e+01	4.9245e+01	3.4046e+01	2.1450e+01	1.1435e+01
2.9845e+01	1.1744e+03	8.3092e+02	5.6160e+02	3.2765e+02	1.4965e+02	6.5662e+01	4.9398e+01	3.4095e+01	2.1497e+01	1.1463e+01
2.9908e+01	1.1783e+03	8.3345e+02	5.6317e+02	3.2826e+02	1.5008e+02	6.6060e+01	4.9550e+01	3.4164e+01	2.1570e+01	1.1479e+01
2.9971e+01	1.1808e+03	8.3473e+02	5.6476e+02	3.2927e+02	1.5064e+02	6.6166e+01	4.9543e+01	3.4245e+01	2.1664e+01	1.1513e+01
3.0034e+01	1.1834e+03	8.3769e+02	5.6521e+02	3.2981e+02	1.5103e+02	6.6347e+01	4.9701e+01	3.4392e+01	2.1694e+01	1.1544e+01
3.0096e+01	1.1872e+03	8.3887e+02	5.6673e+02	3.3093e+02	1.5135e+02	6.6578e+01	4.9861e+01	3.4454e+01	2.1716e+01	1.1595e+01
3.0159e+01	1.1906e+03	8.4137e+02	5.6820e+02	3.3200e+02	1.5182e+02	6.6647e+01	4.9957e+01	3.4570e+01	2.1789e+01	1.1626e+01
3.0222e+01	1.1906e+03	8.4425e+02	5.6943e+02	3.3287e+02	1.5206e+02	6.6872e+01	5.0036e+01	3.4640e+01	2.1851e+01	1.1643e+01
3.0285e+01	1.1957e+03	8.4419e+02	5.7025e+02	3.3359e+02	1.5237e+02	6.7018e+01	5.0216e+01	3.4732e+01	2.1907e+01	1.1660e+01
3.0348e+01	1.1972e+03	8.4715e+02	5.7152e+02	3.3431e+02	1.5292e+02	6.7145e+01	5.0390e+01	3.4812e+01	2.1925e+01	1.1692e+01
3.0411e+01	1.2006e+03	8.4839e+02	5.7389e+02	3.3492e+02	1.5305e+02	6.7262e+01	5.0454e+01	3.4876e+01	2.2019e+01	1.1729e+01
3.0474e+01	1.2030e+03	8.4969e+02	5.7548e+02	3.3628e+02	1.5354e+02	6.7445e+01	5.0615e+01	3.5015e+01	2.2076e+01	1.1754e+01
3.0536e+01	1.2047e+03	8.5171e+02	5.7617e+02	3.3637e+02	1.5406e+02	6.7625e+01	5.0720e+01	3.5093e+01	2.2089e+01	1.1788e+01
3.0599e+01	1.2074e+03	8.5286e+02	5.7702e+02	3.3747e+02	1.5422e+02	6.7886e+01	5.0840e+01	3.5161e+01	2.2149e+01	1.1816e+01
3.0662e+01	1.2082e+03	8.5421e+02	5.7832e+02	3.3839e+02	1.5472e+02	6.7951e+01	5.1011e+01	3.5218e+01	2.2200e+01	1.1835e+01
3.0725e+01	1.2103e+03	8.5626e+02	5.8003e+02	3.3925e+02	1.5498e+02	6.8207e+01	5.1086e+01	3.5361e+01	2.2270e+01	1.1869e+01
3.0788e+01	1.2120e+03	8.5943e+02	5.8096e+02	3.3984e+02	1.5564e+02	6.8453e+01	5.1272e+01	3.5449e+01	2.2340e+01	1.1892e+01
3.0851e+01	1.2173e+03	8.6009e+02	5.8304e+02	3.4037e+02	1.5606e+02	6.8496e+01	5.1417e+01	3.5510e+01	2.2348e+01	1.1944e+01
3.0913e+01	1.2172e+03	8.6195e+02	5.8394e+02	3.4139e+02	1.5663e+02	6.8606e+01	5.1532e+01	3.5610e+01	2.2437e+01	1.1978e+01
3.0976e+01	1.2203e+03	8.6331e+02	5.8517e+02	3.4221e+02	1.5691e+02	6.8810e+01	5.1708e+01	3.5699e+01	2.2498e+01	1.1986e+01
3.1039e+01	1.2243e+03	8.6613e+02	5.8601e+02	3.4302e+02	1.5729e+02	6.9109e+01	5.1838e+01	3.5801e+01	2.2580e+01	1.2043e+01
3.1102e+01	1.2272e+03	8.6762e+02	5.8682e+02	3.4344e+02	1.5780e+02	6.9213e+01	5.2054e+01	3.5865e+01	2.2616e+01	1.2048e+01
3.1165e+01	1.2325e+03	8.6849e+02	5.8856e+02	3.4476e+02	1.5808e+02	6.9410e+01	5.2017e+01	3.6040e+01	2.2659e+01	1.2082e+01
3.1228e+01	1.2329e+03	8.7164e+02	5.8950e+02	3.4579e+02	1.5828e+02	6.9588e+01	5.2212e+01	3.6044e+01	2.2728e+01	1.2121e+01
3.1290e+01	1.2347e+03	8.7357e+02	5.9198e+02	3.4621e+02	1.5862e+02	6.9832e+01	5.2272e+01	3.6162e+01	2.2788e+01	1.2130e+01
3.1353e+01	1.2349e+03	8.7455e+02	5.9375e+02	3.4726e+02	1.5926e+02	6.9996e+01	5.2307e+01	3.6298e+01	2.2802e+01	1.2159e+01
3.1416e+01	1.2398e+03	8.7629e+02	5.9428e+02	3.4841e+02	1.5960e+02	7.0216e+01	5.2546e+01	3.6389e+01	2.2906e+01	1.2201e+01
3.1479e+01	1.2397e+03	8.7936e+02	5.9562e+02	3.4960e+02	1.5994e+02	7.0309e+01	5.2641e+01	3.6498e+01	2.2948e+01	1.2216e+01
3.1542e+01	1.2427e+03	8.8056e+02	5.9632e+02	3.4952e+02	1.6010e+02	7.0498e+01	5.2850e+01	3.6577e+01	2.2988e+01	1.2266e+01
3.1604e+01	1.2456e+03	8.8238e+02	5.9859e+02	3.5015e+02	1.6057e+02	7.0652e+01	5.3010e+01	3.6667e+01	2.3034e+01	1.2297e+01
3.1667e+01	1.2463e+03	8.8419e+02	5.9978e+02	3.5168e+02	1.6106e+02	7.0825e+01	5.3121e+01	3.6801e+01	2.3133e+01	1.2316e+01
3.1730e+01	1.2503e+03	8.8626e+02	5.9979e+02	3.5284e+02	1.6148e+02	7.1011e+01	5.3280e+01	3.6839e+01	2.3187e+01	1.2340e+01
3.1793e+01	1.2555e+03	8.8743e+02	6.0218e+02	3.5361e+02	1.6196e+02	7.1149e+01	5.3381e+01	3.6973e+01	2.3205e+01	1.2393e+01
3.1856e+01	1.2561e+03	8.8881e+02	6.0320e+02	3.5398e+02	1.6230e+02	7.1408e+01	5.3512e+01	3.7043e+01	2.3265e+01	1.2413e+01
3.1919e+01	1.2565e+03	8.9134e+02	6.0452e+02	3.5448e+02	1.6294e+02	7.1618e+01	5.3545e+01	3.7215e+01	2.3358e+01	1.2429e+01
3.1982e+01	1.2622e+03	8.9254e+02	6.0639e+02	3.5614e+02	1.6337e+02	7.1740e+01	5.3713e+01	3.7240e+01	2.3382e+01	1.2462e+01
3.2044e+01	1.2659e+03	8.9576e+02	6.0743e+02	3.5641e+02	1.6359e+02	7.1875e+01	5.3908e+01	3.7286e+01	2.3468e+01	1.2500e+01
3.2107e+01	1.2676e+03	8.9553e+02	6.0890e+02	3.5770e+02	1.6388e+02	7.2093e+01	5.4064e+01	3.7440e+01	2.3486e+01	1.2534e+01