#All power spectra in columns 2-12 are dimensionless \Delta^2 and shot noise-subtracted.
#Columns: k[h/Mpc],z=1.7750e-02,z=2.2876e-01,z=5.1889e-01,z=1.0268e+00,z=1.9655e+00,z=3.0006e+00,z=3.3339e+00,z=3.7369e+00,z=4.2438e+00,z=4.9261e+00
7.8850e-02	1.0145e-01	8.2860e-02	6.2690e-02	3.9760e-02	1.9960e-02	1.1200e-02	9.5800e-03	8.0300e-03	6.5700e-03	5.1500e-03
1.3942e-01	3.4590e-01	2.8178e-01	2.1232e-01	1.3363e-01	6.6360e-02	3.6970e-02	3.1540e-02	2.6420e-02	2.1570e-02	1.6880e-02
1.9608e-01	8.0093e-01	6.5349e-01	4.9407e-01	3.1158e-01	1.5500e-01	8.6550e-02	7.3890e-02	6.1950e-02	5.0610e-02	3.9650e-02
2.5530e-01	1.1493e+00	9.1430e-01	6.7001e-01	4.0719e-01	1.9590e-01	1.0781e-01	9.1810e-02	7.6780e-02	6.2580e-02	4.8930e-02
3.2048e-01	1.7239e+00	1.3281e+00	9.3430e-01	5.3314e-01	2.3989e-01	1.2810e-01	1.0847e-01	9.0230e-02	7.3170e-02	5.6920e-02
3.8451e-01	2.4448e+00	1.8843e+00	1.3233e+00	7.4713e-01	3.3329e-01	1.7789e-01	1.5069e-01	1.2541e-01	1.0177e-01	7.9250e-02
4.4429e-01	3.7537e+00	2.7345e+00	1.7975e+00	9.4828e-01	4.0494e-01	2.1119e-01	1.7783e-01	1.4706e-01	1.1851e-01	9.1570e-02
5.0416e-01	3.8687e+00	2.7265e+00	1.7816e+00	9.7447e-01	4.3854e-01	2.2983e-01	1.9334e-01	1.5965e-01	1.2842e-01	9.9030e-02
5.6910e-01	5.2254e+00	3.8219e+00	2.5746e+00	1.3605e+00	5.4510e-01	2.6513e-01	2.1961e-01	1.7865e-01	1.4163e-01	1.0765e-01
6.3423e-01	6.8644e+00	4.7405e+00	3.0456e+00	1.5316e+00	5.7552e-01	2.7036e-01	2.2306e-01	1.8108e-01	1.4356e-01	1.0942e-01
6.9501e-01	8.2601e+00	5.6609e+00	3.6439e+00	1.7582e+00	6.4355e-01	3.0910e-01	2.5669e-01	2.0960e-01	1.6692e-01	1.2750e-01
7.5582e-01	9.3609e+00	6.4040e+00	4.1704e+00	2.0085e+00	7.3436e-01	3.4918e-01	2.8878e-01	2.3470e-01	1.8595e-01	1.4128e-01
8.1958e-01	1.0972e+01	7.5277e+00	4.8916e+00	2.2858e+00	8.1931e-01	3.8621e-01	3.1888e-01	2.5875e-01	2.0471e-01	1.5534e-01
8.8301e-01	1.3264e+01	9.0025e+00	5.7508e+00	2.7119e+00	9.6612e-01	4.4669e-01	3.6566e-01	2.9374e-01	2.2976e-01	1.7214e-01
9.4349e-01	1.5888e+01	1.0570e+01	6.6411e+00	3.0560e+00	1.0420e+00	4.6172e-01	3.7624e-01	3.0171e-01	2.3628e-01	1.7778e-01
1.0056e+00	1.7261e+01	1.1312e+01	7.2052e+00	3.3456e+00	1.1457e+00	5.0112e-01	4.0596e-01	3.2301e-01	2.5044e-01	1.8608e-01
1.0702e+00	1.9588e+01	1.2845e+01	8.2853e+00	3.7040e+00	1.2316e+00	5.3790e-01	4.3516e-01	3.4561e-01	2.6736e-01	1.9813e-01
1.1343e+00	2.1947e+01	1.4406e+01	9.1770e+00	4.1373e+00	1.3736e+00	5.8812e-01	4.7406e-01	3.7520e-01	2.8924e-01	2.1354e-01
1.1961e+00	2.3962e+01	1.5891e+01	1.0327e+01	4.7104e+00	1.4575e+00	6.2068e-01	5.0137e-01	3.9810e-01	3.0832e-01	2.2899e-01
1.2578e+00	2.7309e+01	1.7922e+01	1.1732e+01	5.2022e+00	1.5734e+00	6.4603e-01	5.1725e-01	4.0743e-01	3.1324e-01	2.3110e-01
1.3214e+00	3.0583e+01	1.9640e+01	1.2634e+01	5.6215e+00	1.6755e+00	7.0392e-01	5.6505e-01	4.4571e-01	3.4255e-01	2.5196e-01
1.3846e+00	3.1864e+01	2.0796e+01	1.3515e+01	6.2492e+00	1.8297e+00	7.4905e-01	5.9595e-01	4.6497e-01	3.5288e-01	2.5623e-01
1.4465e+00	3.4748e+01	2.3339e+01	1.4885e+01	6.8007e+00	2.0062e+00	8.0212e-01	6.3391e-01	4.9135e-01	3.7054e-01	2.6726e-01
1.5086e+00	3.7793e+01	2.5483e+01	1.6228e+01	7.2610e+00	2.0775e+00	8.3179e-01	6.5698e-01	5.0979e-01	3.8557e-01	2.7915e-01
1.5718e+00	4.1335e+01	2.7270e+01	1.7347e+01	7.8205e+00	2.2254e+00	8.9373e-01	7.0953e-01	5.5242e-01	4.1763e-01	3.0076e-01
1.6355e+00	4.3966e+01	2.9630e+01	1.8527e+01	8.5288e+00	2.4078e+00	9.5537e-01	7.4869e-01	5.7505e-01	4.2959e-01	3.0693e-01
1.6983e+00	4.6268e+01	3.1106e+01	1.9427e+01	9.0608e+00	2.5398e+00	9.8760e-01	7.7514e-01	5.9751e-01	4.4774e-01	3.1971e-01
1.7610e+00	5.0023e+01	3.3756e+01	2.1080e+01	9.5711e+00	2.7519e+00	1.0438e+00	8.1392e-01	6.2140e-01	4.6043e-01	3.2542e-01
1.8240e+00	5.2831e+01	3.5881e+01	2.2253e+01	1.0676e+01	2.9486e+00	1.0745e+00	8.3211e-01	6.3316e-01	4.6861e-01	3.3103e-01
1.8865e+00	5.6357e+01	3.7666e+01	2.3366e+01	1.1419e+01	3.1446e+00	1.1585e+00	8.9897e-01	6.8290e-01	5.0338e-01	3.5407e-01
1.9491e+00	5.8495e+01	3.9554e+01	2.5446e+01	1.1997e+01	3.2578e+00	1.1848e+00	9.1339e-01	6.8976e-01	5.0644e-01	3.5562e-01
2.0114e+00	6.2864e+01	4.2552e+01	2.6541e+01	1.2734e+01	3.5583e+00	1.2553e+00	9.6914e-01	7.3229e-01	5.3603e-01	3.7361e-01
2.0739e+00	6.5965e+01	4.5090e+01	2.7728e+01	1.3599e+01	3.6159e+00	1.2968e+00	1.0018e+00	7.5803e-01	5.5713e-01	3.9063e-01
2.1374e+00	6.8713e+01	4.7011e+01	2.9636e+01	1.4410e+01	3.8319e+00	1.3633e+00	1.0402e+00	7.7849e-01	5.6745e-01	3.9585e-01
2.2003e+00	7.3339e+01	4.9512e+01	3.1584e+01	1.5100e+01	3.9896e+00	1.4306e+00	1.1004e+00	8.2770e-01	6.0286e-01	4.1771e-01
2.2630e+00	7.6167e+01	5.2265e+01	3.1903e+01	1.6071e+01	4.3134e+00	1.4832e+00	1.1281e+00	8.3800e-01	6.0442e-01	4.1675e-01
2.3260e+00	7.7724e+01	5.4176e+01	3.3778e+01	1.6706e+01	4.5067e+00	1.5540e+00	1.1847e+00	8.8156e-01	6.3552e-01	4.3683e-01
2.3889e+00	8.3643e+01	5.6672e+01	3.4525e+01	1.7636e+01	4.6877e+00	1.5805e+00	1.2010e+00	8.9626e-01	6.5107e-01	4.4979e-01
2.4512e+00	8.6335e+01	5.7928e+01	3.7437e+01	1.8459e+01	4.8630e+00	1.6430e+00	1.2480e+00	9.2741e-01	6.6881e-01	4.5917e-01
2.5138e+00	8.6169e+01	6.0303e+01	3.7675e+01	1.8795e+01	5.0559e+00	1.7586e+00	1.3245e+00	9.7385e-01	6.9417e-01	4.7155e-01
2.5771e+00	9.4125e+01	6.4811e+01	3.9573e+01	1.9786e+01	5.2392e+00	1.8024e+00	1.3637e+00	1.0096e+00	7.2321e-01	4.9148e-01
2.6402e+00	9.7558e+01	6.5952e+01	4.0912e+01	2.0469e+01	5.6263e+00	1.8663e+00	1.4014e+00	1.0317e+00	7.3730e-01	5.0175e-01
2.7029e+00	9.9759e+01	6.9320e+01	4.3055e+01	2.1081e+01	5.8696e+00	1.9459e+00	1.4538e+00	1.0633e+00	7.5689e-01	5.1406e-01
2.7656e+00	1.0449e+02	6.9764e+01	4.3231e+01	2.1872e+01	6.0374e+00	1.9927e+00	1.4976e+00	1.1051e+00	7.8999e-01	5.3343e-01
2.8287e+00	1.0713e+02	7.2018e+01	4.5153e+01	2.2894e+01	6.2493e+00	2.0538e+00	1.5412e+00	1.1348e+00	8.0837e-01	5.4348e-01
2.8915e+00	1.1105e+02	7.5030e+01	4.6549e+01	2.3105e+01	6.4964e+00	2.1508e+00	1.6163e+00	1.1856e+00	8.3572e-01	5.5597e-01
2.9535e+00	1.1180e+02	7.5521e+01	4.7915e+01	2.4688e+01	6.9420e+00	2.2390e+00	1.6820e+00	1.2278e+00	8.5995e-01	5.7007e-01
3.0161e+00	1.1802e+02	7.9784e+01	4.9374e+01	2.5305e+01	7.0372e+00	2.2699e+00	1.6923e+00	1.2386e+00	8.7782e-01	5.8915e-01
3.0794e+00	1.2105e+02	8.3170e+01	5.1354e+01	2.6243e+01	7.3012e+00	2.3703e+00	1.7745e+00	1.2889e+00	9.0126e-01	5.9834e-01
3.1428e+00	1.2492e+02	8.4238e+01	5.2624e+01	2.6866e+01	7.7014e+00	2.4618e+00	1.8433e+00	1.3411e+00	9.3709e-01	6.1842e-01
3.2055e+00	1.2637e+02	8.7583e+01	5.4280e+01	2.8185e+01	7.9531e+00	2.5257e+00	1.8816e+00	1.3621e+00	9.5100e-01	6.2870e-01
3.2681e+00	1.3032e+02	9.0945e+01	5.6870e+01	2.9124e+01	8.1799e+00	2.6260e+00	1.9490e+00	1.4051e+00	9.7690e-01	6.4117e-01
3.3312e+00	1.3406e+02	9.1998e+01	5.7310e+01	2.9971e+01	8.5613e+00	2.7187e+00	2.0245e+00	1.4641e+00	1.0133e+00	6.5878e-01
3.3941e+00	1.3723e+02	9.3851e+01	5.9453e+01	3.0779e+01	8.8254e+00	2.8039e+00	2.0713e+00	1.4753e+00	1.0141e+00	6.6219e-01
3.4564e+00	1.4079e+02	9.5794e+01	6.0686e+01	3.1664e+01	9.0257e+00	2.9128e+00	2.1523e+00	1.5457e+00	1.0671e+00	6.9435e-01
3.5188e+00	1.4270e+02	9.9129e+01	6.2552e+01	3.2423e+01	9.4018e+00	2.9429e+00	2.1749e+00	1.5585e+00	1.0729e+00	6.9988e-01
3.5820e+00	1.4520e+02	1.0251e+02	6.4286e+01	3.3946e+01	9.8117e+00	3.0478e+00	2.2393e+00	1.6014e+00	1.0998e+00	7.1209e-01
3.6451e+00	1.5048e+02	1.0507e+02	6.5562e+01	3.4402e+01	1.0010e+01	3.1233e+00	2.3070e+00	1.6480e+00	1.1332e+00	7.3685e-01
3.7076e+00	1.5364e+02	1.0618e+02	6.7034e+01	3.5089e+01	1.0191e+01	3.2292e+00	2.3803e+00	1.6956e+00	1.1619e+00	7.4824e-01
3.7706e+00	1.5757e+02	1.1006e+02	6.8453e+01	3.6075e+01	1.0587e+01	3.3112e+00	2.4356e+00	1.7309e+00	1.1819e+00	7.6169e-01
3.8336e+00	1.6299e+02	1.1246e+02	7.0849e+01	3.6938e+01	1.0955e+01	3.3948e+00	2.4782e+00	1.7602e+00	1.2028e+00	7.7352e-01
3.8965e+00	1.6366e+02	1.1499e+02	7.2021e+01	3.8026e+01	1.1243e+01	3.5151e+00	2.5829e+00	1.8298e+00	1.2430e+00	7.9644e-01
3.9588e+00	1.7022e+02	1.1738e+02	7.2641e+01	3.8607e+01	1.1555e+01	3.5979e+00	2.6332e+00	1.8701e+00	1.2738e+00	8.1020e-01
4.0211e+00	1.7293e+02	1.2065e+02	7.4344e+01	3.9114e+01	1.1953e+01	3.7156e+00	2.7270e+00	1.9287e+00	1.3028e+00	8.2793e-01
4.0845e+00	1.7522e+02	1.2237e+02	7.7395e+01	3.9863e+01	1.2335e+01	3.8183e+00	2.7951e+00	1.9728e+00	1.3360e+00	8.5037e-01
4.1477e+00	1.7703e+02	1.2578e+02	7.7586e+01	4.0847e+01	1.2521e+01	3.9037e+00	2.8245e+00	1.9862e+00	1.3479e+00	8.5822e-01
4.2105e+00	1.8291e+02	1.2713e+02	7.8951e+01	4.2313e+01	1.2823e+01	4.0611e+00	2.9499e+00	2.0648e+00	1.3815e+00	8.6668e-01
4.2733e+00	1.8484e+02	1.3080e+02	8.0461e+01	4.3231e+01	1.3034e+01	4.0606e+00	2.9489e+00	2.0850e+00	1.4173e+00	8.9772e-01
4.3362e+00	1.9133e+02	1.3318e+02	8.1875e+01	4.3650e+01	1.3525e+01	4.2023e+00	3.0665e+00	2.1477e+00	1.4394e+00	9.0521e-01
4.3992e+00	1.9328e+02	1.3447e+02	8.3617e+01	4.4713e+01	1.3806e+01	4.2893e+00	3.1330e+00	2.2168e+00	1.4892e+00	9.2809e-01
4.4615e+00	1.9427e+02	1.3808e+02	8.4662e+01	4.5895e+01	1.4182e+01	4.3848e+00	3.1930e+00	2.2373e+00	1.4997e+00	9.4162e-01
4.5242e+00	1.9911e+02	1.4009e+02	8.6517e+01	4.6206e+01	1.4500e+01	4.5671e+00	3.3039e+00	2.2887e+00	1.5176e+00	9.4656e-01
4.5872e+00	2.0197e+02	1.4379e+02	8.8594e+01	4.6960e+01	1.4964e+01	4.6394e+00	3.3517e+00	2.3444e+00	1.5668e+00	9.6979e-01
4.6503e+00	2.0532e+02	1.4595e+02	8.9052e+01	4.7810e+01	1.5384e+01	4.7069e+00	3.3945e+00	2.3744e+00	1.5830e+00	9.8508e-01
4.7131e+00	2.0959e+02	1.4737e+02	9.1050e+01	4.8564e+01	1.5363e+01	4.8873e+00	3.5378e+00	2.4637e+00	1.6374e+00	1.0152e+00
4.7758e+00	2.1319e+02	1.5122e+02	9.2650e+01	4.8746e+01	1.5980e+01	4.9135e+00	3.5720e+00	2.4954e+00	1.6465e+00	1.0117e+00
4.8388e+00	2.1416e+02	1.5364e+02	9.4350e+01	4.9629e+01	1.6211e+01	5.0809e+00	3.6479e+00	2.5280e+00	1.6834e+00	1.0513e+00
4.9015e+00	2.1860e+02	1.5639e+02	9.4827e+01	5.0588e+01	1.6616e+01	5.1545e+00	3.7376e+00	2.5905e+00	1.7021e+00	1.0471e+00
4.9640e+00	2.2278e+02	1.5771e+02	9.6371e+01	5.1766e+01	1.7063e+01	5.2582e+00	3.7940e+00	2.6404e+00	1.7506e+00	1.0741e+00
5.0267e+00	2.2571e+02	1.6081e+02	9.7247e+01	5.2441e+01	1.7503e+01	5.3681e+00	3.8968e+00	2.7084e+00	1.7900e+00	1.1004e+00
5.0896e+00	2.3012e+02	1.6352e+02	1.0015e+02	5.3109e+01	1.7740e+01	5.5017e+00	3.9737e+00	2.7487e+00	1.8135e+00	1.1125e+00
5.1528e+00	2.3414e+02	1.6410e+02	1.0118e+02	5.3920e+01	1.8059e+01	5.6363e+00	4.0506e+00	2.8050e+00	1.8400e+00	1.1230e+00
5.2157e+00	2.3691e+02	1.6836e+02	1.0308e+02	5.5041e+01	1.8545e+01	5.7701e+00	4.1451e+00	2.8582e+00	1.8784e+00	1.1529e+00
5.2783e+00	2.4030e+02	1.6956e+02	1.0554e+02	5.5852e+01	1.8973e+01	5.8279e+00	4.1984e+00	2.9000e+00	1.9009e+00	1.1664e+00
5.3412e+00	2.4248e+02	1.7126e+02	1.0593e+02	5.6632e+01	1.9106e+01	5.9444e+00	4.3159e+00	2.9824e+00	1.9526e+00	1.1888e+00
5.4043e+00	2.4777e+02	1.7459e+02	1.0625e+02	5.7723e+01	1.9600e+01	6.1321e+00	4.4145e+00	3.0407e+00	2.0054e+00	1.2147e+00
5.4670e+00	2.5295e+02	1.7789e+02	1.0883e+02	5.8234e+01	1.9818e+01	6.2203e+00	4.4800e+00	3.0888e+00	2.0204e+00	1.2269e+00
5.5296e+00	2.5272e+02	1.8003e+02	1.0989e+02	5.9319e+01	2.0454e+01	6.3425e+00	4.5770e+00	3.1534e+00	2.0518e+00	1.2433e+00
5.5924e+00	2.5746e+02	1.8126e+02	1.1198e+02	5.9969e+01	2.0641e+01	6.4652e+00	4.6493e+00	3.1842e+00	2.0695e+00	1.2593e+00
5.6555e+00	2.6185e+02	1.8628e+02	1.1272e+02	6.0339e+01	2.0847e+01	6.6459e+00	4.7625e+00	3.2481e+00	2.1239e+00	1.2848e+00
5.7185e+00	2.6564e+02	1.8550e+02	1.1469e+02	6.1504e+01	2.1193e+01	6.7365e+00	4.7855e+00	3.2849e+00	2.1526e+00	1.2970e+00
5.7812e+00	2.6902e+02	1.8934e+02	1.1621e+02	6.2449e+01	2.1790e+01	6.7771e+00	4.8595e+00	3.3655e+00	2.1975e+00	1.3215e+00
5.8441e+00	2.7005e+02	1.9017e+02	1.1792e+02	6.2783e+01	2.1885e+01	6.9669e+00	4.9972e+00	3.4305e+00	2.2393e+00	1.3389e+00
5.9067e+00	2.7593e+02	1.9255e+02	1.1912e+02	6.3702e+01	2.2398e+01	7.1495e+00	5.1120e+00	3.4933e+00	2.2711e+00	1.3586e+00
5.9692e+00	2.8079e+02	1.9598e+02	1.2147e+02	6.4675e+01	2.2592e+01	7.2382e+00	5.1917e+00	3.5573e+00	2.3105e+00	1.3804e+00
6.0317e+00	2.8294e+02	1.9558e+02	1.2190e+02	6.5098e+01	2.2976e+01	7.3822e+00	5.2815e+00	3.6173e+00	2.3464e+00	1.3921e+00
6.0947e+00	2.8810e+02	1.9890e+02	1.2360e+02	6.6135e+01	2.3333e+01	7.5053e+00	5.3376e+00	3.6615e+00	2.3746e+00	1.4147e+00
6.1581e+00	2.9102e+02	2.0178e+02	1.2544e+02	6.6626e+01	2.3575e+01	7.5786e+00	5.3958e+00	3.7083e+00	2.4036e+00	1.4353e+00
6.2210e+00	2.9273e+02	2.0422e+02	1.2592e+02	6.7514e+01	2.4073e+01	7.7446e+00	5.5580e+00	3.7768e+00	2.4455e+00	1.4559e+00
6.2837e+00	2.9727e+02	2.0700e+02	1.2784e+02	6.8511e+01	2.4380e+01	7.8837e+00	5.6162e+00	3.8550e+00	2.5016e+00	1.4856e+00
6.3465e+00	2.9895e+02	2.0723e+02	1.2941e+02	6.9733e+01	2.4739e+01	8.0370e+00	5.7217e+00	3.9354e+00	2.5602e+00	1.5017e+00
6.4094e+00	3.0314e+02	2.0911e+02	1.3120e+02	6.9861e+01	2.4985e+01	8.1404e+00	5.7786e+00	3.9714e+00	2.5677e+00	1.5157e+00
6.4724e+00	3.0723e+02	2.1172e+02	1.3245e+02	7.0880e+01	2.5212e+01	8.2313e+00	5.8633e+00	4.0254e+00	2.6107e+00	1.5452e+00
6.5348e+00	3.1103e+02	2.1442e+02	1.3388e+02	7.2004e+01	2.5828e+01	8.3963e+00	5.9926e+00	4.1087e+00	2.6411e+00	1.5676e+00
6.5976e+00	3.1447e+02	2.1607e+02	1.3532e+02	7.2125e+01	2.6038e+01	8.5247e+00	6.0874e+00	4.1675e+00	2.6936e+00	1.5662e+00
6.6608e+00	3.1747e+02	2.1799e+02	1.3674e+02	7.3135e+01	2.6371e+01	8.6352e+00	6.1889e+00	4.2490e+00	2.7303e+00	1.6004e+00
6.7234e+00	3.1978e+02	2.2082e+02	1.3820e+02	7.4321e+01	2.6685e+01	8.7369e+00	6.2295e+00	4.2952e+00	2.7680e+00	1.6248e+00
6.7861e+00	3.2343e+02	2.2288e+02	1.3953e+02	7.4765e+01	2.7110e+01	8.8512e+00	6.3478e+00	4.3885e+00	2.8108e+00	1.6422e+00
6.8491e+00	3.2771e+02	2.2572e+02	1.4115e+02	7.5695e+01	2.7373e+01	9.0271e+00	6.4392e+00	4.4262e+00	2.8300e+00	1.6621e+00
6.9123e+00	3.3177e+02	2.2655e+02	1.4271e+02	7.6545e+01	2.7767e+01	9.1004e+00	6.5371e+00	4.4802e+00	2.8811e+00	1.6888e+00
6.9747e+00	3.3526e+02	2.3017e+02	1.4503e+02	7.6416e+01	2.7852e+01	9.3003e+00	6.6647e+00	4.5781e+00	2.9443e+00	1.7287e+00
7.0373e+00	3.3777e+02	2.3304e+02	1.4498e+02	7.7053e+01	2.8412e+01	9.3824e+00	6.7797e+00	4.6579e+00	2.9716e+00	1.7330e+00
7.1002e+00	3.4180e+02	2.3419e+02	1.4663e+02	7.7785e+01	2.8768e+01	9.5802e+00	6.8678e+00	4.7022e+00	3.0061e+00	1.7534e+00
7.1632e+00	3.4468e+02	2.3606e+02	1.4854e+02	7.8777e+01	2.9122e+01	9.6746e+00	6.9633e+00	4.7915e+00	3.0567e+00	1.7703e+00
7.2260e+00	3.4766e+02	2.3758e+02	1.4929e+02	7.9274e+01	2.9440e+01	9.9014e+00	7.0797e+00	4.8368e+00	3.1047e+00	1.8097e+00
7.2887e+00	3.5041e+02	2.4037e+02	1.5171e+02	8.0297e+01	2.9705e+01	9.9012e+00	7.1056e+00	4.9066e+00	3.1352e+00	1.8155e+00
7.3519e+00	3.5612e+02	2.4269e+02	1.5263e+02	8.1001e+01	3.0066e+01	1.0060e+01	7.2421e+00	4.9780e+00	3.1888e+00	1.8521e+00
7.4147e+00	3.5919e+02	2.4473e+02	1.5336e+02	8.1887e+01	3.0339e+01	1.0175e+01	7.3108e+00	5.0528e+00	3.2203e+00	1.8773e+00
7.4771e+00	3.6144e+02	2.4605e+02	1.5568e+02	8.2798e+01	3.0789e+01	1.0270e+01	7.4534e+00	5.1053e+00	3.2537e+00	1.8907e+00
7.5399e+00	3.6763e+02	2.4867e+02	1.5624e+02	8.3844e+01	3.0962e+01	1.0469e+01	7.5530e+00	5.2000e+00	3.3220e+00	1.9060e+00
7.6029e+00	3.6974e+02	2.4957e+02	1.5801e+02	8.4852e+01	3.1464e+01	1.0650e+01	7.7373e+00	5.2777e+00	3.3449e+00	1.9349e+00
7.6659e+00	3.7204e+02	2.5252e+02	1.5889e+02	8.5053e+01	3.1785e+01	1.0776e+01	7.7910e+00	5.3205e+00	3.3869e+00	1.9613e+00
7.7287e+00	3.7444e+02	2.5530e+02	1.6006e+02	8.5360e+01	3.2034e+01	1.0909e+01	7.8806e+00	5.4204e+00	3.4605e+00	1.9924e+00
7.7915e+00	3.7929e+02	2.5645e+02	1.6192e+02	8.6709e+01	3.2395e+01	1.1055e+01	7.9245e+00	5.4512e+00	3.4832e+00	2.0097e+00
7.8545e+00	3.8198e+02	2.6006e+02	1.6328e+02	8.7067e+01	3.3042e+01	1.1180e+01	8.1019e+00	5.5588e+00	3.5278e+00	2.0279e+00
7.9174e+00	3.8441e+02	2.6080e+02	1.6396e+02	8.7577e+01	3.2975e+01	1.1344e+01	8.2378e+00	5.6450e+00	3.5874e+00	2.0619e+00
7.9799e+00	3.8946e+02	2.6383e+02	1.6564e+02	8.8605e+01	3.3264e+01	1.1453e+01	8.2625e+00	5.7096e+00	3.6153e+00	2.0791e+00
8.0426e+00	3.9437e+02	2.6402e+02	1.6747e+02	8.9545e+01	3.3595e+01	1.1667e+01	8.4588e+00	5.7830e+00	3.6708e+00	2.1033e+00
8.1056e+00	3.9603e+02	2.6803e+02	1.6883e+02	9.0000e+01	3.4202e+01	1.1801e+01	8.4422e+00	5.8074e+00	3.7003e+00	2.1324e+00
8.1686e+00	4.0157e+02	2.7033e+02	1.6955e+02	9.0660e+01	3.4235e+01	1.1987e+01	8.6446e+00	5.9435e+00	3.7572e+00	2.1556e+00
8.2313e+00	4.0367e+02	2.7212e+02	1.7199e+02	9.1198e+01	3.4621e+01	1.2070e+01	8.6920e+00	5.9884e+00	3.7831e+00	2.1620e+00
8.2941e+00	4.0882e+02	2.7483e+02	1.7241e+02	9.2049e+01	3.4932e+01	1.2225e+01	8.8411e+00	6.0785e+00	3.8617e+00	2.1947e+00
8.3571e+00	4.0926e+02	2.7529e+02	1.7430e+02	9.3056e+01	3.5222e+01	1.2328e+01	8.9334e+00	6.1204e+00	3.9016e+00	2.2234e+00
8.4200e+00	4.1361e+02	2.7676e+02	1.7422e+02	9.3486e+01	3.5476e+01	1.2502e+01	8.9931e+00	6.1927e+00	3.9123e+00	2.2382e+00
8.4826e+00	4.1688e+02	2.8034e+02	1.7631e+02	9.4402e+01	3.5902e+01	1.2639e+01	9.1574e+00	6.2720e+00	3.9916e+00	2.2718e+00
8.5453e+00	4.1909e+02	2.8067e+02	1.7778e+02	9.5225e+01	3.6181e+01	1.2727e+01	9.2676e+00	6.3907e+00	4.0393e+00	2.2941e+00
8.6084e+00	4.2045e+02	2.8489e+02	1.7911e+02	9.5443e+01	3.6365e+01	1.2949e+01	9.3515e+00	6.4627e+00	4.0727e+00	2.3162e+00
8.6714e+00	4.2453e+02	2.8763e+02	1.7958e+02	9.6737e+01	3.6874e+01	1.3024e+01	9.4801e+00	6.4961e+00	4.0868e+00	2.3359e+00
8.7340e+00	4.2847e+02	2.8782e+02	1.8072e+02	9.7704e+01	3.7170e+01	1.3228e+01	9.5656e+00	6.5845e+00	4.1705e+00	2.3703e+00
8.7966e+00	4.3079e+02	2.8966e+02	1.8264e+02	9.8436e+01	3.7388e+01	1.3306e+01	9.6736e+00	6.6913e+00	4.2118e+00	2.3956e+00
8.8596e+00	4.3326e+02	2.9299e+02	1.8276e+02	9.8808e+01	3.7871e+01	1.3431e+01	9.7968e+00	6.7727e+00	4.2532e+00	2.4189e+00
8.9225e+00	4.3773e+02	2.9396e+02	1.8541e+02	9.9920e+01	3.8036e+01	1.3625e+01	9.9169e+00	6.8282e+00	4.2891e+00	2.4327e+00
8.9852e+00	4.3698e+02	2.9581e+02	1.8689e+02	1.0011e+02	3.8544e+01	1.3853e+01	9.9770e+00	6.8645e+00	4.3242e+00	2.4616e+00
9.0477e+00	4.4189e+02	2.9660e+02	1.8654e+02	1.0036e+02	3.8920e+01	1.3970e+01	1.0077e+01	6.9351e+00	4.3853e+00	2.5050e+00
9.1106e+00	4.4606e+02	3.0130e+02	1.8938e+02	1.0140e+02	3.9119e+01	1.4086e+01	1.0240e+01	7.0501e+00	4.4579e+00	2.5216e+00
9.1737e+00	4.4684e+02	3.0201e+02	1.9044e+02	1.0201e+02	3.9344e+01	1.4209e+01	1.0266e+01	7.1315e+00	4.4958e+00	2.5370e+00
9.2366e+00	4.4912e+02	3.0300e+02	1.9127e+02	1.0279e+02	3.9505e+01	1.4337e+01	1.0454e+01	7.2104e+00	4.5355e+00	2.5732e+00
9.2995e+00	4.5185e+02	3.0684e+02	1.9137e+02	1.0398e+02	3.9888e+01	1.4581e+01	1.0593e+01	7.2743e+00	4.5820e+00	2.5936e+00
9.3625e+00	4.5587e+02	3.0798e+02	1.9367e+02	1.0437e+02	4.0279e+01	1.4639e+01	1.0595e+01	7.3562e+00	4.6426e+00	2.6242e+00
9.4254e+00	4.5872e+02	3.1016e+02	1.9542e+02	1.0445e+02	4.0431e+01	1.4749e+01	1.0777e+01	7.4325e+00	4.6753e+00	2.6441e+00
9.4881e+00	4.6193e+02	3.1287e+02	1.9746e+02	1.0570e+02	4.0914e+01	1.4876e+01	1.0843e+01	7.5030e+00	4.7297e+00	2.6679e+00
9.5507e+00	4.6434e+02	3.1515e+02	1.9840e+02	1.0689e+02	4.1214e+01	1.5012e+01	1.0971e+01	7.5955e+00	4.7824e+00	2.6832e+00
9.6136e+00	4.6971e+02	3.1584e+02	1.9845e+02	1.0677e+02	4.1497e+01	1.5242e+01	1.1140e+01	7.6697e+00	4.8311e+00	2.7239e+00
9.6766e+00	4.7038e+02	3.1953e+02	2.0036e+02	1.0772e+02	4.1759e+01	1.5407e+01	1.1256e+01	7.7133e+00	4.8541e+00	2.7553e+00
9.7393e+00	4.7413e+02	3.2105e+02	2.0135e+02	1.0874e+02	4.2145e+01	1.5432e+01	1.1362e+01	7.8325e+00	4.9291e+00	2.7820e+00
9.8020e+00	4.7824e+02	3.2432e+02	2.0292e+02	1.0933e+02	4.2390e+01	1.5666e+01	1.1446e+01	7.9065e+00	4.9777e+00	2.8003e+00
9.8649e+00	4.8176e+02	3.2524e+02	2.0360e+02	1.1043e+02	4.2608e+01	1.5841e+01	1.1545e+01	7.9396e+00	5.0314e+00	2.8347e+00
9.9278e+00	4.8360e+02	3.2548e+02	2.0606e+02	1.1088e+02	4.3037e+01	1.5947e+01	1.1647e+01	8.0532e+00	5.0768e+00	2.8464e+00
9.9904e+00	4.8751e+02	3.2820e+02	2.0664e+02	1.1112e+02	4.3339e+01	1.6123e+01	1.1750e+01	8.1171e+00	5.1178e+00	2.8712e+00
1.0053e+01	4.9137e+02	3.3078e+02	2.0713e+02	1.1170e+02	4.3573e+01	1.6246e+01	1.1819e+01	8.1946e+00	5.1617e+00	2.9109e+00
1.0116e+01	4.9488e+02	3.3310e+02	2.0926e+02	1.1249e+02	4.3696e+01	1.6359e+01	1.1987e+01	8.2618e+00	5.2484e+00	2.9396e+00
1.0179e+01	4.9575e+02	3.3528e+02	2.0978e+02	1.1315e+02	4.4160e+01	1.6525e+01	1.2065e+01	8.3723e+00	5.2651e+00	2.9620e+00
1.0242e+01	4.9966e+02	3.3687e+02	2.1118e+02	1.1396e+02	4.4490e+01	1.6681e+01	1.2193e+01	8.4284e+00	5.3209e+00	2.9865e+00
1.0305e+01	5.0541e+02	3.3860e+02	2.1212e+02	1.1479e+02	4.4977e+01	1.6884e+01	1.2312e+01	8.5405e+00	5.3773e+00	3.0155e+00
1.0368e+01	5.0843e+02	3.4104e+02	2.1465e+02	1.1480e+02	4.5285e+01	1.6959e+01	1.2365e+01	8.5863e+00	5.4483e+00	3.0511e+00
1.0430e+01	5.0902e+02	3.4251e+02	2.1498e+02	1.1549e+02	4.5484e+01	1.7158e+01	1.2560e+01	8.6654e+00	5.4627e+00	3.0736e+00
1.0493e+01	5.1439e+02	3.4582e+02	2.1719e+02	1.1624e+02	4.5819e+01	1.7286e+01	1.2673e+01	8.7967e+00	5.5242e+00	3.0973e+00
1.0556e+01	5.1532e+02	3.4581e+02	2.1773e+02	1.1678e+02	4.5938e+01	1.7455e+01	1.2762e+01	8.8499e+00	5.5859e+00	3.1265e+00
1.0619e+01	5.2043e+02	3.4858e+02	2.2043e+02	1.1820e+02	4.6477e+01	1.7519e+01	1.2884e+01	8.9209e+00	5.6248e+00	3.1443e+00
1.0682e+01	5.2181e+02	3.4990e+02	2.2133e+02	1.1820e+02	4.6625e+01	1.7685e+01	1.2972e+01	8.9671e+00	5.6831e+00	3.1767e+00
1.0745e+01	5.2478e+02	3.5125e+02	2.2219e+02	1.1879e+02	4.7031e+01	1.7751e+01	1.3080e+01	9.1295e+00	5.7414e+00	3.2199e+00
1.0807e+01	5.2534e+02	3.5317e+02	2.2371e+02	1.1988e+02	4.7248e+01	1.7923e+01	1.3132e+01	9.1572e+00	5.7792e+00	3.2255e+00
1.0870e+01	5.2807e+02	3.5672e+02	2.2503e+02	1.2054e+02	4.7786e+01	1.8022e+01	1.3299e+01	9.2414e+00	5.8283e+00	3.2567e+00
1.0933e+01	5.3165e+02	3.5657e+02	2.2672e+02	1.2118e+02	4.7813e+01	1.8228e+01	1.3469e+01	9.3009e+00	5.8615e+00	3.2791e+00
1.0996e+01	5.3369e+02	3.6004e+02	2.2751e+02	1.2206e+02	4.8110e+01	1.8415e+01	1.3543e+01	9.3717e+00	5.9159e+00	3.3066e+00
1.1059e+01	5.3770e+02	3.6157e+02	2.2848e+02	1.2252e+02	4.8273e+01	1.8480e+01	1.3545e+01	9.4430e+00	5.9741e+00	3.3468e+00
1.1121e+01	5.4175e+02	3.6444e+02	2.3041e+02	1.2339e+02	4.8518e+01	1.8654e+01	1.3725e+01	9.5252e+00	6.0316e+00	3.3830e+00
1.1184e+01	5.4220e+02	3.6646e+02	2.3137e+02	1.2418e+02	4.8901e+01	1.8750e+01	1.3813e+01	9.6244e+00	6.0773e+00	3.4066e+00
1.1247e+01	5.4788e+02	3.6810e+02	2.3270e+02	1.2391e+02	4.9142e+01	1.8827e+01	1.3925e+01	9.6955e+00	6.1088e+00	3.4258e+00
1.1310e+01	5.4618e+02	3.6982e+02	2.3457e+02	1.2471e+02	4.9572e+01	1.9055e+01	1.4013e+01	9.7807e+00	6.1860e+00	3.4526e+00
1.1373e+01	5.5148e+02	3.7149e+02	2.3600e+02	1.2569e+02	4.9721e+01	1.9153e+01	1.4197e+01	9.8758e+00	6.2581e+00	3.4905e+00
1.1436e+01	5.5315e+02	3.7223e+02	2.3675e+02	1.2600e+02	4.9932e+01	1.9293e+01	1.4230e+01	9.9706e+00	6.3067e+00	3.5295e+00
1.1498e+01	5.5614e+02	3.7452e+02	2.3821e+02	1.2662e+02	5.0173e+01	1.9494e+01	1.4451e+01	1.0069e+01	6.3570e+00	3.5614e+00
1.1561e+01	5.5849e+02	3.7791e+02	2.3929e+02	1.2730e+02	5.0565e+01	1.9649e+01	1.4500e+01	1.0145e+01	6.4123e+00	3.5751e+00
1.1624e+01	5.6221e+02	3.7843e+02	2.3975e+02	1.2782e+02	5.0867e+01	1.9697e+01	1.4602e+01	1.0171e+01	6.4284e+00	3.6079e+00
1.1687e+01	5.6557e+02	3.8096e+02	2.4239e+02	1.2864e+02	5.1043e+01	1.9865e+01	1.4731e+01	1.0295e+01	6.4911e+00	3.6475e+00
1.1750e+01	5.6952e+02	3.8185e+02	2.4346e+02	1.2935e+02	5.1299e+01	1.9952e+01	1.4799e+01	1.0374e+01	6.5534e+00	3.6588e+00
1.1813e+01	5.7140e+02	3.8414e+02	2.4444e+02	1.3008e+02	5.1554e+01	2.0189e+01	1.4932e+01	1.0433e+01	6.5813e+00	3.6831e+00
1.1876e+01	5.7274e+02	3.8801e+02	2.4555e+02	1.3052e+02	5.1719e+01	2.0278e+01	1.5044e+01	1.0462e+01	6.6398e+00	3.7216e+00
1.1938e+01	5.7832e+02	3.8794e+02	2.4640e+02	1.3111e+02	5.2572e+01	2.0343e+01	1.5074e+01	1.0553e+01	6.7049e+00	3.7487e+00
1.2001e+01	5.8080e+02	3.9125e+02	2.4822e+02	1.3210e+02	5.2554e+01	2.0530e+01	1.5219e+01	1.0673e+01	6.7803e+00	3.7684e+00
1.2064e+01	5.8014e+02	3.9301e+02	2.4828e+02	1.3298e+02	5.2752e+01	2.0671e+01	1.5344e+01	1.0724e+01	6.8392e+00	3.8240e+00
1.2127e+01	5.8433e+02	3.9424e+02	2.5023e+02	1.3351e+02	5.2972e+01	2.0841e+01	1.5471e+01	1.0823e+01	6.8799e+00	3.8310e+00
1.2190e+01	5.8588e+02	3.9862e+02	2.5136e+02	1.3394e+02	5.3244e+01	2.0942e+01	1.5563e+01	1.0916e+01	6.9328e+00	3.8789e+00
1.2252e+01	5.9285e+02	3.9757e+02	2.5274e+02	1.3450e+02	5.3555e+01	2.1010e+01	1.5705e+01	1.0967e+01	6.9946e+00	3.8960e+00
1.2315e+01	5.9270e+02	4.0005e+02	2.5425e+02	1.3536e+02	5.3784e+01	2.1096e+01	1.5847e+01	1.1081e+01	7.0331e+00	3.9161e+00
1.2378e+01	5.9540e+02	4.0197e+02	2.5526e+02	1.3535e+02	5.4208e+01	2.1320e+01	1.5925e+01	1.1171e+01	7.0595e+00	3.9579e+00
1.2441e+01	5.9983e+02	4.0443e+02	2.5657e+02	1.3651e+02	5.4232e+01	2.1409e+01	1.5988e+01	1.1171e+01	7.1471e+00	3.9837e+00
1.2504e+01	6.0159e+02	4.0463e+02	2.5798e+02	1.3681e+02	5.4697e+01	2.1553e+01	1.6123e+01	1.1281e+01	7.2201e+00	4.0083e+00
1.2566e+01	6.0387e+02	4.0689e+02	2.6003e+02	1.3745e+02	5.5069e+01	2.1702e+01	1.6234e+01	1.1383e+01	7.2649e+00	4.0478e+00
1.2629e+01	6.0808e+02	4.0882e+02	2.6024e+02	1.3850e+02	5.5212e+01	2.1824e+01	1.6357e+01	1.1490e+01	7.3031e+00	4.0623e+00
1.2692e+01	6.1173e+02	4.1179e+02	2.6094e+02	1.3863e+02	5.5258e+01	2.1969e+01	1.6454e+01	1.1551e+01	7.3584e+00	4.0997e+00
1.2755e+01	6.1319e+02	4.1416e+02	2.6165e+02	1.3948e+02	5.5849e+01	2.2119e+01	1.6494e+01	1.1622e+01	7.3811e+00	4.1351e+00
1.2818e+01	6.1507e+02	4.1449e+02	2.6226e+02	1.4036e+02	5.5995e+01	2.2235e+01	1.6663e+01	1.1702e+01	7.4583e+00	4.1552e+00
1.2881e+01	6.1910e+02	4.1830e+02	2.6419e+02	1.4089e+02	5.6328e+01	2.2277e+01	1.6706e+01	1.1772e+01	7.5280e+00	4.1841e+00
1.2944e+01	6.2051e+02	4.1808e+02	2.6572e+02	1.4165e+02	5.6524e+01	2.2476e+01	1.6823e+01	1.1868e+01	7.5628e+00	4.2111e+00
1.3006e+01	6.2202e+02	4.2089e+02	2.6696e+02	1.4212e+02	5.6666e+01	2.2502e+01	1.6951e+01	1.1915e+01	7.6164e+00	4.2376e+00
1.3069e+01	6.2630e+02	4.2251e+02	2.6752e+02	1.4291e+02	5.7163e+01	2.2788e+01	1.7062e+01	1.2005e+01	7.6856e+00	4.2654e+00
1.3132e+01	6.3109e+02	4.2360e+02	2.6915e+02	1.4312e+02	5.7237e+01	2.2996e+01	1.7155e+01	1.2096e+01	7.7379e+00	4.2987e+00
1.3195e+01	6.3426e+02	4.2827e+02	2.7076e+02	1.4372e+02	5.7626e+01	2.3068e+01	1.7277e+01	1.2173e+01	7.7765e+00	4.3213e+00
1.3258e+01	6.3689e+02	4.2803e+02	2.7058e+02	1.4388e+02	5.7818e+01	2.3120e+01	1.7332e+01	1.2258e+01	7.8167e+00	4.3552e+00
1.3321e+01	6.3691e+02	4.3068e+02	2.7273e+02	1.4486e+02	5.7971e+01	2.3278e+01	1.7449e+01	1.2286e+01	7.8893e+00	4.3907e+00
1.3383e+01	6.4093e+02	4.3396e+02	2.7381e+02	1.4598e+02	5.8231e+01	2.3369e+01	1.7579e+01	1.2415e+01	7.9438e+00	4.4268e+00
1.3446e+01	6.4450e+02	4.3389e+02	2.7525e+02	1.4579e+02	5.8662e+01	2.3556e+01	1.7760e+01	1.2473e+01	8.0053e+00	4.4307e+00
1.3509e+01	6.4255e+02	4.3604e+02	2.7593e+02	1.4625e+02	5.8844e+01	2.3686e+01	1.7786e+01	1.2576e+01	8.0033e+00	4.4747e+00
1.3572e+01	6.4450e+02	4.3811e+02	2.7711e+02	1.4688e+02	5.9216e+01	2.3714e+01	1.7933e+01	1.2609e+01	8.0832e+00	4.4960e+00
1.3635e+01	6.5019e+02	4.3984e+02	2.7718e+02	1.4814e+02	5.9436e+01	2.3905e+01	1.8026e+01	1.2698e+01	8.1298e+00	4.5195e+00
1.3698e+01	6.5186e+02	4.4160e+02	2.7846e+02	1.4811e+02	5.9699e+01	2.4097e+01	1.8126e+01	1.2826e+01	8.1802e+00	4.5694e+00
1.3760e+01	6.5616e+02	4.4468e+02	2.7895e+02	1.4904e+02	5.9671e+01	2.4208e+01	1.8206e+01	1.2882e+01	8.2428e+00	4.5938e+00
1.3823e+01	6.5762e+02	4.4619e+02	2.8247e+02	1.4980e+02	5.9898e+01	2.4267e+01	1.8350e+01	1.2900e+01	8.2765e+00	4.6262e+00
1.3886e+01	6.6100e+02	4.4925e+02	2.8284e+02	1.5038e+02	6.0389e+01	2.4402e+01	1.8400e+01	1.3076e+01	8.3916e+00	4.6483e+00
1.3949e+01	6.6203e+02	4.4979e+02	2.8260e+02	1.5108e+02	6.0381e+01	2.4591e+01	1.8519e+01	1.3115e+01	8.3899e+00	4.6751e+00
1.4012e+01	6.6543e+02	4.5128e+02	2.8444e+02	1.5148e+02	6.0685e+01	2.4721e+01	1.8641e+01	1.3241e+01	8.4769e+00	4.7354e+00
1.4074e+01	6.6890e+02	4.5215e+02	2.8546e+02	1.5260e+02	6.1123e+01	2.4802e+01	1.8702e+01	1.3282e+01	8.5195e+00	4.7325e+00
1.4137e+01	6.6908e+02	4.5427e+02	2.8629e+02	1.5264e+02	6.1167e+01	2.4972e+01	1.8808e+01	1.3330e+01	8.5662e+00	4.7747e+00
1.4200e+01	6.7391e+02	4.5725e+02	2.8760e+02	1.5261e+02	6.1450e+01	2.4973e+01	1.8935e+01	1.3434e+01	8.6190e+00	4.8007e+00
1.4263e+01	6.7670e+02	4.5628e+02	2.8742e+02	1.5375e+02	6.1722e+01	2.5196e+01	1.9027e+01	1.3489e+01	8.6636e+00	4.8400e+00
1.4326e+01	6.7723e+02	4.6068e+02	2.9005e+02	1.5393e+02	6.2060e+01	2.5427e+01	1.9147e+01	1.3603e+01	8.7274e+00	4.8592e+00
1.4389e+01	6.8006e+02	4.6220e+02	2.9032e+02	1.5481e+02	6.2293e+01	2.5450e+01	1.9293e+01	1.3685e+01	8.7839e+00	4.8898e+00
1.4452e+01	6.8417e+02	4.6489e+02	2.9154e+02	1.5523e+02	6.2450e+01	2.5527e+01	1.9340e+01	1.3764e+01	8.8293e+00	4.9228e+00
1.4514e+01	6.8757e+02	4.6728e+02	2.9294e+02	1.5584e+02	6.2858e+01	2.5677e+01	1.9465e+01	1.3867e+01	8.9049e+00	4.9599e+00
1.4577e+01	6.8924e+02	4.6836e+02	2.9248e+02	1.5678e+02	6.3149e+01	2.5818e+01	1.9643e+01	1.3883e+01	8.9349e+00	4.9813e+00
1.4640e+01	6.9185e+02	4.7059e+02	2.9511e+02	1.5696e+02	6.3340e+01	2.5904e+01	1.9622e+01	1.3973e+01	9.0043e+00	5.0121e+00
1.4703e+01	6.9378e+02	4.7153e+02	2.9616e+02	1.5783e+02	6.3398e+01	2.6056e+01	1.9763e+01	1.4023e+01	9.0384e+00	5.0429e+00
1.4766e+01	6.9485e+02	4.7243e+02	2.9668e+02	1.5823e+02	6.3853e+01	2.6233e+01	1.9879e+01	1.4157e+01	9.0919e+00	5.0682e+00
1.4829e+01	6.9965e+02	4.7623e+02	2.9791e+02	1.5927e+02	6.4106e+01	2.6364e+01	1.9914e+01	1.4169e+01	9.1398e+00	5.0906e+00
1.4891e+01	7.0014e+02	4.7697e+02	2.9948e+02	1.5956e+02	6.4345e+01	2.6511e+01	2.0081e+01	1.4255e+01	9.2010e+00	5.1281e+00
1.4954e+01	7.0420e+02	4.7917e+02	3.0058e+02	1.6022e+02	6.4537e+01	2.6570e+01	2.0198e+01	1.4335e+01	9.2514e+00	5.1474e+00
1.5017e+01	7.0554e+02	4.8033e+02	3.0241e+02	1.6133e+02	6.4791e+01	2.6706e+01	2.0296e+01	1.4452e+01	9.3155e+00	5.1776e+00
1.5080e+01	7.0941e+02	4.8084e+02	3.0333e+02	1.6135e+02	6.5008e+01	2.6788e+01	2.0383e+01	1.4511e+01	9.3568e+00	5.2227e+00
1.5143e+01	7.1100e+02	4.8311e+02	3.0357e+02	1.6223e+02	6.5171e+01	2.6929e+01	2.0451e+01	1.4603e+01	9.4298e+00	5.2459e+00
1.5206e+01	7.1251e+02	4.8497e+02	3.0570e+02	1.6282e+02	6.5409e+01	2.7061e+01	2.0569e+01	1.4701e+01	9.4698e+00	5.2755e+00
1.5268e+01	7.1402e+02	4.8897e+02	3.0651e+02	1.6386e+02	6.5678e+01	2.7117e+01	2.0685e+01	1.4707e+01	9.5147e+00	5.2847e+00
1.5331e+01	7.1934e+02	4.9013e+02	3.0805e+02	1.6401e+02	6.5841e+01	2.7213e+01	2.0751e+01	1.4819e+01	9.5672e+00	5.3326e+00
1.5394e+01	7.2044e+02	4.9110e+02	3.0874e+02	1.6415e+02	6.6115e+01	2.7371e+01	2.0910e+01	1.4874e+01	9.6169e+00	5.3692e+00
1.5457e+01	7.2360e+02	4.9314e+02	3.0985e+02	1.6446e+02	6.6440e+01	2.7521e+01	2.0986e+01	1.4942e+01	9.6701e+00	5.4012e+00
1.5520e+01	7.2542e+02	4.9597e+02	3.1047e+02	1.6448e+02	6.6537e+01	2.7711e+01	2.1092e+01	1.5018e+01	9.7328e+00	5.4286e+00
1.5582e+01	7.2627e+02	4.9552e+02	3.1080e+02	1.6602e+02	6.6489e+01	2.7747e+01	2.1131e+01	1.5123e+01	9.7911e+00	5.4574e+00
1.5645e+01	7.3113e+02	4.9760e+02	3.1230e+02	1.6651e+02	6.7024e+01	2.7917e+01	2.1250e+01	1.5192e+01	9.8043e+00	5.4857e+00
1.5708e+01	7.3227e+02	4.9982e+02	3.1409e+02	1.6712e+02	6.7178e+01	2.7976e+01	2.1392e+01	1.5239e+01	9.8807e+00	5.5146e+00
1.5771e+01	7.3760e+02	5.0125e+02	3.1425e+02	1.6761e+02	6.7290e+01	2.8142e+01	2.1485e+01	1.5320e+01	9.9211e+00	5.5471e+00
1.5834e+01	7.4034e+02	5.0264e+02	3.1580e+02	1.6843e+02	6.7709e+01	2.8272e+01	2.1546e+01	1.5383e+01	9.9747e+00	5.5753e+00
1.5897e+01	7.4133e+02	5.0532e+02	3.1681e+02	1.6839e+02	6.7701e+01	2.8449e+01	2.1651e+01	1.5511e+01	1.0037e+01	5.6107e+00
1.5960e+01	7.4449e+02	5.0642e+02	3.1765e+02	1.6905e+02	6.8013e+01	2.8507e+01	2.1760e+01	1.5534e+01	1.0060e+01	5.6568e+00
1.6022e+01	7.4627e+02	5.0660e+02	3.1951e+02	1.7025e+02	6.8143e+01	2.8688e+01	2.1879e+01	1.5611e+01	1.0138e+01	5.6626e+00
1.6085e+01	7.4938e+02	5.0734e+02	3.2004e+02	1.7072e+02	6.8510e+01	2.8736e+01	2.1969e+01	1.5660e+01	1.0171e+01	5.7138e+00
1.6148e+01	7.5173e+02	5.0980e+02	3.2050e+02	1.7116e+02	6.8852e+01	2.8841e+01	2.2068e+01	1.5765e+01	1.0207e+01	5.7418e+00
1.6211e+01	7.5273e+02	5.1209e+02	3.2242e+02	1.7190e+02	6.8975e+01	2.8936e+01	2.2143e+01	1.5892e+01	1.0307e+01	5.7702e+00
1.6274e+01	7.5607e+02	5.1101e+02	3.2288e+02	1.7228e+02	6.9135e+01	2.9097e+01	2.2251e+01	1.5927e+01	1.0316e+01	5.7996e+00
1.6336e+01	7.5827e+02	5.1425e+02	3.2514e+02	1.7295e+02	6.9547e+01	2.9177e+01	2.2312e+01	1.5976e+01	1.0380e+01	5.8085e+00
1.6399e+01	7.6242e+02	5.1765e+02	3.2518e+02	1.7319e+02	6.9689e+01	2.9328e+01	2.2457e+01	1.6067e+01	1.0434e+01	5.8476e+00
1.6462e+01	7.6245e+02	5.1601e+02	3.2620e+02	1.7379e+02	6.9833e+01	2.9462e+01	2.2458e+01	1.6141e+01	1.0496e+01	5.8813e+00
1.6525e+01	7.6504e+02	5.1947e+02	3.2699e+02	1.7430e+02	7.0081e+01	2.9556e+01	2.2637e+01	1.6248e+01	1.0555e+01	5.9154e+00
1.6588e+01	7.6635e+02	5.2242e+02	3.2783e+02	1.7509e+02	7.0484e+01	2.9704e+01	2.2665e+01	1.6306e+01	1.0608e+01	5.9493e+00
1.6651e+01	7.6659e+02	5.2227e+02	3.2888e+02	1.7541e+02	7.0524e+01	2.9641e+01	2.2771e+01	1.6394e+01	1.0660e+01	5.9739e+00
1.6714e+01	7.7288e+02	5.2412e+02	3.3022e+02	1.7583e+02	7.0624e+01	2.9883e+01	2.2904e+01	1.6421e+01	1.0656e+01	6.0087e+00
1.6776e+01	7.7309e+02	5.2539e+02	3.3089e+02	1.7696e+02	7.0847e+01	3.0017e+01	2.3018e+01	1.6532e+01	1.0740e+01	6.0514e+00
1.6839e+01	7.7526e+02	5.2641e+02	3.3182e+02	1.7754e+02	7.1184e+01	3.0124e+01	2.3020e+01	1.6575e+01	1.0811e+01	6.0661e+00
1.6902e+01	7.7889e+02	5.2916e+02	3.3325e+02	1.7799e+02	7.1521e+01	3.0239e+01	2.3167e+01	1.6690e+01	1.0827e+01	6.0968e+00
1.6965e+01	7.8106e+02	5.2921e+02	3.3452e+02	1.7747e+02	7.1790e+01	3.0348e+01	2.3305e+01	1.6708e+01	1.0909e+01	6.1248e+00
1.7028e+01	7.8547e+02	5.3074e+02	3.3426e+02	1.7848e+02	7.1933e+01	3.0410e+01	2.3315e+01	1.6793e+01	1.0929e+01	6.1482e+00
1.7090e+01	7.8642e+02	5.3321e+02	3.3554e+02	1.7946e+02	7.2234e+01	3.0525e+01	2.3417e+01	1.6859e+01	1.0977e+01	6.1911e+00
1.7153e+01	7.8887e+02	5.3422e+02	3.3724e+02	1.7920e+02	7.2540e+01	3.0653e+01	2.3460e+01	1.6942e+01	1.1049e+01	6.2065e+00
1.7216e+01	7.9222e+02	5.3569e+02	3.3683e+02	1.8028e+02	7.2645e+01	3.0686e+01	2.3624e+01	1.7049e+01	1.1059e+01	6.2447e+00
1.7279e+01	7.9330e+02	5.3718e+02	3.3942e+02	1.8130e+02	7.2852e+01	3.0821e+01	2.3699e+01	1.7084e+01	1.1130e+01	6.2768e+00
1.7342e+01	7.9476e+02	5.3808e+02	3.4010e+02	1.8122e+02	7.3039e+01	3.0966e+01	2.3795e+01	1.7181e+01	1.1209e+01	6.3167e+00
1.7405e+01	7.9516e+02	5.4021e+02	3.4063e+02	1.8233e+02	7.3091e+01	3.1078e+01	2.3920e+01	1.7221e+01	1.1245e+01	6.3527e+00
1.7468e+01	8.0073e+02	5.4148e+02	3.4187e+02	1.8288e+02	7.3497e+01	3.1196e+01	2.3989e+01	1.7282e+01	1.1295e+01	6.3743e+00
1.7530e+01	7.9944e+02	5.4192e+02	3.4363e+02	1.8352e+02	7.3618e+01	3.1330e+01	2.4065e+01	1.7373e+01	1.1354e+01	6.4095e+00
1.7593e+01	8.0632e+02	5.4324e+02	3.4555e+02	1.8354e+02	7.3869e+01	3.1477e+01	2.4150e+01	1.7461e+01	1.1405e+01	6.4299e+00
1.7656e+01	8.0622e+02	5.4522e+02	3.4515e+02	1.8377e+02	7.4072e+01	3.1539e+01	2.4266e+01	1.7534e+01	1.1455e+01	6.4635e+00
1.7719e+01	8.0842e+02	5.4727e+02	3.4645e+02	1.8440e+02	7.4414e+01	3.1582e+01	2.4320e+01	1.7669e+01	1.1519e+01	6.4809e+00
1.7782e+01	8.1162e+02	5.4824e+02	3.4729e+02	1.8498e+02	7.4582e+01	3.1764e+01	2.4444e+01	1.7673e+01	1.1543e+01	6.5248e+00
1.7845e+01	8.1454e+02	5.5005e+02	3.4756e+02	1.8581e+02	7.4830e+01	3.1919e+01	2.4476e+01	1.7754e+01	1.1606e+01	6.5332e+00
1.7907e+01	8.1569e+02	5.5013e+02	3.4866e+02	1.8618e+02	7.5118e+01	3.1978e+01	2.4649e+01	1.7832e+01	1.1639e+01	6.5791e+00
1.7970e+01	8.1888e+02	5.5186e+02	3.4826e+02	1.8697e+02	7.5185e+01	3.2076e+01	2.4685e+01	1.7843e+01	1.1710e+01	6.6197e+00
1.8033e+01	8.2092e+02	5.5361e+02	3.5079e+02	1.8717e+02	7.5667e+01	3.2194e+01	2.4812e+01	1.7965e+01	1.1770e+01	6.6327e+00
1.8096e+01	8.2163e+02	5.5564e+02	3.5150e+02	1.8803e+02	7.5614e+01	3.2257e+01	2.4921e+01	1.7971e+01	1.1821e+01	6.6731e+00
1.8159e+01	8.2363e+02	5.5733e+02	3.5225e+02	1.8862e+02	7.5860e+01	3.2493e+01	2.4994e+01	1.8092e+01	1.1852e+01	6.6856e+00
1.8221e+01	8.2653e+02	5.5789e+02	3.5294e+02	1.8874e+02	7.6028e+01	3.2607e+01	2.5116e+01	1.8186e+01	1.1877e+01	6.7056e+00
1.8284e+01	8.3181e+02	5.5924e+02	3.5493e+02	1.8997e+02	7.6249e+01	3.2695e+01	2.5177e+01	1.8206e+01	1.1954e+01	6.7414e+00
1.8347e+01	8.3097e+02	5.6140e+02	3.5460e+02	1.8934e+02	7.6406e+01	3.2715e+01	2.5251e+01	1.8306e+01	1.1992e+01	6.7668e+00
1.8410e+01	8.3221e+02	5.6252e+02	3.5662e+02	1.9035e+02	7.6825e+01	3.2866e+01	2.5328e+01	1.8342e+01	1.2047e+01	6.8152e+00
1.8473e+01	8.3740e+02	5.6425e+02	3.5900e+02	1.9114e+02	7.6897e+01	3.3079e+01	2.5442e+01	1.8406e+01	1.2078e+01	6.8200e+00
1.8536e+01	8.3979e+02	5.6795e+02	3.5902e+02	1.9190e+02	7.7178e+01	3.3124e+01	2.5507e+01	1.8476e+01	1.2125e+01	6.8506e+00
1.8598e+01	8.4109e+02	5.6734e+02	3.5881e+02	1.9147e+02	7.7326e+01	3.3204e+01	2.5592e+01	1.8557e+01	1.2182e+01	6.8978e+00
1.8661e+01	8.4127e+02	5.6888e+02	3.6089e+02	1.9240e+02	7.7589e+01	3.3409e+01	2.5709e+01	1.8637e+01	1.2198e+01	6.9080e+00
1.8724e+01	8.4441e+02	5.7140e+02	3.6177e+02	1.9353e+02	7.7762e+01	3.3448e+01	2.5726e+01	1.8715e+01	1.2268e+01	6.9346e+00
1.8787e+01	8.4536e+02	5.7291e+02	3.6272e+02	1.9340e+02	7.7909e+01	3.3550e+01	2.5887e+01	1.8762e+01	1.2339e+01	6.9867e+00
1.8850e+01	8.4706e+02	5.7383e+02	3.6359e+02	1.9417e+02	7.8253e+01	3.3687e+01	2.5951e+01	1.8853e+01	1.2370e+01	7.0149e+00
1.8913e+01	8.5058e+02	5.7458e+02	3.6432e+02	1.9456e+02	7.8555e+01	3.3816e+01	2.6018e+01	1.8911e+01	1.2428e+01	7.0377e+00
1.8975e+01	8.5190e+02	5.7630e+02	3.6431e+02	1.9532e+02	7.8698e+01	3.3953e+01	2.6038e+01	1.8931e+01	1.2476e+01	7.0715e+00
1.9038e+01	8.5448e+02	5.7902e+02	3.6587e+02	1.9596e+02	7.8902e+01	3.3960e+01	2.6130e+01	1.9008e+01	1.2560e+01	7.1024e+00
1.9101e+01	8.5737e+02	5.8150e+02	3.6658e+02	1.9587e+02	7.9055e+01	3.4009e+01	2.6205e+01	1.9079e+01	1.2589e+01	7.1234e+00
1.9164e+01	8.5924e+02	5.8188e+02	3.6737e+02	1.9687e+02	7.9122e+01	3.4048e+01	2.6307e+01	1.9116e+01	1.2625e+01	7.1689e+00
1.9227e+01	8.6083e+02	5.8296e+02	3.6881e+02	1.9693e+02	7.9404e+01	3.4228e+01	2.6448e+01	1.9235e+01	1.2708e+01	7.1978e+00
1.9290e+01	8.6166e+02	5.8436e+02	3.6938e+02	1.9739e+02	7.9676e+01	3.4389e+01	2.6508e+01	1.9309e+01	1.2713e+01	7.2146e+00
1.9352e+01	8.6489e+02	5.8648e+02	3.7032e+02	1.9817e+02	7.9789e+01	3.4474e+01	2.6528e+01	1.9337e+01	1.2772e+01	7.2426e+00
1.9415e+01	8.6680e+02	5.8845e+02	3.7158e+02	1.9836e+02	8.0126e+01	3.4496e+01	2.6671e+01	1.9402e+01	1.2835e+01	7.2633e+00
1.9478e+01	8.7179e+02	5.8877e+02	3.7158e+02	1.9854e+02	8.0212e+01	3.4724e+01	2.6767e+01	1.9461e+01	1.2873e+01	7.2940e+00
1.9541e+01	8.7265e+02	5.9147e+02	3.7311e+02	1.9962e+02	8.0476e+01	3.4725e+01	2.6843e+01	1.9605e+01	1.2944e+01	7.3140e+00
1.9604e+01	8.7460e+02	5.9252e+02	3.7439e+02	2.0027e+02	8.0690e+01	3.4949e+01	2.6911e+01	1.9642e+01	1.2983e+01	7.3702e+00
1.9666e+01	8.7606e+02	5.9371e+02	3.7442e+02	2.0059e+02	8.0870e+01	3.4926e+01	2.6979e+01	1.9719e+01	1.3070e+01	7.3685e+00
1.9729e+01	8.8182e+02	5.9392e+02	3.7608e+02	2.0100e+02	8.1008e+01	3.5006e+01	2.7130e+01	1.9752e+01	1.3100e+01	7.4091e+00
1.9792e+01	8.8075e+02	5.9663e+02	3.7693e+02	2.0160e+02	8.1247e+01	3.5208e+01	2.7174e+01	1.9852e+01	1.3130e+01	7.4287e+00
1.9855e+01	8.8519e+02	5.9660e+02	3.7761e+02	2.0183e+02	8.1838e+01	3.5255e+01	2.7292e+01	1.9870e+01	1.3224e+01	7.4788e+00
1.9918e+01	8.8635e+02	5.9948e+02	3.7908e+02	2.0265e+02	8.1876e+01	3.5360e+01	2.7331e+01	1.9900e+01	1.3198e+01	7.5073e+00
1.9981e+01	8.8772e+02	6.0002e+02	3.7905e+02	2.0259e+02	8.1955e+01	3.5596e+01	2.7508e+01	2.0049e+01	1.3261e+01	7.5179e+00
2.0043e+01	8.9072e+02	6.0193e+02	3.8075e+02	2.0350e+02	8.2237e+01	3.5661e+01	2.7485e+01	2.0075e+01	1.3275e+01	7.5429e+00
2.0106e+01	8.9181e+02	6.0275e+02	3.8233e+02	2.0437e+02	8.2300e+01	3.5706e+01	2.7674e+01	2.0160e+01	1.3373e+01	7.5802e+00
2.0169e+01	8.9758e+02	6.0353e+02	3.8247e+02	2.0466e+02	8.2498e+01	3.5869e+01	2.7634e+01	2.0250e+01	1.3443e+01	7.6093e+00
2.0232e+01	8.9854e+02	6.0367e+02	3.8302e+02	2.0530e+02	8.2728e+01	3.5950e+01	2.7765e+01	2.0302e+01	1.3465e+01	7.6501e+00
2.0295e+01	8.9936e+02	6.0744e+02	3.8473e+02	2.0563e+02	8.3009e+01	3.6043e+01	2.7829e+01	2.0372e+01	1.3514e+01	7.6667e+00
2.0358e+01	9.0163e+02	6.0933e+02	3.8430e+02	2.0612e+02	8.3361e+01	3.6125e+01	2.7969e+01	2.0408e+01	1.3530e+01	7.6924e+00
2.0421e+01	9.0448e+02	6.1013e+02	3.8539e+02	2.0653e+02	8.3439e+01	3.6327e+01	2.8040e+01	2.0467e+01	1.3561e+01	7.7047e+00
2.0483e+01	9.0480e+02	6.1059e+02	3.8670e+02	2.0722e+02	8.3591e+01	3.6281e+01	2.8188e+01	2.0563e+01	1.3648e+01	7.7523e+00
2.0546e+01	9.0842e+02	6.1156e+02	3.8736e+02	2.0753e+02	8.3931e+01	3.6352e+01	2.8195e+01	2.0631e+01	1.3684e+01	7.7732e+00
2.0609e+01	9.1188e+02	6.1522e+02	3.8856e+02	2.0825e+02	8.4073e+01	3.6545e+01	2.8260e+01	2.0637e+01	1.3711e+01	7.8004e+00
2.0672e+01	9.1345e+02	6.1640e+02	3.8992e+02	2.0888e+02	8.4222e+01	3.6656e+01	2.8358e+01	2.0743e+01	1.3781e+01	7.8375e+00
2.0735e+01	9.1404e+02	6.1635e+02	3.9003e+02	2.0913e+02	8.4538e+01	3.6727e+01	2.8423e+01	2.0802e+01	1.3809e+01	7.8679e+00
2.0798e+01	9.1631e+02	6.1695e+02	3.9056e+02	2.0950e+02	8.4816e+01	3.6803e+01	2.8577e+01	2.0912e+01	1.3863e+01	7.8849e+00
2.0860e+01	9.1896e+02	6.2014e+02	3.9130e+02	2.0996e+02	8.4684e+01	3.6979e+01	2.8614e+01	2.0940e+01	1.3918e+01	7.8999e+00
2.0923e+01	9.2171e+02	6.2009e+02	3.9236e+02	2.1078e+02	8.5021e+01	3.6978e+01	2.8714e+01	2.1011e+01	1.3954e+01	7.9258e+00
2.0986e+01	9.2256e+02	6.2129e+02	3.9295e+02	2.1066e+02	8.5196e+01	3.7074e+01	2.8819e+01	2.1048e+01	1.3993e+01	7.9669e+00
2.1049e+01	9.2608e+02	6.2330e+02	3.9426e+02	2.1145e+02	8.5422e+01	3.7150e+01	2.8848e+01	2.1123e+01	1.4053e+01	7.9890e+00
2.1111e+01	9.2732e+02	6.2384e+02	3.9492e+02	2.1190e+02	8.5762e+01	3.7390e+01	2.8900e+01	2.1226e+01	1.4094e+01	8.0048e+00
2.1174e+01	9.2927e+02	6.2561e+02	3.9581e+02	2.1209e+02	8.5885e+01	3.7420e+01	2.9033e+01	2.1218e+01	1.4105e+01	8.0489e+00
2.1237e+01	9.3047e+02	6.2695e+02	3.9684e+02	2.1264e+02	8.5890e+01	3.7501e+01	2.9074e+01	2.1364e+01	1.4175e+01	8.0673e+00
2.1300e+01	9.3419e+02	6.2847e+02	3.9771e+02	2.1285e+02	8.6295e+01	3.7577e+01	2.9108e+01	2.1345e+01	1.4240e+01	8.1076e+00
2.1363e+01	9.3623e+02	6.2906e+02	3.9945e+02	2.1343e+02	8.6202e+01	3.7714e+01	2.9232e+01	2.1423e+01	1.4268e+01	8.1168e+00
2.1426e+01	9.3701e+02	6.3068e+02	3.9939e+02	2.1386e+02	8.6565e+01	3.7840e+01	2.9339e+01	2.1427e+01	1.4311e+01	8.1465e+00
2.1489e+01	9.4119e+02	6.3285e+02	4.0078e+02	2.1448e+02	8.6689e+01	3.7968e+01	2.9434e+01	2.1571e+01	1.4379e+01	8.1870e+00
2.1552e+01	9.4191e+02	6.3555e+02	4.0118e+02	2.1508e+02	8.7010e+01	3.7903e+01	2.9493e+01	2.1625e+01	1.4412e+01	8.2183e+00
2.1614e+01	9.4626e+02	6.3493e+02	4.0194e+02	2.1515e+02	8.7379e+01	3.8099e+01	2.9530e+01	2.1663e+01	1.4459e+01	8.2422e+00
2.1677e+01	9.4783e+02	6.3663e+02	4.0306e+02	2.1591e+02	8.7468e+01	3.8223e+01	2.9622e+01	2.1698e+01	1.4456e+01	8.2633e+00
2.1740e+01	9.5061e+02	6.3646e+02	4.0405e+02	2.1644e+02	8.7493e+01	3.8278e+01	2.9737e+01	2.1785e+01	1.4560e+01	8.2636e+00
2.1803e+01	9.5072e+02	6.3917e+02	4.0497e+02	2.1720e+02	8.7866e+01	3.8374e+01	2.9783e+01	2.1866e+01	1.4616e+01	8.3232e+00
2.1866e+01	9.5476e+02	6.4110e+02	4.0540e+02	2.1714e+02	8.8032e+01	3.8483e+01	2.9908e+01	2.1884e+01	1.4639e+01	8.3413e+00
2.1928e+01	9.5504e+02	6.4261e+02	4.0635e+02	2.1800e+02	8.8091e+01	3.8518e+01	2.9964e+01	2.1968e+01	1.4691e+01	8.3919e+00
2.1991e+01	9.5879e+02	6.4395e+02	4.0714e+02	2.1787e+02	8.8337e+01	3.8662e+01	3.0021e+01	2.2065e+01	1.4753e+01	8.3980e+00
2.2054e+01	9.5786e+02	6.4452e+02	4.0870e+02	2.1869e+02	8.8312e+01	3.8756e+01	3.0100e+01	2.2050e+01	1.4769e+01	8.4237e+00
2.2117e+01	9.6207e+02	6.4586e+02	4.0952e+02	2.1895e+02	8.8588e+01	3.8825e+01	3.0146e+01	2.2161e+01	1.4812e+01	8.4369e+00
2.2180e+01	9.6152e+02	6.4721e+02	4.0933e+02	2.1952e+02	8.8804e+01	3.8934e+01	3.0208e+01	2.2192e+01	1.4870e+01	8.4579e+00
2.2243e+01	9.6627e+02	6.4755e+02	4.1047e+02	2.1982e+02	8.8751e+01	3.8995e+01	3.0307e+01	2.2223e+01	1.4920e+01	8.5026e+00
2.2305e+01	9.6676e+02	6.4881e+02	4.1150e+02	2.2038e+02	8.9409e+01	3.9053e+01	3.0429e+01	2.2293e+01	1.4961e+01	8.5053e+00
2.2368e+01	9.6629e+02	6.5195e+02	4.1114e+02	2.2057e+02	8.9427e+01	3.9152e+01	3.0443e+01	2.2390e+01	1.4991e+01	8.5670e+00
2.2431e+01	9.7192e+02	6.5265e+02	4.1362e+02	2.2150e+02	8.9702e+01	3.9247e+01	3.0520e+01	2.2410e+01	1.5034e+01	8.5596e+00
2.2494e+01	9.7410e+02	6.5316e+02	4.1480e+02	2.2217e+02	8.9850e+01	3.9307e+01	3.0625e+01	2.2467e+01	1.5075e+01	8.6115e+00
2.2557e+01	9.7406e+02	6.5416e+02	4.1596e+02	2.2223e+02	9.0023e+01	3.9475e+01	3.0649e+01	2.2567e+01	1.5151e+01	8.6211e+00
2.2619e+01	9.7706e+02	6.5740e+02	4.1585e+02	2.2219e+02	9.0230e+01	3.9602e+01	3.0768e+01	2.2604e+01	1.5150e+01	8.6597e+00
2.2682e+01	9.7949e+02	6.5623e+02	4.1628e+02	2.2302e+02	9.0535e+01	3.9629e+01	3.0860e+01	2.2650e+01	1.5184e+01	8.6949e+00
2.2745e+01	9.8286e+02	6.5894e+02	4.1659e+02	2.2349e+02	9.0660e+01	3.9810e+01	3.0983e+01	2.2744e+01	1.5244e+01	8.7022e+00
2.2808e+01	9.8445e+02	6.5884e+02	4.1778e+02	2.2412e+02	9.0716e+01	3.9894e+01	3.1083e+01	2.2810e+01	1.5287e+01	8.7353e+00
2.2871e+01	9.8534e+02	6.6067e+02	4.1895e+02	2.2438e+02	9.1020e+01	3.9987e+01	3.1131e+01	2.2885e+01	1.5318e+01	8.7607e+00
2.2934e+01	9.8743e+02	6.6155e+02	4.2040e+02	2.2477e+02	9.1181e+01	4.0101e+01	3.1198e+01	2.2881e+01	1.5372e+01	8.7899e+00
2.2997e+01	9.9042e+02	6.6308e+02	4.2028e+02	2.2533e+02	9.1181e+01	4.0129e+01	3.1267e+01	2.2969e+01	1.5415e+01	8.8222e+00
2.3059e+01	9.9230e+02	6.6318e+02	4.2083e+02	2.2563e+02	9.1452e+01	4.0195e+01	3.1359e+01	2.3001e+01	1.5426e+01	8.8456e+00
2.3122e+01	9.9100e+02	6.6545e+02	4.2216e+02	2.2569e+02	9.1824e+01	4.0280e+01	3.1413e+01	2.3065e+01	1.5518e+01	8.8776e+00
2.3185e+01	9.9519e+02	6.6766e+02	4.2210e+02	2.2626e+02	9.1907e+01	4.0380e+01	3.1400e+01	2.3106e+01	1.5551e+01	8.8885e+00
2.3248e+01	9.9603e+02	6.6840e+02	4.2425e+02	2.2704e+02	9.2023e+01	4.0449e+01	3.1535e+01	2.3235e+01	1.5584e+01	8.9235e+00
2.3311e+01	9.9822e+02	6.7022e+02	4.2451e+02	2.2751e+02	9.2253e+01	4.0591e+01	3.1627e+01	2.3271e+01	1.5643e+01	8.9633e+00
2.3374e+01	1.0010e+03	6.7120e+02	4.2535e+02	2.2764e+02	9.2459e+01	4.0655e+01	3.1693e+01	2.3307e+01	1.5673e+01	8.9782e+00
2.3436e+01	1.0026e+03	6.7340e+02	4.2571e+02	2.2791e+02	9.2535e+01	4.0805e+01	3.1770e+01	2.3396e+01	1.5706e+01	9.0046e+00
2.3499e+01	1.0039e+03	6.7485e+02	4.2717e+02	2.2853e+02	9.2837e+01	4.0974e+01	3.1857e+01	2.3416e+01	1.5757e+01	9.0240e+00
2.3562e+01	1.0068e+03	6.7554e+02	4.2788e+02	2.2922e+02	9.2932e+01	4.0944e+01	3.1913e+01	2.3430e+01	1.5769e+01	9.0639e+00
2.3625e+01	1.0090e+03	6.7723e+02	4.2860e+02	2.2969e+02	9.2797e+01	4.1086e+01	3.1964e+01	2.3535e+01	1.5850e+01	9.0774e+00
2.3688e+01	1.0107e+03	6.7735e+02	4.2880e+02	2.2936e+02	9.3361e+01	4.1177e+01	3.2060e+01	2.3590e+01	1.5881e+01	9.1170e+00
2.3751e+01	1.0119e+03	6.7880e+02	4.2974e+02	2.3080e+02	9.3540e+01	4.1250e+01	3.2125e+01	2.3641e+01	1.5909e+01	9.1392e+00
2.3814e+01	1.0127e+03	6.8054e+02	4.3071e+02	2.3059e+02	9.3586e+01	4.1346e+01	3.2199e+01	2.3731e+01	1.5961e+01	9.1769e+00
2.3876e+01	1.0161e+03	6.8306e+02	4.3239e+02	2.3105e+02	9.3750e+01	4.1422e+01	3.2255e+01	2.3726e+01	1.6009e+01	9.1872e+00
2.3939e+01	1.0168e+03	6.8307e+02	4.3380e+02	2.3169e+02	9.4033e+01	4.1541e+01	3.2343e+01	2.3792e+01	1.6044e+01	9.2184e+00
2.4002e+01	1.0193e+03	6.8382e+02	4.3408e+02	2.3219e+02	9.4085e+01	4.1535e+01	3.2395e+01	2.3852e+01	1.6097e+01	9.2454e+00
2.4065e+01	1.0228e+03	6.8550e+02	4.3460e+02	2.3288e+02	9.4537e+01	4.1684e+01	3.2483e+01	2.3946e+01	1.6100e+01	9.2648e+00
2.4127e+01	1.0233e+03	6.8642e+02	4.3507e+02	2.3334e+02	9.4661e+01	4.1748e+01	3.2545e+01	2.3978e+01	1.6146e+01	9.2634e+00
2.4190e+01	1.0235e+03	6.8899e+02	4.3674e+02	2.3337e+02	9.4522e+01	4.1855e+01	3.2639e+01	2.4098e+01	1.6211e+01	9.3202e+00
2.4253e+01	1.0265e+03	6.8867e+02	4.3797e+02	2.3387e+02	9.4799e+01	4.1940e+01	3.2739e+01	2.4077e+01	1.6251e+01	9.2964e+00
2.4316e+01	1.0289e+03	6.8959e+02	4.3767e+02	2.3440e+02	9.4897e+01	4.1968e+01	3.2779e+01	2.4156e+01	1.6285e+01	9.3661e+00
2.4379e+01	1.0323e+03	6.9164e+02	4.3867e+02	2.3458e+02	9.5407e+01	4.2132e+01	3.2882e+01	2.4254e+01	1.6307e+01	9.3760e+00
2.4442e+01	1.0329e+03	6.9237e+02	4.3873e+02	2.3501e+02	9.5445e+01	4.2229e+01	3.2926e+01	2.4305e+01	1.6339e+01	9.4048e+00
2.4505e+01	1.0341e+03	6.9483e+02	4.3959e+02	2.3555e+02	9.5566e+01	4.2265e+01	3.2995e+01	2.4329e+01	1.6416e+01	9.4284e+00
2.4567e+01	1.0370e+03	6.9605e+02	4.4086e+02	2.3558e+02	9.5773e+01	4.2341e+01	3.3056e+01	2.4358e+01	1.6436e+01	9.4485e+00
2.4630e+01	1.0394e+03	6.9586e+02	4.4141e+02	2.3643e+02	9.5977e+01	4.2387e+01	3.3054e+01	2.4454e+01	1.6488e+01	9.4775e+00
2.4693e+01	1.0428e+03	6.9861e+02	4.4265e+02	2.3701e+02	9.6289e+01	4.2486e+01	3.3178e+01	2.4509e+01	1.6509e+01	9.5238e+00
2.4756e+01	1.0418e+03	7.0004e+02	4.4269e+02	2.3682e+02	9.6352e+01	4.2536e+01	3.3241e+01	2.4519e+01	1.6572e+01	9.5170e+00
2.4819e+01	1.0437e+03	7.0171e+02	4.4366e+02	2.3760e+02	9.6615e+01	4.2647e+01	3.3396e+01	2.4569e+01	1.6611e+01	9.5461e+00
2.4881e+01	1.0463e+03	6.9990e+02	4.4478e+02	2.3806e+02	9.6812e+01	4.2752e+01	3.3439e+01	2.4692e+01	1.6660e+01	9.5774e+00
2.4944e+01	1.0501e+03	7.0303e+02	4.4569e+02	2.3883e+02	9.6852e+01	4.2788e+01	3.3454e+01	2.4657e+01	1.6674e+01	9.5892e+00
2.5007e+01	1.0494e+03	7.0365e+02	4.4673e+02	2.3889e+02	9.7064e+01	4.2987e+01	3.3446e+01	2.4802e+01	1.6715e+01	9.6335e+00
2.5070e+01	1.0519e+03	7.0549e+02	4.4682e+02	2.3910e+02	9.7385e+01	4.3132e+01	3.3622e+01	2.4835e+01	1.6765e+01	9.6312e+00
2.5133e+01	1.0528e+03	7.0695e+02	4.4704e+02	2.3969e+02	9.7604e+01	4.3116e+01	3.3668e+01	2.4913e+01	1.6772e+01	9.6796e+00
2.5196e+01	1.0565e+03	7.0753e+02	4.4885e+02	2.4028e+02	9.7662e+01	4.3093e+01	3.3779e+01	2.4942e+01	1.6809e+01	9.6823e+00
2.5259e+01	1.0577e+03	7.0900e+02	4.4863e+02	2.4052e+02	9.7745e+01	4.3309e+01	3.3804e+01	2.4947e+01	1.6885e+01	9.7067e+00
2.5321e+01	1.0588e+03	7.0874e+02	4.5045e+02	2.4043e+02	9.8076e+01	4.3408e+01	3.3899e+01	2.5056e+01	1.6929e+01	9.7341e+00
2.5384e+01	1.0622e+03	7.1017e+02	4.5076e+02	2.4098e+02	9.8127e+01	4.3408e+01	3.3943e+01	2.5063e+01	1.6949e+01	9.7541e+00
2.5447e+01	1.0636e+03	7.1202e+02	4.5230e+02	2.4161e+02	9.8040e+01	4.3531e+01	3.4020e+01	2.5106e+01	1.7005e+01	9.7964e+00
2.5510e+01	1.0669e+03	7.1414e+02	4.5310e+02	2.4189e+02	9.8511e+01	4.3603e+01	3.4126e+01	2.5140e+01	1.7017e+01	9.8204e+00
2.5573e+01	1.0680e+03	7.1423e+02	4.5345e+02	2.4225e+02	9.8633e+01	4.3685e+01	3.4177e+01	2.5237e+01	1.7072e+01	9.8417e+00
2.5636e+01	1.0706e+03	7.1628e+02	4.5441e+02	2.4267e+02	9.8658e+01	4.3797e+01	3.4202e+01	2.5245e+01	1.7127e+01	9.8604e+00
2.5698e+01	1.0707e+03	7.1733e+02	4.5447e+02	2.4304e+02	9.8974e+01	4.3833e+01	3.4304e+01	2.5338e+01	1.7169e+01	9.8793e+00
2.5761e+01	1.0759e+03	7.1877e+02	4.5564e+02	2.4334e+02	9.9137e+01	4.3957e+01	3.4282e+01	2.5370e+01	1.7179e+01	9.8784e+00
2.5824e+01	1.0770e+03	7.1926e+02	4.5615e+02	2.4394e+02	9.9467e+01	4.4077e+01	3.4409e+01	2.5422e+01	1.7201e+01	9.9182e+00
2.5887e+01	1.0787e+03	7.1951e+02	4.5647e+02	2.4411e+02	9.9621e+01	4.4125e+01	3.4514e+01	2.5499e+01	1.7233e+01	9.9313e+00
2.5950e+01	1.0804e+03	7.2209e+02	4.5797e+02	2.4474e+02	9.9845e+01	4.4223e+01	3.4478e+01	2.5516e+01	1.7320e+01	9.9641e+00
2.6012e+01	1.0820e+03	7.2408e+02	4.5884e+02	2.4507e+02	9.9875e+01	4.4354e+01	3.4663e+01	2.5625e+01	1.7349e+01	9.9960e+00
2.6075e+01	1.0843e+03	7.2401e+02	4.5900e+02	2.4517e+02	9.9896e+01	4.4354e+01	3.4633e+01	2.5672e+01	1.7369e+01	1.0030e+01
2.6138e+01	1.0857e+03	7.2577e+02	4.5965e+02	2.4538e+02	1.0040e+02	4.4522e+01	3.4710e+01	2.5748e+01	1.7428e+01	1.0029e+01
2.6201e+01	1.0888e+03	7.2657e+02	4.6137e+02	2.4619e+02	1.0051e+02	4.4525e+01	3.4800e+01	2.5754e+01	1.7432e+01	1.0059e+01
2.6264e+01	1.0896e+03	7.2798e+02	4.6159e+02	2.4663e+02	1.0070e+02	4.4589e+01	3.4889e+01	2.5849e+01	1.7511e+01	1.0115e+01
2.6327e+01	1.0921e+03	7.2910e+02	4.6293e+02	2.4732e+02	1.0076e+02	4.4643e+01	3.4933e+01	2.5860e+01	1.7549e+01	1.0105e+01
2.6389e+01	1.0931e+03	7.3048e+02	4.6270e+02	2.4754e+02	1.0095e+02	4.4737e+01	3.4990e+01	2.5906e+01	1.7549e+01	1.0146e+01
2.6452e+01	1.0959e+03	7.3054e+02	4.6352e+02	2.4811e+02	1.0136e+02	4.4746e+01	3.5110e+01	2.5889e+01	1.7607e+01	1.0166e+01
2.6515e+01	1.0982e+03	7.3259e+02	4.6468e+02	2.4840e+02	1.0148e+02	4.4929e+01	3.5147e+01	2.6048e+01	1.7658e+01	1.0180e+01
2.6578e+01	1.1011e+03	7.3380e+02	4.6593e+02	2.4942e+02	1.0149e+02	4.4975e+01	3.5229e+01	2.6070e+01	1.7677e+01	1.0214e+01
2.6641e+01	1.1013e+03	7.3426e+02	4.6601e+02	2.4942e+02	1.0174e+02	4.5158e+01	3.5269e+01	2.6094e+01	1.7705e+01	1.0235e+01
2.6704e+01	1.1016e+03	7.3497e+02	4.6646e+02	2.4963e+02	1.0174e+02	4.5182e+01	3.5370e+01	2.6148e+01	1.7784e+01	1.0243e+01
2.6767e+01	1.1033e+03	7.3725e+02	4.6804e+02	2.5013e+02	1.0206e+02	4.5249e+01	3.5382e+01	2.6246e+01	1.7798e+01	1.0269e+01
2.6829e+01	1.1061e+03	7.3807e+02	4.6802e+02	2.5055e+02	1.0207e+02	4.5330e+01	3.5526e+01	2.6219e+01	1.7831e+01	1.0309e+01
2.6892e+01	1.1070e+03	7.3891e+02	4.6874e+02	2.5056e+02	1.0235e+02	4.5339e+01	3.5495e+01	2.6301e+01	1.7878e+01	1.0328e+01
2.6955e+01	1.1087e+03	7.4014e+02	4.6960e+02	2.5064e+02	1.0250e+02	4.5477e+01	3.5595e+01	2.6375e+01	1.7900e+01	1.0351e+01
2.7018e+01	1.1095e+03	7.4090e+02	4.7054e+02	2.5164e+02	1.0273e+02	4.5575e+01	3.5657e+01	2.6413e+01	1.7931e+01	1.0365e+01
2.7081e+01	1.1112e+03	7.4102e+02	4.7185e+02	2.5172e+02	1.0302e+02	4.5591e+01	3.5708e+01	2.6494e+01	1.7975e+01	1.0374e+01
2.7143e+01	1.1134e+03	7.4303e+02	4.7240e+02	2.5268e+02	1.0296e+02	4.5737e+01	3.5795e+01	2.6501e+01	1.8002e+01	1.0403e+01
2.7206e+01	1.1150e+03	7.4286e+02	4.7277e+02	2.5299e+02	1.0320e+02	4.5737e+01	3.5875e+01	2.6561e+01	1.8054e+01	1.0432e+01
2.7269e+01	1.1190e+03	7.4602e+02	4.7289e+02	2.5298e+02	1.0339e+02	4.5885e+01	3.5884e+01	2.6589e+01	1.8072e+01	1.0445e+01
2.7332e+01	1.1189e+03	7.4598e+02	4.7419e+02	2.5300e+02	1.0352e+02	4.5931e+01	3.5993e+01	2.6652e+01	1.8104e+01	1.0492e+01
2.7395e+01	1.1209e+03	7.4669e+02	4.7429e+02	2.5420e+02	1.0365e+02	4.6017e+01	3.6115e+01	2.6709e+01	1.8134e+01	1.0499e+01
2.7458e+01	1.1205e+03	7.4786e+02	4.7590e+02	2.5444e+02	1.0394e+02	4.6152e+01	3.6200e+01	2.6737e+01	1.8157e+01	1.0508e+01
2.7520e+01	1.1239e+03	7.5013e+02	4.7687e+02	2.5475e+02	1.0407e+02	4.6219e+01	3.6172e+01	2.6824e+01	1.8204e+01	1.0534e+01
2.7583e+01	1.1263e+03	7.4988e+02	4.7657e+02	2.5458e+02	1.0413e+02	4.6372e+01	3.6261e+01	2.6898e+01	1.8237e+01	1.0549e+01
2.7646e+01	1.1269e+03	7.5324e+02	4.7842e+02	2.5525e+02	1.0450e+02	4.6392e+01	3.6360e+01	2.6875e+01	1.8262e+01	1.0560e+01
2.7709e+01	1.1264e+03	7.5396e+02	4.7694e+02	2.5541e+02	1.0457e+02	4.6391e+01	3.6341e+01	2.6939e+01	1.8298e+01	1.0594e+01
2.7772e+01	1.1311e+03	7.5634e+02	4.7849e+02	2.5583e+02	1.0467e+02	4.6518e+01	3.6443e+01	2.6994e+01	1.8316e+01	1.0625e+01
2.7835e+01	1.1322e+03	7.5644e+02	4.7939e+02	2.5670e+02	1.0492e+02	4.6583e+01	3.6494e+01	2.6989e+01	1.8380e+01	1.0630e+01
2.7897e+01	1.1316e+03	7.5694e+02	4.8016e+02	2.5629e+02	1.0497e+02	4.6654e+01	3.6588e+01	2.7108e+01	1.8426e+01	1.0661e+01
2.7960e+01	1.1362e+03	7.5872e+02	4.8173e+02	2.5668e+02	1.0499e+02	4.6817e+01	3.6594e+01	2.7137e+01	1.8441e+01	1.0693e+01
2.8023e+01	1.1370e+03	7.5836e+02	4.8198e+02	2.5760e+02	1.0523e+02	4.6755e+01	3.6703e+01	2.7181e+01	1.8498e+01	1.0689e+01
2.8086e+01	1.1364e+03	7.5882e+02	4.8273e+02	2.5847e+02	1.0553e+02	4.6886e+01	3.6827e+01	2.7197e+01	1.8535e+01	1.0721e+01
2.8149e+01	1.1399e+03	7.6106e+02	4.8346e+02	2.5842e+02	1.0567e+02	4.6969e+01	3.6817e+01	2.7285e+01	1.8582e+01	1.0744e+01
2.8212e+01	1.1411e+03	7.6258e+02	4.8417e+02	2.5851e+02	1.0569e+02	4.7046e+01	3.6924e+01	2.7336e+01	1.8616e+01	1.0766e+01
2.8274e+01	1.1409e+03	7.6368e+02	4.8450e+02	2.5900e+02	1.0593e+02	4.7067e+01	3.6918e+01	2.7370e+01	1.8691e+01	1.0767e+01
2.8337e+01	1.1438e+03	7.6402e+02	4.8527e+02	2.5956e+02	1.0615e+02	4.7181e+01	3.6985e+01	2.7410e+01	1.8667e+01	1.0804e+01
2.8400e+01	1.1465e+03	7.6527e+02	4.8526e+02	2.5987e+02	1.0631e+02	4.7236e+01	3.7072e+01	2.7504e+01	1.8696e+01	1.0816e+01
2.8463e+01	1.1453e+03	7.6759e+02	4.8608e+02	2.6062e+02	1.0644e+02	4.7361e+01	3.7109e+01	2.7494e+01	1.8753e+01	1.0861e+01
2.8526e+01	1.1486e+03	7.6824e+02	4.8761e+02	2.6080e+02	1.0672e+02	4.7493e+01	3.7276e+01	2.7543e+01	1.8765e+01	1.0865e+01
2.8589e+01	1.1519e+03	7.7000e+02	4.8792e+02	2.6134e+02	1.0689e+02	4.7506e+01	3.7285e+01	2.7559e+01	1.8830e+01	1.0897e+01
2.8651e+01	1.1516e+03	7.7093e+02	4.8863e+02	2.6147e+02	1.0683e+02	4.7602e+01	3.7288e+01	2.7636e+01	1.8847e+01	1.0907e+01
2.8714e+01	1.1548e+03	7.7063e+02	4.8982e+02	2.6209e+02	1.0719e+02	4.7617e+01	3.7355e+01	2.7675e+01	1.8879e+01	1.0940e+01
2.8777e+01	1.1558e+03	7.7271e+02	4.9027e+02	2.6209e+02	1.0701e+02	4.7717e+01	3.7446e+01	2.7734e+01	1.8918e+01	1.0966e+01
2.8840e+01	1.1569e+03	7.7384e+02	4.9049e+02	2.6260e+02	1.0739e+02	4.7762e+01	3.7541e+01	2.7792e+01	1.8930e+01	1.0995e+01
2.8903e+01	1.1597e+03	7.7472e+02	4.9149e+02	2.6305e+02	1.0756e+02	4.7839e+01	3.7512e+01	2.7839e+01	1.8997e+01	1.0998e+01
2.8966e+01	1.1608e+03	7.7674e+02	4.9226e+02	2.6301e+02	1.0759e+02	4.8017e+01	3.7630e+01	2.7843e+01	1.9036e+01	1.1024e+01
2.9028e+01	1.1632e+03	7.7644e+02	4.9243e+02	2.6281e+02	1.0791e+02	4.7998e+01	3.7672e+01	2.7915e+01	1.9073e+01	1.1055e+01
2.9091e+01	1.1650e+03	7.7852e+02	4.9362e+02	2.6353e+02	1.0812e+02	4.8154e+01	3.7698e+01	2.7973e+01	1.9084e+01	1.1051e+01
2.9154e+01	1.1677e+03	7.7909e+02	4.9411e+02	2.6430e+02	1.0824e+02	4.8176e+01	3.7730e+01	2.8011e+01	1.9123e+01	1.1079e+01
2.9217e+01	1.1696e+03	7.7970e+02	4.9500e+02	2.6442e+02	1.0839e+02	4.8310e+01	3.7925e+01	2.8121e+01	1.9132e+01	1.1091e+01
2.9280e+01	1.1704e+03	7.8065e+02	4.9604e+02	2.6499e+02	1.0846e+02	4.8323e+01	3.7898e+01	2.8114e+01	1.9218e+01	1.1114e+01
2.9343e+01	1.1732e+03	7.8294e+02	4.9673e+02	2.6542e+02	1.0877e+02	4.8512e+01	3.7962e+01	2.8169e+01	1.9241e+01	1.1152e+01
2.9405e+01	1.1737e+03	7.8392e+02	4.9577e+02	2.6549e+02	1.0865e+02	4.8480e+01	3.7964e+01	2.8208e+01	1.9253e+01	1.1149e+01
2.9468e+01	1.1766e+03	7.8512e+02	4.9730e+02	2.6590e+02	1.0880e+02	4.8516e+01	3.8122e+01	2.8298e+01	1.9293e+01	1.1177e+01
2.9531e+01	1.1778e+03	7.8568e+02	4.9835e+02	2.6643e+02	1.0904e+02	4.8660e+01	3.8178e+01	2.8306e+01	1.9349e+01	1.1201e+01
2.9594e+01	1.1798e+03	7.8760e+02	4.9889e+02	2.6665e+02	1.0927e+02	4.8718e+01	3.8242e+01	2.8363e+01	1.9341e+01	1.1235e+01
2.9657e+01	1.1826e+03	7.8836e+02	4.9899e+02	2.6716e+02	1.0940e+02	4.8784e+01	3.8247e+01	2.8429e+01	1.9414e+01	1.1256e+01
2.9720e+01	1.1831e+03	7.8902e+02	4.9996e+02	2.6748e+02	1.0961e+02	4.8883e+01	3.8333e+01	2.8476e+01	1.9453e+01	1.1249e+01
2.9782e+01	1.1847e+03	7.8879e+02	4.9986e+02	2.6810e+02	1.0983e+02	4.8956e+01	3.8465e+01	2.8501e+01	1.9450e+01	1.1275e+01
2.9845e+01	1.1849e+03	7.8947e+02	5.0157e+02	2.6828e+02	1.0973e+02	4.8950e+01	3.8515e+01	2.8539e+01	1.9485e+01	1.1304e+01
2.9908e+01	1.1888e+03	7.9151e+02	5.0286e+02	2.6874e+02	1.0988e+02	4.9203e+01	3.8564e+01	2.8561e+01	1.9525e+01	1.1316e+01
2.9971e+01	1.1891e+03	7.9410e+02	5.0290e+02	2.6883e+02	1.1023e+02	4.9208e+01	3.8592e+01	2.8594e+01	1.9593e+01	1.1331e+01
3.0034e+01	1.1918e+03	7.9357e+02	5.0279e+02	2.6925e+02	1.1040e+02	4.9283e+01	3.8609e+01	2.8690e+01	1.9611e+01	1.1369e+01
3.0096e+01	1.1937e+03	7.9410e+02	5.0414e+02	2.6964e+02	1.1047e+02	4.9343e+01	3.8759e+01	2.8745e+01	1.9616e+01	1.1390e+01
3.0159e+01	1.1965e+03	7.9589e+02	5.0499e+02	2.7005e+02	1.1063e+02	4.9423e+01	3.8774e+01	2.8786e+01	1.9661e+01	1.1415e+01
3.0222e+01	1.1962e+03	7.9816e+02	5.0587e+02	2.7043e+02	1.1057e+02	4.9463e+01	3.8780e+01	2.8823e+01	1.9697e+01	1.1435e+01
3.0285e+01	1.1972e+03	7.9750e+02	5.0515e+02	2.7084e+02	1.1088e+02	4.9526e+01	3.8879e+01	2.8853e+01	1.9744e+01	1.1446e+01
3.0348e+01	1.2011e+03	8.0003e+02	5.0582e+02	2.7121e+02	1.1109e+02	4.9616e+01	3.8969e+01	2.8897e+01	1.9761e+01	1.1449e+01
3.0411e+01	1.2030e+03	7.9948e+02	5.0673e+02	2.7124e+02	1.1101e+02	4.9650e+01	3.8953e+01	2.8918e+01	1.9822e+01	1.1501e+01
3.0474e+01	1.2032e+03	8.0155e+02	5.0770e+02	2.7208e+02	1.1146e+02	4.9764e+01	3.9056e+01	2.8994e+01	1.9830e+01	1.1503e+01
3.0536e+01	1.2020e+03	8.0333e+02	5.0845e+02	2.7179e+02	1.1167e+02	4.9803e+01	3.9071e+01	2.9054e+01	1.9835e+01	1.1518e+01
3.0599e+01	1.2067e+03	8.0418e+02	5.0822e+02	2.7258e+02	1.1161e+02	4.9905e+01	3.9153e+01	2.9050e+01	1.9855e+01	1.1568e+01
3.0662e+01	1.2084e+03	8.0466e+02	5.0830e+02	2.7313e+02	1.1187e+02	4.9947e+01	3.9238e+01	2.9101e+01	1.9897e+01	1.1556e+01
3.0725e+01	1.2087e+03	8.0589e+02	5.1008e+02	2.7356e+02	1.1202e+02	5.0023e+01	3.9225e+01	2.9176e+01	1.9943e+01	1.1575e+01
3.0788e+01	1.2112e+03	8.0787e+02	5.1053e+02	2.7316e+02	1.1221e+02	5.0159e+01	3.9320e+01	2.9229e+01	2.0018e+01	1.1598e+01
3.0851e+01	1.2133e+03	8.0859e+02	5.1147e+02	2.7394e+02	1.1243e+02	5.0130e+01	3.9409e+01	2.9231e+01	1.9998e+01	1.1628e+01
3.0913e+01	1.2129e+03	8.0827e+02	5.1204e+02	2.7445e+02	1.1261e+02	5.0186e+01	3.9455e+01	2.9260e+01	2.0050e+01	1.1677e+01
3.0976e+01	1.2152e+03	8.0967e+02	5.1251e+02	2.7434e+02	1.1265e+02	5.0358e+01	3.9533e+01	2.9322e+01	2.0065e+01	1.1671e+01
3.1039e+01	1.2195e+03	8.1009e+02	5.1303e+02	2.7474e+02	1.1273e+02	5.0359e+01	3.9601e+01	2.9376e+01	2.0127e+01	1.1714e+01
3.1102e+01	1.2209e+03	8.1169e+02	5.1364e+02	2.7513e+02	1.1294e+02	5.0431e+01	3.9737e+01	2.9416e+01	2.0154e+01	1.1716e+01
3.1165e+01	1.2240e+03	8.1271e+02	5.1463e+02	2.7549e+02	1.1314e+02	5.0546e+01	3.9677e+01	2.9538e+01	2.0166e+01	1.1724e+01
3.1228e+01	1.2241e+03	8.1422e+02	5.1475e+02	2.7592e+02	1.1312e+02	5.0556e+01	3.9780e+01	2.9484e+01	2.0202e+01	1.1754e+01
3.1290e+01	1.2244e+03	8.1647e+02	5.1586e+02	2.7635e+02	1.1338e+02	5.0609e+01	3.9770e+01	2.9523e+01	2.0248e+01	1.1764e+01
3.1353e+01	1.2248e+03	8.1488e+02	5.1707e+02	2.7671e+02	1.1383e+02	5.0762e+01	3.9842e+01	2.9601e+01	2.0248e+01	1.1775e+01
3.1416e+01	1.2282e+03	8.1633e+02	5.1701e+02	2.7730e+02	1.1376e+02	5.0823e+01	3.9912e+01	2.9681e+01	2.0313e+01	1.1796e+01
3.1479e+01	1.2270e+03	8.1907e+02	5.1749e+02	2.7772e+02	1.1384e+02	5.0822e+01	3.9977e+01	2.9682e+01	2.0328e+01	1.1796e+01
3.1542e+01	1.2294e+03	8.1902e+02	5.1836e+02	2.7766e+02	1.1389e+02	5.0951e+01	4.0006e+01	2.9765e+01	2.0356e+01	1.1843e+01
3.1604e+01	1.2305e+03	8.2033e+02	5.1946e+02	2.7762e+02	1.1394e+02	5.1019e+01	4.0117e+01	2.9823e+01	2.0383e+01	1.1869e+01
3.1667e+01	1.2314e+03	8.2068e+02	5.1963e+02	2.7829e+02	1.1418e+02	5.1099e+01	4.0181e+01	2.9829e+01	2.0443e+01	1.1862e+01
3.1730e+01	1.2327e+03	8.2312e+02	5.1988e+02	2.7913e+02	1.1436e+02	5.1056e+01	4.0243e+01	2.9876e+01	2.0456e+01	1.1889e+01
3.1793e+01	1.2371e+03	8.2392e+02	5.2115e+02	2.7945e+02	1.1447e+02	5.1159e+01	4.0323e+01	2.9921e+01	2.0455e+01	1.1910e+01
3.1856e+01	1.2373e+03	8.2438e+02	5.2206e+02	2.7973e+02	1.1474e+02	5.1243e+01	4.0329e+01	2.9970e+01	2.0509e+01	1.1928e+01
3.1919e+01	1.2393e+03	8.2683e+02	5.2197e+02	2.7949e+02	1.1488e+02	5.1332e+01	4.0292e+01	3.0081e+01	2.0546e+01	1.1944e+01
3.1982e+01	1.2414e+03	8.2664e+02	5.2278e+02	2.8014e+02	1.1516e+02	5.1400e+01	4.0361e+01	3.0056e+01	2.0556e+01	1.1972e+01
3.2044e+01	1.2452e+03	8.2830e+02	5.2293e+02	2.8038e+02	1.1506e+02	5.1437e+01	4.0475e+01	3.0123e+01	2.0618e+01	1.1979e+01
3.2107e+01	1.2453e+03	8.2864e+02	5.2429e+02	2.8080e+02	1.1533e+02	5.1550e+01	4.0509e+01	3.0185e+01	2.0622e+01	1.1995e+01