#All power spectra in columns 2-12 are dimensionless \Delta^2 and shot noise-subtracted.
#Columns: k[h/Mpc],z=1.8010e-02,z=2.2867e-01,z=5.1945e-01,z=1.0278e+00,z=1.9666e+00,z=3.0050e+00,z=3.3349e+00,z=3.7408e+00,z=4.2536e+00,z=4.9294e+00
7.8850e-02	1.0126e-01	8.2820e-02	6.2670e-02	3.9760e-02	1.9960e-02	1.1180e-02	9.5700e-03	8.0200e-03	6.5500e-03	5.1500e-03
1.3942e-01	3.4541e-01	2.8177e-01	2.1232e-01	1.3364e-01	6.6340e-02	3.6890e-02	3.1530e-02	2.6380e-02	2.1480e-02	1.6860e-02
1.9608e-01	8.0068e-01	6.5426e-01	4.9463e-01	3.1193e-01	1.5509e-01	8.6420e-02	7.3910e-02	6.1880e-02	5.0450e-02	3.9630e-02
2.5530e-01	1.1480e+00	9.1476e-01	6.7032e-01	4.0742e-01	1.9590e-01	1.0760e-01	9.1780e-02	7.6660e-02	6.2350e-02	4.8870e-02
3.2048e-01	1.7205e+00	1.3282e+00	9.3431e-01	5.3301e-01	2.3970e-01	1.2773e-01	1.0836e-01	9.0020e-02	7.2840e-02	5.6810e-02
3.8451e-01	2.4420e+00	1.8857e+00	1.3236e+00	7.4687e-01	3.3310e-01	1.7746e-01	1.5059e-01	1.2518e-01	1.0137e-01	7.9160e-02
4.4429e-01	3.7409e+00	2.7311e+00	1.7951e+00	9.4719e-01	4.0441e-01	2.1041e-01	1.7748e-01	1.4656e-01	1.1784e-01	9.1310e-02
5.0416e-01	3.8447e+00	2.7206e+00	1.7803e+00	9.7520e-01	4.3847e-01	2.2906e-01	1.9300e-01	1.5913e-01	1.2770e-01	9.8740e-02
5.6910e-01	5.2138e+00	3.8273e+00	2.5760e+00	1.3597e+00	5.4350e-01	2.6342e-01	2.1861e-01	1.7757e-01	1.4045e-01	1.0709e-01
6.3423e-01	6.8280e+00	4.7378e+00	3.0445e+00	1.5290e+00	5.7265e-01	2.6819e-01	2.2176e-01	1.7982e-01	1.4230e-01	1.0884e-01
6.9501e-01	8.2167e+00	5.6646e+00	3.6435e+00	1.7537e+00	6.4092e-01	3.0724e-01	2.5568e-01	2.0850e-01	1.6567e-01	1.2692e-01
7.5582e-01	9.3188e+00	6.4191e+00	4.1724e+00	2.0050e+00	7.3178e-01	3.4696e-01	2.8749e-01	2.3330e-01	1.8440e-01	1.4052e-01
8.1958e-01	1.0934e+01	7.5609e+00	4.8942e+00	2.2822e+00	8.1631e-01	3.8364e-01	3.1737e-01	2.5712e-01	2.0292e-01	1.5446e-01
8.8301e-01	1.3245e+01	9.0429e+00	5.7567e+00	2.7099e+00	9.6290e-01	4.4313e-01	3.6336e-01	2.9134e-01	2.2726e-01	1.7080e-01
9.4349e-01	1.5864e+01	1.0626e+01	6.6512e+00	3.0543e+00	1.0368e+00	4.5750e-01	3.7363e-01	2.9920e-01	2.3381e-01	1.7653e-01
1.0056e+00	1.7238e+01	1.1383e+01	7.2298e+00	3.3477e+00	1.1400e+00	4.9610e-01	4.0264e-01	3.1976e-01	2.4725e-01	1.8433e-01
1.0702e+00	1.9582e+01	1.2961e+01	8.3171e+00	3.7080e+00	1.2262e+00	5.3255e-01	4.3159e-01	3.4208e-01	2.6387e-01	1.9619e-01
1.1343e+00	2.1977e+01	1.4555e+01	9.2156e+00	4.1499e+00	1.3667e+00	5.8167e-01	4.6966e-01	3.7094e-01	2.8512e-01	2.1119e-01
1.1961e+00	2.4040e+01	1.6114e+01	1.0387e+01	4.7280e+00	1.4499e+00	6.1453e-01	4.9732e-01	3.9413e-01	3.0438e-01	2.2679e-01
1.2578e+00	2.7442e+01	1.8259e+01	1.1811e+01	5.2262e+00	1.5640e+00	6.3838e-01	5.1215e-01	4.0263e-01	3.0870e-01	2.2854e-01
1.3214e+00	3.0703e+01	2.0034e+01	1.2709e+01	5.6502e+00	1.6685e+00	6.9615e-01	5.5974e-01	4.4051e-01	3.3745e-01	2.4892e-01
1.3846e+00	3.2062e+01	2.1323e+01	1.3651e+01	6.2855e+00	1.8206e+00	7.3950e-01	5.8913e-01	4.5837e-01	3.4665e-01	2.5255e-01
1.4465e+00	3.5087e+01	2.4032e+01	1.5038e+01	6.8434e+00	1.9966e+00	7.9089e-01	6.2590e-01	4.8380e-01	3.6356e-01	2.6311e-01
1.5086e+00	3.8218e+01	2.6285e+01	1.6417e+01	7.2990e+00	2.0691e+00	8.2007e-01	6.4875e-01	5.0217e-01	3.7854e-01	2.7488e-01
1.5718e+00	4.1956e+01	2.8262e+01	1.7580e+01	7.8834e+00	2.2163e+00	8.8230e-01	7.0127e-01	5.4422e-01	4.0963e-01	2.9571e-01
1.6355e+00	4.4819e+01	3.0759e+01	1.8844e+01	8.6007e+00	2.4015e+00	9.4057e-01	7.3787e-01	5.6499e-01	4.2048e-01	3.0146e-01
1.6983e+00	4.7059e+01	3.2437e+01	1.9784e+01	9.1541e+00	2.5344e+00	9.7277e-01	7.6456e-01	5.8746e-01	4.3824e-01	3.1364e-01
1.7610e+00	5.1196e+01	3.5236e+01	2.1502e+01	9.6819e+00	2.7439e+00	1.0270e+00	8.0146e-01	6.0961e-01	4.4966e-01	3.1878e-01
1.8240e+00	5.4251e+01	3.7474e+01	2.2777e+01	1.0820e+01	2.9396e+00	1.0557e+00	8.1879e-01	6.2098e-01	4.5755e-01	3.2414e-01
1.8865e+00	5.7829e+01	3.9455e+01	2.3958e+01	1.1584e+01	3.1365e+00	1.1395e+00	8.8483e-01	6.6940e-01	4.9104e-01	3.4641e-01
1.9491e+00	6.0133e+01	4.1617e+01	2.6156e+01	1.2186e+01	3.2491e+00	1.1639e+00	8.9788e-01	6.7539e-01	4.9363e-01	3.4773e-01
2.0114e+00	6.4901e+01	4.4880e+01	2.7344e+01	1.2945e+01	3.5461e+00	1.2336e+00	9.5285e-01	7.1665e-01	5.2171e-01	3.6462e-01
2.0739e+00	6.8235e+01	4.7657e+01	2.8677e+01	1.3847e+01	3.6046e+00	1.2751e+00	9.8525e-01	7.4224e-01	5.4274e-01	3.8143e-01
2.1374e+00	7.1621e+01	4.9849e+01	3.0739e+01	1.4694e+01	3.8287e+00	1.3376e+00	1.0211e+00	7.6110e-01	5.5217e-01	3.8630e-01
2.2003e+00	7.6517e+01	5.2750e+01	3.2811e+01	1.5411e+01	3.9936e+00	1.4061e+00	1.0813e+00	8.0908e-01	5.8574e-01	4.0668e-01
2.2630e+00	7.9825e+01	5.5749e+01	3.3248e+01	1.6438e+01	4.3144e+00	1.4554e+00	1.1063e+00	8.1763e-01	5.8655e-01	4.0556e-01
2.3260e+00	8.1755e+01	5.7908e+01	3.5235e+01	1.7083e+01	4.5059e+00	1.5258e+00	1.1622e+00	8.6001e-01	6.1623e-01	4.2474e-01
2.3889e+00	8.8218e+01	6.0676e+01	3.6173e+01	1.8074e+01	4.6912e+00	1.5502e+00	1.1780e+00	8.7497e-01	6.3174e-01	4.3679e-01
2.4512e+00	9.1678e+01	6.2224e+01	3.9358e+01	1.8943e+01	4.8610e+00	1.6122e+00	1.2236e+00	9.0444e-01	6.4825e-01	4.4591e-01
2.5138e+00	9.1572e+01	6.5313e+01	3.9602e+01	1.9336e+01	5.0680e+00	1.7242e+00	1.2968e+00	9.4790e-01	6.7134e-01	4.5720e-01
2.5771e+00	1.0065e+02	7.0031e+01	4.1916e+01	2.0363e+01	5.2625e+00	1.7685e+00	1.3368e+00	9.8348e-01	6.9930e-01	4.7570e-01
2.6402e+00	1.0417e+02	7.1470e+01	4.3480e+01	2.1158e+01	5.6494e+00	1.8274e+00	1.3716e+00	1.0040e+00	7.1273e-01	4.8574e-01
2.7029e+00	1.0687e+02	7.5347e+01	4.5965e+01	2.1835e+01	5.8933e+00	1.9058e+00	1.4221e+00	1.0342e+00	7.3143e-01	4.9729e-01
2.7656e+00	1.1183e+02	7.5764e+01	4.6194e+01	2.2714e+01	6.0763e+00	1.9534e+00	1.4676e+00	1.0761e+00	7.6284e-01	5.1494e-01
2.8287e+00	1.1467e+02	7.8771e+01	4.8437e+01	2.3840e+01	6.2845e+00	2.0138e+00	1.5098e+00	1.1042e+00	7.7967e-01	5.2405e-01
2.8915e+00	1.1915e+02	8.2210e+01	5.0196e+01	2.4141e+01	6.5527e+00	2.1091e+00	1.5826e+00	1.1517e+00	8.0414e-01	5.3534e-01
2.9535e+00	1.2059e+02	8.3013e+01	5.1883e+01	2.5854e+01	7.0041e+00	2.1980e+00	1.6466e+00	1.1911e+00	8.2642e-01	5.4859e-01
3.0161e+00	1.2785e+02	8.7967e+01	5.3657e+01	2.6613e+01	7.1048e+00	2.2241e+00	1.6562e+00	1.2034e+00	8.4539e-01	5.6711e-01
3.0794e+00	1.3153e+02	9.1955e+01	5.5931e+01	2.7680e+01	7.3880e+00	2.3270e+00	1.7363e+00	1.2498e+00	8.6608e-01	5.7531e-01
3.1428e+00	1.3641e+02	9.3276e+01	5.7501e+01	2.8383e+01	7.8038e+00	2.4174e+00	1.8040e+00	1.3002e+00	8.9942e-01	5.9346e-01
3.2055e+00	1.3835e+02	9.7240e+01	5.9605e+01	2.9886e+01	8.0491e+00	2.4794e+00	1.8405e+00	1.3204e+00	9.1306e-01	6.0296e-01
3.2681e+00	1.4321e+02	1.0113e+02	6.2512e+01	3.0925e+01	8.3008e+00	2.5776e+00	1.9050e+00	1.3607e+00	9.3652e-01	6.1390e-01
3.3312e+00	1.4764e+02	1.0227e+02	6.3243e+01	3.1915e+01	8.7104e+00	2.6690e+00	1.9805e+00	1.4175e+00	9.6940e-01	6.2947e-01
3.3941e+00	1.5179e+02	1.0510e+02	6.6088e+01	3.2874e+01	8.9795e+00	2.7531e+00	2.0210e+00	1.4252e+00	9.7029e-01	6.3336e-01
3.4564e+00	1.5565e+02	1.0743e+02	6.7458e+01	3.3913e+01	9.1881e+00	2.8595e+00	2.1035e+00	1.4958e+00	1.0206e+00	6.6313e-01
3.5188e+00	1.5858e+02	1.1190e+02	6.9847e+01	3.4752e+01	9.5938e+00	2.8903e+00	2.1258e+00	1.5069e+00	1.0261e+00	6.6871e-01
3.5820e+00	1.6260e+02	1.1617e+02	7.2075e+01	3.6502e+01	1.0024e+01	2.9908e+00	2.1882e+00	1.5483e+00	1.0505e+00	6.7872e-01
3.6451e+00	1.6939e+02	1.1977e+02	7.3815e+01	3.7101e+01	1.0224e+01	3.0720e+00	2.2563e+00	1.5937e+00	1.0831e+00	7.0231e-01
3.7076e+00	1.7307e+02	1.2148e+02	7.5538e+01	3.7964e+01	1.0427e+01	3.1767e+00	2.3260e+00	1.6381e+00	1.1084e+00	7.1148e-01
3.7706e+00	1.7882e+02	1.2649e+02	7.7530e+01	3.9130e+01	1.0841e+01	3.2560e+00	2.3802e+00	1.6718e+00	1.1273e+00	7.2428e-01
3.8336e+00	1.8567e+02	1.2973e+02	8.0346e+01	4.0108e+01	1.1259e+01	3.3334e+00	2.4204e+00	1.7001e+00	1.1465e+00	7.3535e-01
3.8965e+00	1.8745e+02	1.3296e+02	8.1998e+01	4.1472e+01	1.1541e+01	3.4619e+00	2.5256e+00	1.7655e+00	1.1835e+00	7.5550e-01
3.9588e+00	1.9609e+02	1.3642e+02	8.3096e+01	4.2168e+01	1.1887e+01	3.5402e+00	2.5736e+00	1.8059e+00	1.2121e+00	7.6729e-01
4.0211e+00	1.9927e+02	1.4028e+02	8.5284e+01	4.2791e+01	1.2325e+01	3.6614e+00	2.6667e+00	1.8597e+00	1.2384e+00	7.8378e-01
4.0845e+00	2.0264e+02	1.4237e+02	8.9168e+01	4.3805e+01	1.2711e+01	3.7624e+00	2.7327e+00	1.9031e+00	1.2706e+00	8.0443e-01
4.1477e+00	2.0573e+02	1.4653e+02	8.9586e+01	4.5111e+01	1.2925e+01	3.8383e+00	2.7585e+00	1.9165e+00	1.2819e+00	8.1159e-01
4.2105e+00	2.1363e+02	1.4858e+02	9.1051e+01	4.6826e+01	1.3290e+01	4.0008e+00	2.8809e+00	1.9873e+00	1.3090e+00	8.1766e-01
4.2733e+00	2.1597e+02	1.5310e+02	9.3285e+01	4.8007e+01	1.3522e+01	3.9999e+00	2.8861e+00	2.0137e+00	1.3468e+00	8.4715e-01
4.3362e+00	2.2370e+02	1.5655e+02	9.5435e+01	4.8581e+01	1.4054e+01	4.1520e+00	2.9991e+00	2.0691e+00	1.3648e+00	8.5343e-01
4.3992e+00	2.2681e+02	1.5844e+02	9.7679e+01	4.9921e+01	1.4377e+01	4.2386e+00	3.0715e+00	2.1397e+00	1.4113e+00	8.7363e-01
4.4615e+00	2.2861e+02	1.6295e+02	9.9121e+01	5.1302e+01	1.4827e+01	4.3322e+00	3.1248e+00	2.1563e+00	1.4217e+00	8.8632e-01
4.5242e+00	2.3563e+02	1.6611e+02	1.0178e+02	5.1858e+01	1.5158e+01	4.5160e+00	3.2308e+00	2.2020e+00	1.4368e+00	8.9066e-01
4.5872e+00	2.3995e+02	1.7075e+02	1.0454e+02	5.2883e+01	1.5692e+01	4.5873e+00	3.2801e+00	2.2612e+00	1.4817e+00	9.1028e-01
4.6503e+00	2.4334e+02	1.7374e+02	1.0552e+02	5.3946e+01	1.6166e+01	4.6528e+00	3.3258e+00	2.2889e+00	1.4982e+00	9.2505e-01
4.7131e+00	2.5037e+02	1.7557e+02	1.0817e+02	5.4831e+01	1.6170e+01	4.8395e+00	3.4647e+00	2.3728e+00	1.5484e+00	9.5138e-01
4.7758e+00	2.5443e+02	1.8072e+02	1.1024e+02	5.5346e+01	1.6841e+01	4.8712e+00	3.5038e+00	2.4024e+00	1.5539e+00	9.4763e-01
4.8388e+00	2.5673e+02	1.8403e+02	1.1245e+02	5.6594e+01	1.7142e+01	5.0301e+00	3.5731e+00	2.4363e+00	1.5939e+00	9.8541e-01
4.9015e+00	2.6271e+02	1.8793e+02	1.1389e+02	5.7940e+01	1.7589e+01	5.1185e+00	3.6672e+00	2.4926e+00	1.6054e+00	9.7972e-01
4.9640e+00	2.6930e+02	1.9023e+02	1.1575e+02	5.9416e+01	1.8093e+01	5.2185e+00	3.7233e+00	2.5458e+00	1.6527e+00	1.0040e+00
5.0267e+00	2.7396e+02	1.9444e+02	1.1707e+02	6.0299e+01	1.8584e+01	5.3438e+00	3.8281e+00	2.6110e+00	1.6892e+00	1.0282e+00
5.0896e+00	2.8068e+02	1.9838e+02	1.2111e+02	6.1269e+01	1.8874e+01	5.4745e+00	3.8986e+00	2.6486e+00	1.7110e+00	1.0380e+00
5.1528e+00	2.8712e+02	2.0021e+02	1.2289e+02	6.2430e+01	1.9252e+01	5.6028e+00	3.9774e+00	2.7027e+00	1.7342e+00	1.0478e+00
5.2157e+00	2.9064e+02	2.0593e+02	1.2529e+02	6.3722e+01	1.9823e+01	5.7451e+00	4.0709e+00	2.7530e+00	1.7721e+00	1.0758e+00
5.2783e+00	2.9628e+02	2.0828e+02	1.2862e+02	6.4819e+01	2.0300e+01	5.8052e+00	4.1294e+00	2.7933e+00	1.7928e+00	1.0875e+00
5.3412e+00	3.0010e+02	2.1098e+02	1.2951e+02	6.6052e+01	2.0514e+01	5.9417e+00	4.2490e+00	2.8726e+00	1.8393e+00	1.1064e+00
5.4043e+00	3.0740e+02	2.1530e+02	1.3039e+02	6.7534e+01	2.1056e+01	6.1278e+00	4.3421e+00	2.9339e+00	1.8897e+00	1.1285e+00
5.4670e+00	3.1375e+02	2.1978e+02	1.3384e+02	6.8152e+01	2.1349e+01	6.2207e+00	4.4097e+00	2.9777e+00	1.9012e+00	1.1402e+00
5.5296e+00	3.1527e+02	2.2319e+02	1.3586e+02	6.9581e+01	2.2038e+01	6.3482e+00	4.5078e+00	3.0371e+00	1.9311e+00	1.1544e+00
5.5924e+00	3.2262e+02	2.2535e+02	1.3860e+02	7.0720e+01	2.2285e+01	6.4717e+00	4.5767e+00	3.0661e+00	1.9486e+00	1.1696e+00
5.6555e+00	3.2792e+02	2.3231e+02	1.4016e+02	7.1260e+01	2.2506e+01	6.6640e+00	4.6868e+00	3.1311e+00	2.0008e+00	1.1904e+00
5.7185e+00	3.3400e+02	2.3177e+02	1.4277e+02	7.2648e+01	2.2974e+01	6.7456e+00	4.7127e+00	3.1725e+00	2.0257e+00	1.2005e+00
5.7812e+00	3.3724e+02	2.3693e+02	1.4528e+02	7.4106e+01	2.3618e+01	6.7929e+00	4.7997e+00	3.2479e+00	2.0672e+00	1.2223e+00
5.8441e+00	3.4066e+02	2.3809e+02	1.4765e+02	7.4648e+01	2.3809e+01	6.9961e+00	4.9343e+00	3.3132e+00	2.1059e+00	1.2376e+00
5.9067e+00	3.4990e+02	2.4238e+02	1.4947e+02	7.5970e+01	2.4374e+01	7.1908e+00	5.0462e+00	3.3717e+00	2.1356e+00	1.2567e+00
5.9692e+00	3.5548e+02	2.4700e+02	1.5237e+02	7.7462e+01	2.4672e+01	7.2834e+00	5.1312e+00	3.4340e+00	2.1710e+00	1.2753e+00
6.0317e+00	3.5877e+02	2.4757e+02	1.5387e+02	7.8197e+01	2.5139e+01	7.4385e+00	5.2203e+00	3.4950e+00	2.2031e+00	1.2857e+00
6.0947e+00	3.6744e+02	2.5285e+02	1.5644e+02	7.9816e+01	2.5556e+01	7.5594e+00	5.2770e+00	3.5391e+00	2.2303e+00	1.3053e+00
6.1581e+00	3.7147e+02	2.5670e+02	1.5877e+02	8.0652e+01	2.5921e+01	7.6376e+00	5.3466e+00	3.5868e+00	2.2595e+00	1.3239e+00
6.2210e+00	3.7448e+02	2.6072e+02	1.6020e+02	8.1971e+01	2.6525e+01	7.8318e+00	5.5030e+00	3.6479e+00	2.2999e+00	1.3407e+00
6.2837e+00	3.8414e+02	2.6542e+02	1.6295e+02	8.3388e+01	2.6885e+01	7.9664e+00	5.5682e+00	3.7332e+00	2.3507e+00	1.3683e+00
6.3465e+00	3.8531e+02	2.6724e+02	1.6526e+02	8.5221e+01	2.7331e+01	8.1319e+00	5.6761e+00	3.8164e+00	2.4030e+00	1.3805e+00
6.4094e+00	3.9086e+02	2.7070e+02	1.6812e+02	8.5454e+01	2.7667e+01	8.2241e+00	5.7402e+00	3.8473e+00	2.4101e+00	1.3939e+00
6.4724e+00	3.9867e+02	2.7531e+02	1.6945e+02	8.6895e+01	2.7987e+01	8.3387e+00	5.8226e+00	3.9046e+00	2.4526e+00	1.4223e+00
6.5348e+00	4.0500e+02	2.7957e+02	1.7244e+02	8.8435e+01	2.8760e+01	8.5170e+00	5.9658e+00	3.9786e+00	2.4816e+00	1.4420e+00
6.5976e+00	4.1067e+02	2.8233e+02	1.7505e+02	8.8797e+01	2.9102e+01	8.6537e+00	6.0536e+00	4.0427e+00	2.5231e+00	1.4369e+00
6.6608e+00	4.1551e+02	2.8614e+02	1.7634e+02	9.0307e+01	2.9494e+01	8.7804e+00	6.1629e+00	4.1227e+00	2.5602e+00	1.4691e+00
6.7234e+00	4.1961e+02	2.9098e+02	1.7916e+02	9.2038e+01	2.9926e+01	8.8872e+00	6.2175e+00	4.1723e+00	2.5971e+00	1.4908e+00
6.7861e+00	4.2522e+02	2.9486e+02	1.8201e+02	9.2571e+01	3.0480e+01	9.0243e+00	6.3459e+00	4.2621e+00	2.6341e+00	1.5066e+00
6.8491e+00	4.3145e+02	2.9979e+02	1.8394e+02	9.4009e+01	3.0849e+01	9.1859e+00	6.4329e+00	4.2942e+00	2.6533e+00	1.5246e+00
6.9123e+00	4.3965e+02	3.0230e+02	1.8651e+02	9.5303e+01	3.1304e+01	9.3014e+00	6.5356e+00	4.3543e+00	2.7044e+00	1.5479e+00
6.9747e+00	4.4524e+02	3.0817e+02	1.8993e+02	9.5497e+01	3.1523e+01	9.4999e+00	6.6682e+00	4.4493e+00	2.7654e+00	1.5822e+00
7.0373e+00	4.4972e+02	3.1270e+02	1.9045e+02	9.6664e+01	3.2189e+01	9.6180e+00	6.7971e+00	4.5287e+00	2.7862e+00	1.5870e+00
7.1002e+00	4.5565e+02	3.1567e+02	1.9308e+02	9.7934e+01	3.2636e+01	9.8227e+00	6.8800e+00	4.5714e+00	2.8228e+00	1.6041e+00
7.1632e+00	4.6074e+02	3.1873e+02	1.9642e+02	9.9555e+01	3.3056e+01	9.9395e+00	6.9910e+00	4.6625e+00	2.8650e+00	1.6192e+00
7.2260e+00	4.6689e+02	3.2232e+02	1.9771e+02	1.0044e+02	3.3557e+01	1.0170e+01	7.1019e+00	4.7106e+00	2.9133e+00	1.6550e+00
7.2887e+00	4.7392e+02	3.2723e+02	2.0130e+02	1.0205e+02	3.3970e+01	1.0174e+01	7.1498e+00	4.7832e+00	2.9405e+00	1.6592e+00
7.3519e+00	4.8164e+02	3.3051e+02	2.0229e+02	1.0349e+02	3.4475e+01	1.0364e+01	7.2917e+00	4.8565e+00	2.9919e+00	1.6918e+00
7.4147e+00	4.8799e+02	3.3505e+02	2.0398e+02	1.0455e+02	3.4853e+01	1.0480e+01	7.3727e+00	4.9291e+00	3.0226e+00	1.7148e+00
7.4771e+00	4.9159e+02	3.3855e+02	2.0712e+02	1.0610e+02	3.5465e+01	1.0606e+01	7.5261e+00	4.9737e+00	3.0566e+00	1.7255e+00
7.5399e+00	5.0283e+02	3.4237e+02	2.0872e+02	1.0777e+02	3.5724e+01	1.0830e+01	7.6234e+00	5.0822e+00	3.1143e+00	1.7367e+00
7.6029e+00	5.0521e+02	3.4531e+02	2.1195e+02	1.0915e+02	3.6348e+01	1.1067e+01	7.8130e+00	5.1476e+00	3.1388e+00	1.7658e+00
7.6659e+00	5.1076e+02	3.4927e+02	2.1330e+02	1.0984e+02	3.6761e+01	1.1194e+01	7.8714e+00	5.1980e+00	3.1801e+00	1.7883e+00
7.7287e+00	5.1713e+02	3.5373e+02	2.1620e+02	1.1045e+02	3.7232e+01	1.1342e+01	7.9743e+00	5.3059e+00	3.2472e+00	1.8145e+00
7.7915e+00	5.2496e+02	3.5668e+02	2.1890e+02	1.1255e+02	3.7706e+01	1.1487e+01	8.0250e+00	5.3354e+00	3.2734e+00	1.8291e+00
7.8545e+00	5.3050e+02	3.6326e+02	2.2200e+02	1.1326e+02	3.8439e+01	1.1651e+01	8.2140e+00	5.4401e+00	3.3128e+00	1.8462e+00
7.9174e+00	5.3447e+02	3.6517e+02	2.2379e+02	1.1437e+02	3.8417e+01	1.1855e+01	8.3534e+00	5.5266e+00	3.3701e+00	1.8764e+00
7.9799e+00	5.4403e+02	3.6975e+02	2.2668e+02	1.1624e+02	3.8904e+01	1.1965e+01	8.3980e+00	5.5968e+00	3.3925e+00	1.8943e+00
8.0426e+00	5.5101e+02	3.7236e+02	2.2935e+02	1.1759e+02	3.9422e+01	1.2232e+01	8.5970e+00	5.6684e+00	3.4495e+00	1.9126e+00
8.1056e+00	5.5577e+02	3.7885e+02	2.3170e+02	1.1868e+02	4.0207e+01	1.2353e+01	8.5806e+00	5.7067e+00	3.4804e+00	1.9406e+00
8.1686e+00	5.6547e+02	3.8281e+02	2.3298e+02	1.1984e+02	4.0331e+01	1.2576e+01	8.8123e+00	5.8301e+00	3.5375e+00	1.9574e+00
8.2313e+00	5.6767e+02	3.8779e+02	2.3731e+02	1.2089e+02	4.0922e+01	1.2668e+01	8.8768e+00	5.8768e+00	3.5574e+00	1.9653e+00
8.2941e+00	5.7528e+02	3.9337e+02	2.3866e+02	1.2251e+02	4.1355e+01	1.2848e+01	9.0340e+00	5.9767e+00	3.6317e+00	1.9957e+00
8.3571e+00	5.7791e+02	3.9624e+02	2.4240e+02	1.2417e+02	4.1758e+01	1.2980e+01	9.1250e+00	6.0270e+00	3.6701e+00	2.0209e+00
8.4200e+00	5.8588e+02	3.9977e+02	2.4381e+02	1.2492e+02	4.2246e+01	1.3159e+01	9.2018e+00	6.0988e+00	3.6855e+00	2.0328e+00
8.4826e+00	5.9149e+02	4.0561e+02	2.4748e+02	1.2652e+02	4.2860e+01	1.3338e+01	9.3703e+00	6.1868e+00	3.7594e+00	2.0636e+00
8.5453e+00	5.9533e+02	4.0822e+02	2.4983e+02	1.2808e+02	4.3224e+01	1.3468e+01	9.5070e+00	6.3031e+00	3.8001e+00	2.0832e+00
8.6084e+00	6.0211e+02	4.1538e+02	2.5312e+02	1.2881e+02	4.3644e+01	1.3701e+01	9.6019e+00	6.3748e+00	3.8312e+00	2.1039e+00
8.6714e+00	6.1029e+02	4.1963e+02	2.5475e+02	1.3081e+02	4.4302e+01	1.3828e+01	9.7357e+00	6.4127e+00	3.8507e+00	2.1209e+00
8.7340e+00	6.1797e+02	4.2228e+02	2.5690e+02	1.3220e+02	4.4788e+01	1.4058e+01	9.8346e+00	6.5106e+00	3.9333e+00	2.1513e+00
8.7966e+00	6.2517e+02	4.2604e+02	2.6057e+02	1.3357e+02	4.5182e+01	1.4162e+01	9.9710e+00	6.6116e+00	3.9699e+00	2.1722e+00
8.8596e+00	6.3087e+02	4.3208e+02	2.6207e+02	1.3424e+02	4.5790e+01	1.4333e+01	1.0106e+01	6.7038e+00	4.0071e+00	2.1962e+00
8.9225e+00	6.3797e+02	4.3423e+02	2.6652e+02	1.3594e+02	4.6114e+01	1.4540e+01	1.0236e+01	6.7502e+00	4.0448e+00	2.2044e+00
8.9852e+00	6.4135e+02	4.3787e+02	2.6945e+02	1.3692e+02	4.6842e+01	1.4798e+01	1.0303e+01	6.7979e+00	4.0851e+00	2.2332e+00
9.0477e+00	6.5237e+02	4.4079e+02	2.7088e+02	1.3794e+02	4.7350e+01	1.4927e+01	1.0420e+01	6.8707e+00	4.1491e+00	2.2689e+00
9.1106e+00	6.5731e+02	4.4799e+02	2.7519e+02	1.3978e+02	4.7712e+01	1.5092e+01	1.0612e+01	6.9949e+00	4.2133e+00	2.2839e+00
9.1737e+00	6.6176e+02	4.4997e+02	2.7780e+02	1.4057e+02	4.8096e+01	1.5251e+01	1.0652e+01	7.0790e+00	4.2476e+00	2.2989e+00
9.2366e+00	6.7281e+02	4.5364e+02	2.8061e+02	1.4205e+02	4.8458e+01	1.5421e+01	1.0867e+01	7.1548e+00	4.2901e+00	2.3332e+00
9.2995e+00	6.7617e+02	4.5977e+02	2.8228e+02	1.4465e+02	4.8939e+01	1.5686e+01	1.1010e+01	7.2242e+00	4.3350e+00	2.3502e+00
9.3625e+00	6.8630e+02	4.6289e+02	2.8563e+02	1.4554e+02	4.9584e+01	1.5759e+01	1.1034e+01	7.3271e+00	4.3941e+00	2.3756e+00
9.4254e+00	6.9285e+02	4.6811e+02	2.9021e+02	1.4615e+02	4.9844e+01	1.5914e+01	1.1250e+01	7.3967e+00	4.4251e+00	2.3950e+00
9.4881e+00	6.9754e+02	4.7340e+02	2.9395e+02	1.4846e+02	5.0612e+01	1.6090e+01	1.1317e+01	7.4802e+00	4.4793e+00	2.4171e+00
9.5507e+00	7.0289e+02	4.7709e+02	2.9693e+02	1.5028e+02	5.1152e+01	1.6247e+01	1.1473e+01	7.5742e+00	4.5303e+00	2.4301e+00
9.6136e+00	7.1604e+02	4.8080e+02	2.9807e+02	1.5043e+02	5.1553e+01	1.6544e+01	1.1654e+01	7.6546e+00	4.5758e+00	2.4712e+00
9.6766e+00	7.2131e+02	4.8721e+02	3.0263e+02	1.5219e+02	5.2099e+01	1.6741e+01	1.1780e+01	7.6984e+00	4.6026e+00	2.4971e+00
9.7393e+00	7.2882e+02	4.9016e+02	3.0445e+02	1.5384e+02	5.2599e+01	1.6836e+01	1.1910e+01	7.8339e+00	4.6761e+00	2.5168e+00
9.8020e+00	7.3692e+02	4.9522e+02	3.0783e+02	1.5528e+02	5.3115e+01	1.7088e+01	1.2007e+01	7.9083e+00	4.7262e+00	2.5368e+00
9.8649e+00	7.4612e+02	4.9899e+02	3.0975e+02	1.5772e+02	5.3478e+01	1.7292e+01	1.2125e+01	7.9412e+00	4.7813e+00	2.5667e+00
9.9278e+00	7.5166e+02	5.0065e+02	3.1473e+02	1.5833e+02	5.3999e+01	1.7443e+01	1.2264e+01	8.0698e+00	4.8233e+00	2.5783e+00
9.9904e+00	7.5823e+02	5.0771e+02	3.1559e+02	1.5901e+02	5.4536e+01	1.7646e+01	1.2387e+01	8.1466e+00	4.8656e+00	2.5998e+00
1.0053e+01	7.6611e+02	5.1397e+02	3.1835e+02	1.6082e+02	5.4996e+01	1.7815e+01	1.2473e+01	8.2266e+00	4.9046e+00	2.6386e+00
1.0116e+01	7.7445e+02	5.1862e+02	3.2244e+02	1.6248e+02	5.5313e+01	1.7957e+01	1.2658e+01	8.3138e+00	4.9973e+00	2.6615e+00
1.0179e+01	7.7785e+02	5.2319e+02	3.2390e+02	1.6354e+02	5.6107e+01	1.8173e+01	1.2752e+01	8.4219e+00	5.0105e+00	2.6838e+00
1.0242e+01	7.8398e+02	5.2613e+02	3.2708e+02	1.6490e+02	5.6517e+01	1.8367e+01	1.2912e+01	8.4805e+00	5.0730e+00	2.7050e+00
1.0305e+01	7.9537e+02	5.2989e+02	3.2937e+02	1.6699e+02	5.7312e+01	1.8579e+01	1.3057e+01	8.6033e+00	5.1239e+00	2.7304e+00
1.0368e+01	8.0106e+02	5.3540e+02	3.3447e+02	1.6778e+02	5.7710e+01	1.8694e+01	1.3132e+01	8.6611e+00	5.1933e+00	2.7623e+00
1.0430e+01	8.0434e+02	5.4095e+02	3.3648e+02	1.6920e+02	5.8143e+01	1.8951e+01	1.3343e+01	8.7502e+00	5.2095e+00	2.7833e+00
1.0493e+01	8.1320e+02	5.4844e+02	3.4167e+02	1.7065e+02	5.8672e+01	1.9118e+01	1.3498e+01	8.8842e+00	5.2679e+00	2.8066e+00
1.0556e+01	8.1630e+02	5.4943e+02	3.4246e+02	1.7205e+02	5.9008e+01	1.9326e+01	1.3590e+01	8.9487e+00	5.3463e+00	2.8280e+00
1.0619e+01	8.2582e+02	5.5537e+02	3.4667e+02	1.7421e+02	6.0003e+01	1.9429e+01	1.3744e+01	9.0305e+00	5.3700e+00	2.8532e+00
1.0682e+01	8.3191e+02	5.5859e+02	3.4934e+02	1.7494e+02	6.0135e+01	1.9654e+01	1.3838e+01	9.0856e+00	5.4346e+00	2.8779e+00
1.0745e+01	8.3906e+02	5.6129e+02	3.5289e+02	1.7641e+02	6.0693e+01	1.9752e+01	1.4016e+01	9.2583e+00	5.5011e+00	2.9145e+00
1.0807e+01	8.4078e+02	5.6711e+02	3.5595e+02	1.7808e+02	6.1219e+01	1.9969e+01	1.4065e+01	9.3014e+00	5.5321e+00	2.9218e+00
1.0870e+01	8.4978e+02	5.7424e+02	3.5923e+02	1.8004e+02	6.1992e+01	2.0127e+01	1.4281e+01	9.3877e+00	5.5784e+00	2.9505e+00
1.0933e+01	8.5963e+02	5.7628e+02	3.6241e+02	1.8111e+02	6.2114e+01	2.0405e+01	1.4458e+01	9.4582e+00	5.6127e+00	2.9716e+00
1.0996e+01	8.6570e+02	5.8240e+02	3.6366e+02	1.8284e+02	6.2747e+01	2.0641e+01	1.4541e+01	9.5434e+00	5.6753e+00	2.9986e+00
1.1059e+01	8.7269e+02	5.8820e+02	3.6652e+02	1.8375e+02	6.3030e+01	2.0735e+01	1.4576e+01	9.6318e+00	5.7268e+00	3.0358e+00
1.1121e+01	8.8755e+02	5.9515e+02	3.7069e+02	1.8618e+02	6.3395e+01	2.0951e+01	1.4812e+01	9.7199e+00	5.7920e+00	3.0671e+00
1.1184e+01	8.8985e+02	5.9808e+02	3.7416e+02	1.8772e+02	6.4142e+01	2.1088e+01	1.4931e+01	9.8280e+00	5.8396e+00	3.0877e+00
1.1247e+01	8.9951e+02	6.0169e+02	3.7666e+02	1.8761e+02	6.4596e+01	2.1204e+01	1.5061e+01	9.9073e+00	5.8746e+00	3.1046e+00
1.1310e+01	9.0398e+02	6.0551e+02	3.8130e+02	1.8956e+02	6.5253e+01	2.1518e+01	1.5167e+01	1.0018e+01	5.9454e+00	3.1280e+00
1.1373e+01	9.1466e+02	6.1183e+02	3.8374e+02	1.9175e+02	6.5678e+01	2.1648e+01	1.5391e+01	1.0105e+01	6.0220e+00	3.1644e+00
1.1436e+01	9.2086e+02	6.1435e+02	3.8661e+02	1.9201e+02	6.5952e+01	2.1853e+01	1.5449e+01	1.0228e+01	6.0717e+00	3.2026e+00
1.1498e+01	9.2691e+02	6.2279e+02	3.9011e+02	1.9413e+02	6.6338e+01	2.2155e+01	1.5709e+01	1.0330e+01	6.1171e+00	3.2333e+00
1.1561e+01	9.3689e+02	6.2870e+02	3.9341e+02	1.9546e+02	6.7029e+01	2.2305e+01	1.5787e+01	1.0421e+01	6.1783e+00	3.2432e+00
1.1624e+01	9.4586e+02	6.3217e+02	3.9539e+02	1.9652e+02	6.7703e+01	2.2389e+01	1.5934e+01	1.0461e+01	6.1947e+00	3.2751e+00
1.1687e+01	9.5244e+02	6.3717e+02	4.0074e+02	1.9864e+02	6.7967e+01	2.2626e+01	1.6105e+01	1.0588e+01	6.2721e+00	3.3072e+00
1.1750e+01	9.6006e+02	6.4163e+02	4.0222e+02	2.0022e+02	6.8552e+01	2.2808e+01	1.6183e+01	1.0680e+01	6.3277e+00	3.3236e+00
1.1813e+01	9.6809e+02	6.4734e+02	4.0555e+02	2.0257e+02	6.9045e+01	2.3085e+01	1.6328e+01	1.0748e+01	6.3654e+00	3.3403e+00
1.1876e+01	9.7682e+02	6.5518e+02	4.0716e+02	2.0387e+02	6.9469e+01	2.3219e+01	1.6496e+01	1.0771e+01	6.4301e+00	3.3775e+00
1.1938e+01	9.8572e+02	6.6012e+02	4.1080e+02	2.0542e+02	7.0748e+01	2.3303e+01	1.6552e+01	1.0904e+01	6.4968e+00	3.4055e+00
1.2001e+01	9.8887e+02	6.6630e+02	4.1525e+02	2.0685e+02	7.0963e+01	2.3606e+01	1.6744e+01	1.1041e+01	6.5660e+00	3.4259e+00
1.2064e+01	9.9338e+02	6.7189e+02	4.1788e+02	2.0910e+02	7.1410e+01	2.3788e+01	1.6912e+01	1.1087e+01	6.6369e+00	3.4697e+00
1.2127e+01	1.0065e+03	6.7926e+02	4.2092e+02	2.1055e+02	7.1891e+01	2.4041e+01	1.7062e+01	1.1219e+01	6.6736e+00	3.4809e+00
1.2190e+01	1.0113e+03	6.8318e+02	4.2562e+02	2.1185e+02	7.2342e+01	2.4154e+01	1.7211e+01	1.1317e+01	6.7326e+00	3.5231e+00
1.2252e+01	1.0241e+03	6.8633e+02	4.2845e+02	2.1364e+02	7.2931e+01	2.4260e+01	1.7375e+01	1.1393e+01	6.7943e+00	3.5411e+00
1.2315e+01	1.0274e+03	6.9224e+02	4.3234e+02	2.1548e+02	7.3450e+01	2.4456e+01	1.7556e+01	1.1515e+01	6.8465e+00	3.5625e+00
1.2378e+01	1.0358e+03	6.9899e+02	4.3551e+02	2.1629e+02	7.4133e+01	2.4751e+01	1.7654e+01	1.1612e+01	6.8755e+00	3.6028e+00
1.2441e+01	1.0455e+03	7.0304e+02	4.3923e+02	2.1845e+02	7.4342e+01	2.4874e+01	1.7734e+01	1.1652e+01	6.9553e+00	3.6191e+00
1.2504e+01	1.0562e+03	7.0820e+02	4.4336e+02	2.1970e+02	7.5183e+01	2.5093e+01	1.7932e+01	1.1780e+01	7.0285e+00	3.6468e+00
1.2566e+01	1.0627e+03	7.1335e+02	4.4714e+02	2.2135e+02	7.5830e+01	2.5314e+01	1.8073e+01	1.1902e+01	7.0818e+00	3.6822e+00
1.2629e+01	1.0707e+03	7.1771e+02	4.4879e+02	2.2355e+02	7.6108e+01	2.5517e+01	1.8234e+01	1.2015e+01	7.1241e+00	3.6948e+00
1.2692e+01	1.0800e+03	7.2602e+02	4.5038e+02	2.2462e+02	7.6544e+01	2.5730e+01	1.8374e+01	1.2084e+01	7.1917e+00	3.7341e+00
1.2755e+01	1.0869e+03	7.3202e+02	4.5349e+02	2.2592e+02	7.7413e+01	2.5906e+01	1.8471e+01	1.2175e+01	7.2173e+00	3.7654e+00
1.2818e+01	1.0941e+03	7.3581e+02	4.5748e+02	2.2874e+02	7.7760e+01	2.6147e+01	1.8655e+01	1.2283e+01	7.2887e+00	3.7831e+00
1.2881e+01	1.1012e+03	7.4296e+02	4.6194e+02	2.3009e+02	7.8441e+01	2.6243e+01	1.8733e+01	1.2365e+01	7.3624e+00	3.8107e+00
1.2944e+01	1.1111e+03	7.4587e+02	4.6475e+02	2.3163e+02	7.8769e+01	2.6505e+01	1.8881e+01	1.2475e+01	7.4111e+00	3.8333e+00
1.3006e+01	1.1188e+03	7.5187e+02	4.6952e+02	2.3296e+02	7.9219e+01	2.6590e+01	1.9081e+01	1.2528e+01	7.4633e+00	3.8609e+00
1.3069e+01	1.1293e+03	7.5814e+02	4.7157e+02	2.3544e+02	8.0033e+01	2.6965e+01	1.9214e+01	1.2656e+01	7.5410e+00	3.8862e+00
1.3132e+01	1.1386e+03	7.6257e+02	4.7496e+02	2.3656e+02	8.0410e+01	2.7225e+01	1.9342e+01	1.2769e+01	7.5906e+00	3.9212e+00
1.3195e+01	1.1477e+03	7.7051e+02	4.7844e+02	2.3876e+02	8.0982e+01	2.7326e+01	1.9516e+01	1.2868e+01	7.6325e+00	3.9450e+00
1.3258e+01	1.1570e+03	7.7342e+02	4.8186e+02	2.3933e+02	8.1505e+01	2.7470e+01	1.9619e+01	1.2962e+01	7.6834e+00	3.9745e+00
1.3321e+01	1.1569e+03	7.8032e+02	4.8666e+02	2.4173e+02	8.1943e+01	2.7663e+01	1.9766e+01	1.3019e+01	7.7539e+00	4.0046e+00
1.3383e+01	1.1685e+03	7.8802e+02	4.9054e+02	2.4349e+02	8.2561e+01	2.7880e+01	1.9960e+01	1.3160e+01	7.8191e+00	4.0418e+00
1.3446e+01	1.1758e+03	7.8875e+02	4.9498e+02	2.4415e+02	8.3410e+01	2.8175e+01	2.0176e+01	1.3231e+01	7.8814e+00	4.0486e+00
1.3509e+01	1.1813e+03	7.9625e+02	4.9841e+02	2.4644e+02	8.3742e+01	2.8297e+01	2.0245e+01	1.3356e+01	7.8876e+00	4.0903e+00
1.3572e+01	1.1907e+03	8.0383e+02	5.0092e+02	2.4803e+02	8.4444e+01	2.8462e+01	2.0423e+01	1.3421e+01	7.9849e+00	4.1130e+00
1.3635e+01	1.2029e+03	8.0954e+02	5.0203e+02	2.5025e+02	8.4899e+01	2.8700e+01	2.0557e+01	1.3536e+01	8.0234e+00	4.1373e+00
1.3698e+01	1.2124e+03	8.1522e+02	5.0580e+02	2.5136e+02	8.5617e+01	2.8967e+01	2.0702e+01	1.3693e+01	8.0836e+00	4.1785e+00
1.3760e+01	1.2221e+03	8.2480e+02	5.0912e+02	2.5375e+02	8.5869e+01	2.9128e+01	2.0813e+01	1.3752e+01	8.1613e+00	4.2017e+00
1.3823e+01	1.2327e+03	8.2714e+02	5.1600e+02	2.5523e+02	8.6357e+01	2.9297e+01	2.1014e+01	1.3783e+01	8.1998e+00	4.2388e+00
1.3886e+01	1.2428e+03	8.3508e+02	5.1957e+02	2.5754e+02	8.7259e+01	2.9508e+01	2.1109e+01	1.4005e+01	8.3117e+00	4.2606e+00
1.3949e+01	1.2490e+03	8.4071e+02	5.2112e+02	2.5871e+02	8.7608e+01	2.9777e+01	2.1271e+01	1.4050e+01	8.3261e+00	4.2870e+00
1.4012e+01	1.2587e+03	8.4469e+02	5.2570e+02	2.6090e+02	8.8304e+01	3.0012e+01	2.1461e+01	1.4207e+01	8.4178e+00	4.3353e+00
1.4074e+01	1.2681e+03	8.4839e+02	5.2899e+02	2.6276e+02	8.9022e+01	3.0137e+01	2.1570e+01	1.4271e+01	8.4617e+00	4.3404e+00
1.4137e+01	1.2730e+03	8.5428e+02	5.3137e+02	2.6280e+02	8.9304e+01	3.0353e+01	2.1710e+01	1.4338e+01	8.5176e+00	4.3822e+00
1.4200e+01	1.2828e+03	8.6297e+02	5.3563e+02	2.6449e+02	8.9798e+01	3.0472e+01	2.1895e+01	1.4461e+01	8.5702e+00	4.4090e+00
1.4263e+01	1.2911e+03	8.6595e+02	5.3767e+02	2.6695e+02	9.0622e+01	3.0786e+01	2.2026e+01	1.4558e+01	8.6412e+00	4.4430e+00
1.4326e+01	1.2996e+03	8.7489e+02	5.4408e+02	2.6802e+02	9.1140e+01	3.1101e+01	2.2200e+01	1.4682e+01	8.7094e+00	4.4645e+00
1.4389e+01	1.3093e+03	8.7915e+02	5.4754e+02	2.7051e+02	9.1800e+01	3.1161e+01	2.2429e+01	1.4792e+01	8.7649e+00	4.4987e+00
1.4452e+01	1.3203e+03	8.8496e+02	5.5087e+02	2.7115e+02	9.2398e+01	3.1329e+01	2.2510e+01	1.4879e+01	8.8213e+00	4.5294e+00
1.4514e+01	1.3321e+03	8.9312e+02	5.5544e+02	2.7372e+02	9.3018e+01	3.1553e+01	2.2692e+01	1.5005e+01	8.9126e+00	4.5564e+00
1.4577e+01	1.3423e+03	8.9587e+02	5.5723e+02	2.7594e+02	9.3554e+01	3.1772e+01	2.2909e+01	1.5020e+01	8.9294e+00	4.5874e+00
1.4640e+01	1.3497e+03	9.0230e+02	5.6200e+02	2.7673e+02	9.4130e+01	3.1951e+01	2.2938e+01	1.5162e+01	9.0032e+00	4.6117e+00
1.4703e+01	1.3590e+03	9.1006e+02	5.6596e+02	2.7959e+02	9.4435e+01	3.2256e+01	2.3112e+01	1.5224e+01	9.0502e+00	4.6391e+00
1.4766e+01	1.3672e+03	9.1536e+02	5.6980e+02	2.8083e+02	9.5345e+01	3.2526e+01	2.3321e+01	1.5388e+01	9.1090e+00	4.6752e+00
1.4829e+01	1.3782e+03	9.2395e+02	5.7447e+02	2.8263e+02	9.5682e+01	3.2646e+01	2.3367e+01	1.5437e+01	9.1900e+00	4.6961e+00
1.4891e+01	1.3852e+03	9.2780e+02	5.7956e+02	2.8385e+02	9.6389e+01	3.2902e+01	2.3602e+01	1.5561e+01	9.2521e+00	4.7317e+00
1.4954e+01	1.3976e+03	9.3415e+02	5.8145e+02	2.8629e+02	9.6879e+01	3.3047e+01	2.3751e+01	1.5653e+01	9.3027e+00	4.7567e+00
1.5017e+01	1.4047e+03	9.4165e+02	5.8645e+02	2.8862e+02	9.7353e+01	3.3208e+01	2.3918e+01	1.5816e+01	9.3797e+00	4.7808e+00
1.5080e+01	1.4140e+03	9.4543e+02	5.8900e+02	2.8884e+02	9.8055e+01	3.3446e+01	2.4044e+01	1.5907e+01	9.4307e+00	4.8283e+00
1.5143e+01	1.4221e+03	9.5011e+02	5.9359e+02	2.9196e+02	9.8495e+01	3.3639e+01	2.4195e+01	1.5986e+01	9.5190e+00	4.8523e+00
1.5206e+01	1.4323e+03	9.5821e+02	5.9723e+02	2.9306e+02	9.9091e+01	3.3891e+01	2.4326e+01	1.6123e+01	9.5565e+00	4.8792e+00
1.5268e+01	1.4431e+03	9.6688e+02	6.0154e+02	2.9591e+02	9.9632e+01	3.4045e+01	2.4523e+01	1.6169e+01	9.6064e+00	4.8909e+00
1.5331e+01	1.4538e+03	9.7456e+02	6.0683e+02	2.9686e+02	1.0030e+02	3.4207e+01	2.4646e+01	1.6331e+01	9.6578e+00	4.9377e+00
1.5394e+01	1.4571e+03	9.7736e+02	6.0825e+02	2.9780e+02	1.0094e+02	3.4468e+01	2.4870e+01	1.6393e+01	9.7484e+00	4.9768e+00
1.5457e+01	1.4717e+03	9.8657e+02	6.1271e+02	2.9964e+02	1.0151e+02	3.4690e+01	2.4963e+01	1.6493e+01	9.7964e+00	5.0102e+00
1.5520e+01	1.4785e+03	9.9180e+02	6.1571e+02	3.0070e+02	1.0194e+02	3.5010e+01	2.5162e+01	1.6603e+01	9.8669e+00	5.0364e+00
1.5582e+01	1.4863e+03	9.9662e+02	6.1881e+02	3.0424e+02	1.0233e+02	3.5130e+01	2.5289e+01	1.6713e+01	9.9192e+00	5.0610e+00
1.5645e+01	1.4939e+03	1.0035e+03	6.2227e+02	3.0572e+02	1.0325e+02	3.5333e+01	2.5452e+01	1.6826e+01	9.9558e+00	5.0989e+00
1.5708e+01	1.5055e+03	1.0126e+03	6.2521e+02	3.0693e+02	1.0373e+02	3.5526e+01	2.5645e+01	1.6891e+01	1.0027e+01	5.1297e+00
1.5771e+01	1.5138e+03	1.0178e+03	6.2790e+02	3.0937e+02	1.0393e+02	3.5767e+01	2.5780e+01	1.7011e+01	1.0080e+01	5.1505e+00
1.5834e+01	1.5208e+03	1.0234e+03	6.3321e+02	3.1105e+02	1.0495e+02	3.6016e+01	2.5856e+01	1.7089e+01	1.0142e+01	5.1858e+00
1.5897e+01	1.5288e+03	1.0330e+03	6.3698e+02	3.1188e+02	1.0511e+02	3.6265e+01	2.6059e+01	1.7261e+01	1.0226e+01	5.2204e+00
1.5960e+01	1.5381e+03	1.0380e+03	6.4026e+02	3.1494e+02	1.0585e+02	3.6472e+01	2.6228e+01	1.7301e+01	1.0262e+01	5.2699e+00
1.6022e+01	1.5491e+03	1.0396e+03	6.4684e+02	3.1743e+02	1.0642e+02	3.6783e+01	2.6389e+01	1.7408e+01	1.0356e+01	5.2731e+00
1.6085e+01	1.5590e+03	1.0467e+03	6.5044e+02	3.1950e+02	1.0709e+02	3.6840e+01	2.6565e+01	1.7511e+01	1.0390e+01	5.3200e+00
1.6148e+01	1.5678e+03	1.0568e+03	6.5326e+02	3.2063e+02	1.0779e+02	3.7063e+01	2.6661e+01	1.7660e+01	1.0442e+01	5.3483e+00
1.6211e+01	1.5759e+03	1.0606e+03	6.5790e+02	3.2245e+02	1.0840e+02	3.7280e+01	2.6790e+01	1.7808e+01	1.0538e+01	5.3803e+00
1.6274e+01	1.5883e+03	1.0668e+03	6.6026e+02	3.2423e+02	1.0902e+02	3.7553e+01	2.7024e+01	1.7854e+01	1.0602e+01	5.4123e+00
1.6336e+01	1.6014e+03	1.0729e+03	6.6719e+02	3.2629e+02	1.0980e+02	3.7688e+01	2.7074e+01	1.7940e+01	1.0657e+01	5.4264e+00
1.6399e+01	1.6116e+03	1.0837e+03	6.6868e+02	3.2784e+02	1.1028e+02	3.7938e+01	2.7282e+01	1.8081e+01	1.0706e+01	5.4722e+00
1.6462e+01	1.6178e+03	1.0842e+03	6.7308e+02	3.3075e+02	1.1086e+02	3.8174e+01	2.7359e+01	1.8179e+01	1.0784e+01	5.5022e+00
1.6525e+01	1.6329e+03	1.0965e+03	6.7631e+02	3.3160e+02	1.1154e+02	3.8332e+01	2.7624e+01	1.8336e+01	1.0870e+01	5.5347e+00
1.6588e+01	1.6376e+03	1.1059e+03	6.8197e+02	3.3418e+02	1.1226e+02	3.8632e+01	2.7702e+01	1.8410e+01	1.0920e+01	5.5628e+00
1.6651e+01	1.6459e+03	1.1101e+03	6.8509e+02	3.3575e+02	1.1243e+02	3.8644e+01	2.7892e+01	1.8533e+01	1.0970e+01	5.5968e+00
1.6714e+01	1.6659e+03	1.1158e+03	6.8943e+02	3.3724e+02	1.1318e+02	3.9049e+01	2.8092e+01	1.8597e+01	1.0989e+01	5.6348e+00
1.6776e+01	1.6758e+03	1.1218e+03	6.9152e+02	3.4024e+02	1.1363e+02	3.9217e+01	2.8262e+01	1.8759e+01	1.1104e+01	5.6654e+00
1.6839e+01	1.6761e+03	1.1291e+03	6.9636e+02	3.4162e+02	1.1433e+02	3.9503e+01	2.8281e+01	1.8837e+01	1.1169e+01	5.6912e+00
1.6902e+01	1.6958e+03	1.1364e+03	7.0047e+02	3.4337e+02	1.1534e+02	3.9694e+01	2.8541e+01	1.8961e+01	1.1196e+01	5.7222e+00
1.6965e+01	1.7005e+03	1.1433e+03	7.0326e+02	3.4327e+02	1.1590e+02	3.9974e+01	2.8695e+01	1.9032e+01	1.1309e+01	5.7506e+00
1.7028e+01	1.7172e+03	1.1513e+03	7.0729e+02	3.4513e+02	1.1639e+02	3.9994e+01	2.8765e+01	1.9124e+01	1.1332e+01	5.7815e+00
1.7090e+01	1.7237e+03	1.1568e+03	7.1235e+02	3.4865e+02	1.1714e+02	4.0269e+01	2.8947e+01	1.9243e+01	1.1398e+01	5.8204e+00
1.7153e+01	1.7349e+03	1.1622e+03	7.1708e+02	3.4988e+02	1.1787e+02	4.0482e+01	2.9011e+01	1.9349e+01	1.1474e+01	5.8406e+00
1.7216e+01	1.7453e+03	1.1675e+03	7.1878e+02	3.5321e+02	1.1845e+02	4.0675e+01	2.9323e+01	1.9486e+01	1.1505e+01	5.8814e+00
1.7279e+01	1.7546e+03	1.1754e+03	7.2750e+02	3.5474e+02	1.1879e+02	4.0925e+01	2.9444e+01	1.9565e+01	1.1600e+01	5.9239e+00
1.7342e+01	1.7637e+03	1.1822e+03	7.3003e+02	3.5558e+02	1.1960e+02	4.1137e+01	2.9580e+01	1.9695e+01	1.1686e+01	5.9542e+00
1.7405e+01	1.7723e+03	1.1845e+03	7.3397e+02	3.5793e+02	1.2003e+02	4.1342e+01	2.9757e+01	1.9780e+01	1.1728e+01	5.9946e+00
1.7468e+01	1.7833e+03	1.1939e+03	7.3741e+02	3.5998e+02	1.2091e+02	4.1598e+01	3.0001e+01	1.9894e+01	1.1801e+01	6.0093e+00
1.7530e+01	1.7927e+03	1.1990e+03	7.4290e+02	3.6187e+02	1.2130e+02	4.1820e+01	3.0055e+01	2.0024e+01	1.1864e+01	6.0439e+00
1.7593e+01	1.8104e+03	1.2081e+03	7.4914e+02	3.6302e+02	1.2215e+02	4.2158e+01	3.0186e+01	2.0135e+01	1.1930e+01	6.0754e+00
1.7656e+01	1.8167e+03	1.2171e+03	7.5016e+02	3.6480e+02	1.2271e+02	4.2269e+01	3.0432e+01	2.0256e+01	1.1992e+01	6.1018e+00
1.7719e+01	1.8289e+03	1.2231e+03	7.5664e+02	3.6730e+02	1.2358e+02	4.2384e+01	3.0547e+01	2.0386e+01	1.2073e+01	6.1303e+00
1.7782e+01	1.8418e+03	1.2279e+03	7.5911e+02	3.6904e+02	1.2404e+02	4.2690e+01	3.0774e+01	2.0445e+01	1.2098e+01	6.1754e+00
1.7845e+01	1.8484e+03	1.2359e+03	7.6173e+02	3.7196e+02	1.2483e+02	4.2922e+01	3.0833e+01	2.0560e+01	1.2187e+01	6.1915e+00
1.7907e+01	1.8536e+03	1.2442e+03	7.6779e+02	3.7344e+02	1.2547e+02	4.3094e+01	3.1127e+01	2.0681e+01	1.2239e+01	6.2319e+00
1.7970e+01	1.8672e+03	1.2504e+03	7.7136e+02	3.7574e+02	1.2591e+02	4.3336e+01	3.1219e+01	2.0710e+01	1.2331e+01	6.2799e+00
1.8033e+01	1.8704e+03	1.2550e+03	7.7741e+02	3.7748e+02	1.2684e+02	4.3558e+01	3.1440e+01	2.0859e+01	1.2423e+01	6.2870e+00
1.8096e+01	1.8816e+03	1.2645e+03	7.8145e+02	3.7966e+02	1.2711e+02	4.3854e+01	3.1632e+01	2.0938e+01	1.2446e+01	6.3288e+00
1.8159e+01	1.8940e+03	1.2738e+03	7.8505e+02	3.8081e+02	1.2769e+02	4.4225e+01	3.1752e+01	2.1114e+01	1.2509e+01	6.3511e+00
1.8221e+01	1.9057e+03	1.2790e+03	7.8951e+02	3.8246e+02	1.2837e+02	4.4272e+01	3.1974e+01	2.1225e+01	1.2557e+01	6.3728e+00
1.8284e+01	1.9195e+03	1.2845e+03	7.9550e+02	3.8594e+02	1.2901e+02	4.4540e+01	3.2118e+01	2.1270e+01	1.2641e+01	6.4099e+00
1.8347e+01	1.9285e+03	1.2932e+03	7.9855e+02	3.8640e+02	1.2973e+02	4.4661e+01	3.2210e+01	2.1416e+01	1.2701e+01	6.4416e+00
1.8410e+01	1.9365e+03	1.2997e+03	8.0459e+02	3.8889e+02	1.3035e+02	4.4948e+01	3.2357e+01	2.1497e+01	1.2768e+01	6.4989e+00
1.8473e+01	1.9524e+03	1.3097e+03	8.1294e+02	3.9170e+02	1.3088e+02	4.5289e+01	3.2541e+01	2.1591e+01	1.2802e+01	6.4957e+00
1.8536e+01	1.9610e+03	1.3176e+03	8.1284e+02	3.9381e+02	1.3166e+02	4.5487e+01	3.2676e+01	2.1706e+01	1.2870e+01	6.5306e+00
1.8598e+01	1.9701e+03	1.3228e+03	8.1684e+02	3.9449e+02	1.3228e+02	4.5580e+01	3.2871e+01	2.1829e+01	1.2964e+01	6.5874e+00
1.8661e+01	1.9791e+03	1.3259e+03	8.2286e+02	3.9700e+02	1.3303e+02	4.5906e+01	3.3036e+01	2.1960e+01	1.2991e+01	6.5956e+00
1.8724e+01	1.9919e+03	1.3381e+03	8.2856e+02	4.0020e+02	1.3375e+02	4.6099e+01	3.3125e+01	2.2046e+01	1.3084e+01	6.6347e+00
1.8787e+01	2.0010e+03	1.3472e+03	8.3104e+02	4.0094e+02	1.3427e+02	4.6314e+01	3.3402e+01	2.2141e+01	1.3193e+01	6.6790e+00
1.8850e+01	2.0126e+03	1.3496e+03	8.3494e+02	4.0390e+02	1.3500e+02	4.6502e+01	3.3523e+01	2.2266e+01	1.3203e+01	6.7119e+00
1.8913e+01	2.0287e+03	1.3575e+03	8.3968e+02	4.0461e+02	1.3585e+02	4.6865e+01	3.3641e+01	2.2361e+01	1.3305e+01	6.7413e+00
1.8975e+01	2.0371e+03	1.3653e+03	8.4121e+02	4.0783e+02	1.3638e+02	4.7194e+01	3.3753e+01	2.2438e+01	1.3380e+01	6.7812e+00
1.9038e+01	2.0487e+03	1.3736e+03	8.4643e+02	4.1002e+02	1.3721e+02	4.7087e+01	3.3953e+01	2.2561e+01	1.3461e+01	6.8104e+00
1.9101e+01	2.0615e+03	1.3825e+03	8.5183e+02	4.1147e+02	1.3744e+02	4.7302e+01	3.4122e+01	2.2694e+01	1.3507e+01	6.8369e+00
1.9164e+01	2.0721e+03	1.3869e+03	8.5317e+02	4.1356e+02	1.3808e+02	4.7514e+01	3.4263e+01	2.2767e+01	1.3559e+01	6.8796e+00
1.9227e+01	2.0889e+03	1.3932e+03	8.6160e+02	4.1567e+02	1.3890e+02	4.7859e+01	3.4483e+01	2.2909e+01	1.3662e+01	6.9175e+00
1.9290e+01	2.0983e+03	1.4032e+03	8.6426e+02	4.1781e+02	1.3954e+02	4.8129e+01	3.4648e+01	2.3044e+01	1.3696e+01	6.9311e+00
1.9352e+01	2.1042e+03	1.4103e+03	8.6779e+02	4.1960e+02	1.4025e+02	4.8302e+01	3.4700e+01	2.3153e+01	1.3775e+01	6.9656e+00
1.9415e+01	2.1188e+03	1.4183e+03	8.7249e+02	4.2190e+02	1.4106e+02	4.8449e+01	3.4948e+01	2.3221e+01	1.3849e+01	6.9991e+00
1.9478e+01	2.1340e+03	1.4250e+03	8.7719e+02	4.2314e+02	1.4149e+02	4.8788e+01	3.5165e+01	2.3330e+01	1.3899e+01	7.0353e+00
1.9541e+01	2.1405e+03	1.4316e+03	8.8161e+02	4.2685e+02	1.4219e+02	4.8931e+01	3.5298e+01	2.3515e+01	1.3986e+01	7.0507e+00
1.9604e+01	2.1478e+03	1.4395e+03	8.8511e+02	4.2862e+02	1.4293e+02	4.9291e+01	3.5466e+01	2.3611e+01	1.4043e+01	7.1133e+00
1.9666e+01	2.1620e+03	1.4465e+03	8.8845e+02	4.3081e+02	1.4369e+02	4.9284e+01	3.5616e+01	2.3733e+01	1.4146e+01	7.1238e+00
1.9729e+01	2.1794e+03	1.4513e+03	8.9431e+02	4.3194e+02	1.4418e+02	4.9656e+01	3.5871e+01	2.3762e+01	1.4210e+01	7.1665e+00
1.9792e+01	2.1846e+03	1.4611e+03	8.9931e+02	4.3463e+02	1.4480e+02	4.9887e+01	3.5944e+01	2.3944e+01	1.4233e+01	7.1924e+00
1.9855e+01	2.1989e+03	1.4701e+03	9.0347e+02	4.3778e+02	1.4626e+02	5.0086e+01	3.6177e+01	2.3986e+01	1.4323e+01	7.2426e+00
1.9918e+01	2.2093e+03	1.4781e+03	9.0865e+02	4.3969e+02	1.4621e+02	5.0394e+01	3.6283e+01	2.4078e+01	1.4353e+01	7.2763e+00
1.9981e+01	2.2147e+03	1.4840e+03	9.1159e+02	4.4110e+02	1.4710e+02	5.0672e+01	3.6580e+01	2.4291e+01	1.4432e+01	7.2915e+00
2.0043e+01	2.2328e+03	1.4949e+03	9.1861e+02	4.4338e+02	1.4768e+02	5.0918e+01	3.6633e+01	2.4363e+01	1.4464e+01	7.3278e+00
2.0106e+01	2.2401e+03	1.5019e+03	9.2330e+02	4.4710e+02	1.4824e+02	5.1059e+01	3.6878e+01	2.4497e+01	1.4562e+01	7.3635e+00
2.0169e+01	2.2557e+03	1.5104e+03	9.2765e+02	4.4737e+02	1.4877e+02	5.1370e+01	3.6980e+01	2.4619e+01	1.4650e+01	7.3938e+00
2.0232e+01	2.2696e+03	1.5119e+03	9.3038e+02	4.5075e+02	1.4941e+02	5.1601e+01	3.7171e+01	2.4699e+01	1.4720e+01	7.4266e+00
2.0295e+01	2.2758e+03	1.5268e+03	9.3660e+02	4.5290e+02	1.5016e+02	5.1767e+01	3.7298e+01	2.4851e+01	1.4774e+01	7.4615e+00
2.0358e+01	2.2870e+03	1.5321e+03	9.4235e+02	4.5486e+02	1.5130e+02	5.2031e+01	3.7511e+01	2.4892e+01	1.4819e+01	7.4826e+00
2.0421e+01	2.3022e+03	1.5406e+03	9.4582e+02	4.5609e+02	1.5181e+02	5.2359e+01	3.7626e+01	2.4997e+01	1.4867e+01	7.5092e+00
2.0483e+01	2.3090e+03	1.5477e+03	9.5034e+02	4.5901e+02	1.5234e+02	5.2381e+01	3.7936e+01	2.5135e+01	1.4975e+01	7.5539e+00
2.0546e+01	2.3250e+03	1.5555e+03	9.5505e+02	4.6165e+02	1.5318e+02	5.2528e+01	3.8008e+01	2.5266e+01	1.5023e+01	7.5847e+00
2.0609e+01	2.3346e+03	1.5664e+03	9.5924e+02	4.6334e+02	1.5389e+02	5.2903e+01	3.8109e+01	2.5328e+01	1.5076e+01	7.6150e+00
2.0672e+01	2.3429e+03	1.5751e+03	9.6508e+02	4.6573e+02	1.5448e+02	5.3114e+01	3.8334e+01	2.5481e+01	1.5172e+01	7.6580e+00
2.0735e+01	2.3564e+03	1.5810e+03	9.6785e+02	4.6760e+02	1.5538e+02	5.3320e+01	3.8458e+01	2.5581e+01	1.5235e+01	7.6844e+00
2.0798e+01	2.3690e+03	1.5867e+03	9.7083e+02	4.7002e+02	1.5589e+02	5.3509e+01	3.8779e+01	2.5781e+01	1.5296e+01	7.7138e+00
2.0860e+01	2.3813e+03	1.5973e+03	9.7618e+02	4.7242e+02	1.5651e+02	5.3859e+01	3.8855e+01	2.5813e+01	1.5364e+01	7.7325e+00
2.0923e+01	2.3962e+03	1.6042e+03	9.8064e+02	4.7443e+02	1.5722e+02	5.4004e+01	3.9037e+01	2.5971e+01	1.5413e+01	7.7635e+00
2.0986e+01	2.4117e+03	1.6099e+03	9.8605e+02	4.7659e+02	1.5788e+02	5.4234e+01	3.9161e+01	2.6036e+01	1.5467e+01	7.8058e+00
2.1049e+01	2.4193e+03	1.6209e+03	9.9372e+02	4.7979e+02	1.5862e+02	5.4484e+01	3.9330e+01	2.6179e+01	1.5567e+01	7.8363e+00
2.1111e+01	2.4291e+03	1.6294e+03	9.9802e+02	4.8046e+02	1.5938e+02	5.4847e+01	3.9388e+01	2.6285e+01	1.5639e+01	7.8605e+00
2.1174e+01	2.4396e+03	1.6345e+03	1.0014e+03	4.8286e+02	1.6001e+02	5.5002e+01	3.9699e+01	2.6341e+01	1.5667e+01	7.9098e+00
2.1237e+01	2.4499e+03	1.6410e+03	1.0052e+03	4.8414e+02	1.6044e+02	5.5211e+01	3.9809e+01	2.6504e+01	1.5756e+01	7.9384e+00
2.1300e+01	2.4635e+03	1.6514e+03	1.0114e+03	4.8665e+02	1.6158e+02	5.5365e+01	3.9902e+01	2.6554e+01	1.5818e+01	7.9749e+00
2.1363e+01	2.4798e+03	1.6592e+03	1.0164e+03	4.8905e+02	1.6177e+02	5.5680e+01	4.0174e+01	2.6674e+01	1.5881e+01	7.9965e+00
2.1426e+01	2.4914e+03	1.6696e+03	1.0205e+03	4.9246e+02	1.6273e+02	5.5938e+01	4.0314e+01	2.6751e+01	1.5970e+01	8.0357e+00
2.1489e+01	2.4990e+03	1.6788e+03	1.0282e+03	4.9403e+02	1.6308e+02	5.6252e+01	4.0562e+01	2.6951e+01	1.6055e+01	8.0785e+00
2.1552e+01	2.5124e+03	1.6853e+03	1.0306e+03	4.9603e+02	1.6433e+02	5.6280e+01	4.0669e+01	2.7059e+01	1.6091e+01	8.1075e+00
2.1614e+01	2.5353e+03	1.6920e+03	1.0360e+03	4.9802e+02	1.6521e+02	5.6553e+01	4.0829e+01	2.7119e+01	1.6146e+01	8.1301e+00
2.1677e+01	2.5333e+03	1.7012e+03	1.0403e+03	5.0133e+02	1.6566e+02	5.6862e+01	4.0998e+01	2.7208e+01	1.6189e+01	8.1635e+00
2.1740e+01	2.5473e+03	1.7082e+03	1.0463e+03	5.0336e+02	1.6643e+02	5.6940e+01	4.1158e+01	2.7343e+01	1.6320e+01	8.1745e+00
2.1803e+01	2.5567e+03	1.7190e+03	1.0498e+03	5.0583e+02	1.6729e+02	5.7292e+01	4.1299e+01	2.7502e+01	1.6381e+01	8.2451e+00
2.1866e+01	2.5751e+03	1.7288e+03	1.0554e+03	5.0860e+02	1.6806e+02	5.7555e+01	4.1562e+01	2.7585e+01	1.6437e+01	8.2661e+00
2.1928e+01	2.5822e+03	1.7377e+03	1.0618e+03	5.1134e+02	1.6849e+02	5.7767e+01	4.1657e+01	2.7699e+01	1.6492e+01	8.3230e+00
2.1991e+01	2.5925e+03	1.7492e+03	1.0662e+03	5.1191e+02	1.6910e+02	5.7995e+01	4.1801e+01	2.7813e+01	1.6610e+01	8.3402e+00
2.2054e+01	2.6001e+03	1.7585e+03	1.0719e+03	5.1505e+02	1.6956e+02	5.8160e+01	4.2020e+01	2.7855e+01	1.6625e+01	8.3657e+00
2.2117e+01	2.6162e+03	1.7661e+03	1.0787e+03	5.1634e+02	1.7087e+02	5.8467e+01	4.2144e+01	2.8017e+01	1.6695e+01	8.3819e+00
2.2180e+01	2.6272e+03	1.7729e+03	1.0837e+03	5.2063e+02	1.7130e+02	5.8608e+01	4.2347e+01	2.8152e+01	1.6788e+01	8.4231e+00
2.2243e+01	2.6447e+03	1.7799e+03	1.0882e+03	5.2157e+02	1.7169e+02	5.8808e+01	4.2552e+01	2.8216e+01	1.6855e+01	8.4720e+00
2.2305e+01	2.6550e+03	1.7897e+03	1.0922e+03	5.2371e+02	1.7321e+02	5.9083e+01	4.2688e+01	2.8366e+01	1.6922e+01	8.4853e+00
2.2368e+01	2.6642e+03	1.7971e+03	1.0944e+03	5.2609e+02	1.7344e+02	5.9319e+01	4.2823e+01	2.8471e+01	1.6948e+01	8.5441e+00
2.2431e+01	2.6799e+03	1.8044e+03	1.1038e+03	5.2991e+02	1.7442e+02	5.9631e+01	4.2981e+01	2.8591e+01	1.7029e+01	8.5481e+00
2.2494e+01	2.6963e+03	1.8147e+03	1.1071e+03	5.3332e+02	1.7510e+02	5.9785e+01	4.3178e+01	2.8646e+01	1.7102e+01	8.6077e+00
2.2557e+01	2.7054e+03	1.8240e+03	1.1151e+03	5.3413e+02	1.7617e+02	6.0211e+01	4.3358e+01	2.8793e+01	1.7180e+01	8.6278e+00
2.2619e+01	2.7194e+03	1.8339e+03	1.1181e+03	5.3509e+02	1.7672e+02	6.0479e+01	4.3513e+01	2.8911e+01	1.7199e+01	8.6728e+00
2.2682e+01	2.7332e+03	1.8443e+03	1.1202e+03	5.3925e+02	1.7753e+02	6.0622e+01	4.3765e+01	2.8991e+01	1.7273e+01	8.7045e+00
2.2745e+01	2.7427e+03	1.8528e+03	1.1308e+03	5.4047e+02	1.7817e+02	6.0921e+01	4.3935e+01	2.9164e+01	1.7343e+01	8.7230e+00
2.2808e+01	2.7556e+03	1.8626e+03	1.1346e+03	5.4345e+02	1.7852e+02	6.1112e+01	4.4170e+01	2.9271e+01	1.7410e+01	8.7716e+00
2.2871e+01	2.7697e+03	1.8718e+03	1.1403e+03	5.4531e+02	1.7933e+02	6.1435e+01	4.4288e+01	2.9400e+01	1.7487e+01	8.7923e+00
2.2934e+01	2.7855e+03	1.8767e+03	1.1450e+03	5.4808e+02	1.8011e+02	6.1659e+01	4.4402e+01	2.9452e+01	1.7550e+01	8.8218e+00
2.2997e+01	2.7935e+03	1.8867e+03	1.1492e+03	5.5075e+02	1.8036e+02	6.1701e+01	4.4597e+01	2.9606e+01	1.7615e+01	8.8726e+00
2.3059e+01	2.8071e+03	1.8944e+03	1.1564e+03	5.5261e+02	1.8156e+02	6.2020e+01	4.4822e+01	2.9686e+01	1.7651e+01	8.9096e+00
2.3122e+01	2.8100e+03	1.9040e+03	1.1619e+03	5.5464e+02	1.8241e+02	6.2327e+01	4.4943e+01	2.9810e+01	1.7786e+01	8.9401e+00
2.3185e+01	2.8293e+03	1.9177e+03	1.1703e+03	5.5698e+02	1.8310e+02	6.2482e+01	4.4972e+01	2.9920e+01	1.7813e+01	8.9494e+00
2.3248e+01	2.8394e+03	1.9250e+03	1.1773e+03	5.5976e+02	1.8401e+02	6.2793e+01	4.5307e+01	3.0090e+01	1.7889e+01	9.0030e+00
2.3311e+01	2.8527e+03	1.9342e+03	1.1808e+03	5.6313e+02	1.8458e+02	6.3105e+01	4.5464e+01	3.0221e+01	1.7979e+01	9.0492e+00
2.3374e+01	2.8682e+03	1.9403e+03	1.1856e+03	5.6544e+02	1.8519e+02	6.3330e+01	4.5580e+01	3.0302e+01	1.8019e+01	9.0612e+00
2.3436e+01	2.8782e+03	1.9507e+03	1.1923e+03	5.6680e+02	1.8589e+02	6.3616e+01	4.5801e+01	3.0440e+01	1.8070e+01	9.1038e+00
2.3499e+01	2.8877e+03	1.9592e+03	1.1972e+03	5.6790e+02	1.8675e+02	6.3863e+01	4.5980e+01	3.0512e+01	1.8145e+01	9.1397e+00
2.3562e+01	2.9037e+03	1.9670e+03	1.2017e+03	5.7140e+02	1.8754e+02	6.4032e+01	4.6095e+01	3.0543e+01	1.8211e+01	9.1746e+00
2.3625e+01	2.9209e+03	1.9744e+03	1.2059e+03	5.7445e+02	1.8793e+02	6.4427e+01	4.6290e+01	3.0749e+01	1.8307e+01	9.1954e+00
2.3688e+01	2.9315e+03	1.9864e+03	1.2112e+03	5.7631e+02	1.8897e+02	6.4595e+01	4.6434e+01	3.0833e+01	1.8358e+01	9.2526e+00
2.3751e+01	2.9453e+03	1.9937e+03	1.2192e+03	5.8031e+02	1.8958e+02	6.4819e+01	4.6595e+01	3.0955e+01	1.8434e+01	9.2821e+00
2.3814e+01	2.9582e+03	2.0077e+03	1.2215e+03	5.8132e+02	1.9043e+02	6.5011e+01	4.6780e+01	3.1117e+01	1.8488e+01	9.3153e+00
2.3876e+01	2.9759e+03	2.0145e+03	1.2317e+03	5.8405e+02	1.9102e+02	6.5183e+01	4.6937e+01	3.1184e+01	1.8550e+01	9.3406e+00
2.3939e+01	2.9896e+03	2.0213e+03	1.2385e+03	5.8756e+02	1.9212e+02	6.5515e+01	4.7158e+01	3.1323e+01	1.8628e+01	9.3663e+00
2.4002e+01	3.0021e+03	2.0360e+03	1.2409e+03	5.8892e+02	1.9253e+02	6.5761e+01	4.7306e+01	3.1440e+01	1.8701e+01	9.4089e+00
2.4065e+01	3.0154e+03	2.0416e+03	1.2463e+03	5.9284e+02	1.9351e+02	6.6022e+01	4.7445e+01	3.1572e+01	1.8749e+01	9.4296e+00
2.4127e+01	3.0302e+03	2.0498e+03	1.2484e+03	5.9492e+02	1.9427e+02	6.6218e+01	4.7715e+01	3.1714e+01	1.8816e+01	9.4358e+00
2.4190e+01	3.0404e+03	2.0603e+03	1.2563e+03	5.9625e+02	1.9464e+02	6.6580e+01	4.7911e+01	3.1856e+01	1.8901e+01	9.4993e+00
2.4253e+01	3.0548e+03	2.0650e+03	1.2631e+03	5.9998e+02	1.9542e+02	6.6690e+01	4.8092e+01	3.1881e+01	1.8960e+01	9.4994e+00
2.4316e+01	3.0708e+03	2.0739e+03	1.2646e+03	6.0162e+02	1.9659e+02	6.6910e+01	4.8156e+01	3.2028e+01	1.9025e+01	9.5665e+00
2.4379e+01	3.0899e+03	2.0841e+03	1.2715e+03	6.0377e+02	1.9759e+02	6.7237e+01	4.8401e+01	3.2216e+01	1.9072e+01	9.5936e+00
2.4442e+01	3.0960e+03	2.0933e+03	1.2754e+03	6.0578e+02	1.9801e+02	6.7495e+01	4.8521e+01	3.2298e+01	1.9128e+01	9.6217e+00
2.4505e+01	3.1168e+03	2.1016e+03	1.2832e+03	6.0947e+02	1.9871e+02	6.7744e+01	4.8691e+01	3.2390e+01	1.9219e+01	9.6459e+00
2.4567e+01	3.1356e+03	2.1123e+03	1.2891e+03	6.1179e+02	1.9942e+02	6.7844e+01	4.8790e+01	3.2464e+01	1.9270e+01	9.6840e+00
2.4630e+01	3.1415e+03	2.1157e+03	1.2936e+03	6.1492e+02	2.0042e+02	6.8018e+01	4.8946e+01	3.2584e+01	1.9343e+01	9.7132e+00
2.4693e+01	3.1609e+03	2.1296e+03	1.3003e+03	6.1696e+02	2.0148e+02	6.8221e+01	4.9154e+01	3.2760e+01	1.9368e+01	9.7834e+00
2.4756e+01	3.1743e+03	2.1387e+03	1.3032e+03	6.1926e+02	2.0189e+02	6.8538e+01	4.9421e+01	3.2777e+01	1.9519e+01	9.7795e+00
2.4819e+01	3.1879e+03	2.1472e+03	1.3119e+03	6.2148e+02	2.0308e+02	6.8786e+01	4.9704e+01	3.2922e+01	1.9555e+01	9.8202e+00
2.4881e+01	3.2052e+03	2.1576e+03	1.3166e+03	6.2456e+02	2.0369e+02	6.9214e+01	4.9786e+01	3.3079e+01	1.9633e+01	9.8447e+00
2.4944e+01	3.2155e+03	2.1697e+03	1.3229e+03	6.2828e+02	2.0473e+02	6.9260e+01	4.9839e+01	3.3149e+01	1.9677e+01	9.8772e+00
2.5007e+01	3.2313e+03	2.1780e+03	1.3288e+03	6.2993e+02	2.0480e+02	6.9761e+01	4.9981e+01	3.3391e+01	1.9728e+01	9.9201e+00
2.5070e+01	3.2449e+03	2.1885e+03	1.3336e+03	6.3194e+02	2.0633e+02	7.0121e+01	5.0282e+01	3.3446e+01	1.9828e+01	9.9353e+00
2.5133e+01	3.2568e+03	2.2002e+03	1.3386e+03	6.3474e+02	2.0706e+02	7.0116e+01	5.0428e+01	3.3542e+01	1.9851e+01	9.9885e+00
2.5196e+01	3.2787e+03	2.2071e+03	1.3468e+03	6.3683e+02	2.0756e+02	7.0359e+01	5.0664e+01	3.3658e+01	1.9932e+01	9.9887e+00
2.5259e+01	3.2893e+03	2.2126e+03	1.3501e+03	6.3891e+02	2.0814e+02	7.0799e+01	5.0743e+01	3.3750e+01	2.0006e+01	1.0037e+01
2.5321e+01	3.3009e+03	2.2219e+03	1.3537e+03	6.4119e+02	2.0930e+02	7.0961e+01	5.0993e+01	3.3881e+01	2.0100e+01	1.0059e+01
2.5384e+01	3.3202e+03	2.2315e+03	1.3591e+03	6.4344e+02	2.0986e+02	7.1144e+01	5.1127e+01	3.3953e+01	2.0129e+01	1.0101e+01
2.5447e+01	3.3317e+03	2.2450e+03	1.3664e+03	6.4656e+02	2.1001e+02	7.1350e+01	5.1342e+01	3.4066e+01	2.0227e+01	1.0156e+01
2.5510e+01	3.3441e+03	2.2509e+03	1.3711e+03	6.5023e+02	2.1151e+02	7.1690e+01	5.1538e+01	3.4237e+01	2.0278e+01	1.0179e+01
2.5573e+01	3.3597e+03	2.2578e+03	1.3784e+03	6.5239e+02	2.1219e+02	7.1999e+01	5.1692e+01	3.4344e+01	2.0358e+01	1.0216e+01
2.5636e+01	3.3646e+03	2.2705e+03	1.3807e+03	6.5578e+02	2.1275e+02	7.2269e+01	5.1755e+01	3.4423e+01	2.0423e+01	1.0231e+01
2.5698e+01	3.3842e+03	2.2763e+03	1.3905e+03	6.5848e+02	2.1374e+02	7.2573e+01	5.2032e+01	3.4531e+01	2.0496e+01	1.0273e+01
2.5761e+01	3.4020e+03	2.2855e+03	1.3947e+03	6.6046e+02	2.1453e+02	7.2694e+01	5.2165e+01	3.4665e+01	2.0546e+01	1.0276e+01
2.5824e+01	3.4162e+03	2.2972e+03	1.3998e+03	6.6330e+02	2.1548e+02	7.3080e+01	5.2377e+01	3.4783e+01	2.0607e+01	1.0327e+01
2.5887e+01	3.4218e+03	2.3013e+03	1.4056e+03	6.6516e+02	2.1618e+02	7.3345e+01	5.2599e+01	3.4945e+01	2.0657e+01	1.0354e+01
2.5950e+01	3.4448e+03	2.3137e+03	1.4120e+03	6.6967e+02	2.1717e+02	7.3427e+01	5.2695e+01	3.5003e+01	2.0784e+01	1.0406e+01
2.6012e+01	3.4573e+03	2.3210e+03	1.4197e+03	6.7065e+02	2.1749e+02	7.3766e+01	5.2943e+01	3.5188e+01	2.0825e+01	1.0442e+01
2.6075e+01	3.4695e+03	2.3298e+03	1.4238e+03	6.7306e+02	2.1805e+02	7.4005e+01	5.3108e+01	3.5331e+01	2.0894e+01	1.0487e+01
2.6138e+01	3.4890e+03	2.3387e+03	1.4294e+03	6.7654e+02	2.1980e+02	7.4281e+01	5.3273e+01	3.5422e+01	2.0947e+01	1.0504e+01
2.6201e+01	3.5029e+03	2.3482e+03	1.4361e+03	6.7961e+02	2.2058e+02	7.4401e+01	5.3426e+01	3.5508e+01	2.1031e+01	1.0543e+01
2.6264e+01	3.5132e+03	2.3575e+03	1.4427e+03	6.8200e+02	2.2126e+02	7.4653e+01	5.3635e+01	3.5663e+01	2.1102e+01	1.0595e+01
2.6327e+01	3.5360e+03	2.3679e+03	1.4501e+03	6.8491e+02	2.2208e+02	7.4908e+01	5.3809e+01	3.5739e+01	2.1174e+01	1.0593e+01
2.6389e+01	3.5520e+03	2.3793e+03	1.4543e+03	6.8798e+02	2.2270e+02	7.5230e+01	5.3932e+01	3.5876e+01	2.1219e+01	1.0644e+01
2.6452e+01	3.5637e+03	2.3851e+03	1.4595e+03	6.9073e+02	2.2379e+02	7.5329e+01	5.4268e+01	3.5881e+01	2.1307e+01	1.0679e+01
2.6515e+01	3.5823e+03	2.3967e+03	1.4652e+03	6.9459e+02	2.2446e+02	7.5694e+01	5.4450e+01	3.6134e+01	2.1388e+01	1.0709e+01
2.6578e+01	3.5924e+03	2.4027e+03	1.4713e+03	6.9632e+02	2.2508e+02	7.5866e+01	5.4514e+01	3.6175e+01	2.1421e+01	1.0745e+01
2.6641e+01	3.6122e+03	2.4148e+03	1.4769e+03	7.0012e+02	2.2616e+02	7.6310e+01	5.4694e+01	3.6287e+01	2.1477e+01	1.0769e+01
2.6704e+01	3.6190e+03	2.4273e+03	1.4844e+03	7.0240e+02	2.2661e+02	7.6548e+01	5.4865e+01	3.6421e+01	2.1595e+01	1.0793e+01
2.6767e+01	3.6349e+03	2.4351e+03	1.4909e+03	7.0454e+02	2.2761e+02	7.6676e+01	5.5033e+01	3.6559e+01	2.1622e+01	1.0828e+01
2.6829e+01	3.6440e+03	2.4438e+03	1.4945e+03	7.0757e+02	2.2820e+02	7.6884e+01	5.5340e+01	3.6605e+01	2.1685e+01	1.0866e+01
2.6892e+01	3.6565e+03	2.4521e+03	1.5024e+03	7.0843e+02	2.2950e+02	7.7042e+01	5.5434e+01	3.6784e+01	2.1779e+01	1.0896e+01
2.6955e+01	3.6709e+03	2.4598e+03	1.5109e+03	7.1160e+02	2.3011e+02	7.7363e+01	5.5589e+01	3.6969e+01	2.1822e+01	1.0952e+01
2.7018e+01	3.6913e+03	2.4741e+03	1.5154e+03	7.1441e+02	2.3099e+02	7.7566e+01	5.5746e+01	3.7010e+01	2.1899e+01	1.0959e+01
2.7081e+01	3.7016e+03	2.4797e+03	1.5241e+03	7.1805e+02	2.3204e+02	7.7889e+01	5.5986e+01	3.7166e+01	2.1982e+01	1.0989e+01
2.7143e+01	3.7206e+03	2.4870e+03	1.5306e+03	7.2005e+02	2.3286e+02	7.8221e+01	5.6144e+01	3.7207e+01	2.2044e+01	1.1027e+01
2.7206e+01	3.7361e+03	2.4973e+03	1.5361e+03	7.2291e+02	2.3343e+02	7.8330e+01	5.6327e+01	3.7382e+01	2.2099e+01	1.1052e+01
2.7269e+01	3.7447e+03	2.5077e+03	1.5383e+03	7.2585e+02	2.3418e+02	7.8610e+01	5.6541e+01	3.7429e+01	2.2132e+01	1.1101e+01
2.7332e+01	3.7605e+03	2.5185e+03	1.5461e+03	7.2839e+02	2.3531e+02	7.8891e+01	5.6792e+01	3.7604e+01	2.2198e+01	1.1149e+01
2.7395e+01	3.7765e+03	2.5251e+03	1.5488e+03	7.3337e+02	2.3602e+02	7.9197e+01	5.7090e+01	3.7719e+01	2.2285e+01	1.1147e+01
2.7458e+01	3.7859e+03	2.5352e+03	1.5581e+03	7.3436e+02	2.3676e+02	7.9535e+01	5.7290e+01	3.7821e+01	2.2331e+01	1.1183e+01
2.7520e+01	3.8087e+03	2.5464e+03	1.5636e+03	7.3721e+02	2.3783e+02	7.9687e+01	5.7307e+01	3.8003e+01	2.2434e+01	1.1224e+01
2.7583e+01	3.8140e+03	2.5558e+03	1.5696e+03	7.4009e+02	2.3837e+02	8.0028e+01	5.7537e+01	3.8090e+01	2.2485e+01	1.1253e+01
2.7646e+01	3.8219e+03	2.5659e+03	1.5770e+03	7.4288e+02	2.3942e+02	8.0268e+01	5.7722e+01	3.8144e+01	2.2530e+01	1.1272e+01
2.7709e+01	3.8421e+03	2.5762e+03	1.5815e+03	7.4490e+02	2.4009e+02	8.0405e+01	5.7777e+01	3.8292e+01	2.2597e+01	1.1306e+01
2.7772e+01	3.8636e+03	2.5884e+03	1.5869e+03	7.4652e+02	2.4072e+02	8.0897e+01	5.8045e+01	3.8401e+01	2.2683e+01	1.1359e+01
2.7835e+01	3.8753e+03	2.5965e+03	1.5964e+03	7.5223e+02	2.4149e+02	8.1033e+01	5.8334e+01	3.8519e+01	2.2769e+01	1.1356e+01
2.7897e+01	3.8877e+03	2.6065e+03	1.6019e+03	7.5323e+02	2.4251e+02	8.1222e+01	5.8476e+01	3.8635e+01	2.2843e+01	1.1418e+01
2.7960e+01	3.9114e+03	2.6192e+03	1.6056e+03	7.5548e+02	2.4288e+02	8.1722e+01	5.8594e+01	3.8769e+01	2.2893e+01	1.1452e+01
2.8023e+01	3.9215e+03	2.6261e+03	1.6127e+03	7.5898e+02	2.4410e+02	8.1705e+01	5.8814e+01	3.8889e+01	2.3014e+01	1.1460e+01
2.8086e+01	3.9248e+03	2.6451e+03	1.6215e+03	7.6146e+02	2.4516e+02	8.2180e+01	5.9119e+01	3.8982e+01	2.3060e+01	1.1498e+01
2.8149e+01	3.9496e+03	2.6486e+03	1.6287e+03	7.6551e+02	2.4617e+02	8.2283e+01	5.9189e+01	3.9137e+01	2.3129e+01	1.1537e+01
2.8212e+01	3.9580e+03	2.6586e+03	1.6332e+03	7.6702e+02	2.4691e+02	8.2625e+01	5.9422e+01	3.9227e+01	2.3223e+01	1.1586e+01
2.8274e+01	3.9707e+03	2.6678e+03	1.6412e+03	7.7057e+02	2.4730e+02	8.2853e+01	5.9504e+01	3.9356e+01	2.3301e+01	1.1608e+01
2.8337e+01	3.9908e+03	2.6813e+03	1.6483e+03	7.7348e+02	2.4844e+02	8.3165e+01	5.9734e+01	3.9465e+01	2.3319e+01	1.1619e+01
2.8400e+01	4.0079e+03	2.6895e+03	1.6518e+03	7.7696e+02	2.4959e+02	8.3351e+01	6.0008e+01	3.9622e+01	2.3360e+01	1.1670e+01
2.8463e+01	4.0207e+03	2.6997e+03	1.6592e+03	7.8012e+02	2.5022e+02	8.3664e+01	6.0091e+01	3.9719e+01	2.3476e+01	1.1716e+01
2.8526e+01	4.0442e+03	2.7055e+03	1.6680e+03	7.8291e+02	2.5090e+02	8.4020e+01	6.0400e+01	3.9825e+01	2.3511e+01	1.1741e+01
2.8589e+01	4.0533e+03	2.7216e+03	1.6765e+03	7.8626e+02	2.5199e+02	8.4188e+01	6.0554e+01	3.9905e+01	2.3605e+01	1.1778e+01
2.8651e+01	4.0731e+03	2.7298e+03	1.6802e+03	7.8865e+02	2.5230e+02	8.4418e+01	6.0646e+01	4.0036e+01	2.3641e+01	1.1809e+01
2.8714e+01	4.0887e+03	2.7396e+03	1.6863e+03	7.9264e+02	2.5343e+02	8.4737e+01	6.0855e+01	4.0135e+01	2.3717e+01	1.1839e+01
2.8777e+01	4.1022e+03	2.7511e+03	1.6944e+03	7.9536e+02	2.5400e+02	8.4931e+01	6.0933e+01	4.0302e+01	2.3794e+01	1.1876e+01
2.8840e+01	4.1168e+03	2.7544e+03	1.6983e+03	7.9831e+02	2.5508e+02	8.5274e+01	6.1208e+01	4.0411e+01	2.3849e+01	1.1910e+01
2.8903e+01	4.1308e+03	2.7688e+03	1.7068e+03	8.0153e+02	2.5583e+02	8.5597e+01	6.1354e+01	4.0545e+01	2.3924e+01	1.1933e+01
2.8966e+01	4.1498e+03	2.7804e+03	1.7132e+03	8.0279e+02	2.5680e+02	8.5921e+01	6.1585e+01	4.0656e+01	2.4012e+01	1.1966e+01
2.9028e+01	4.1675e+03	2.7903e+03	1.7216e+03	8.0416e+02	2.5800e+02	8.6126e+01	6.1746e+01	4.0774e+01	2.4065e+01	1.2013e+01
2.9091e+01	4.1850e+03	2.8010e+03	1.7275e+03	8.0936e+02	2.5833e+02	8.6417e+01	6.1863e+01	4.0897e+01	2.4142e+01	1.2013e+01
2.9154e+01	4.1999e+03	2.8110e+03	1.7309e+03	8.1272e+02	2.5964e+02	8.6629e+01	6.2023e+01	4.0983e+01	2.4209e+01	1.2070e+01
2.9217e+01	4.2112e+03	2.8209e+03	1.7388e+03	8.1538e+02	2.6016e+02	8.7111e+01	6.2418e+01	4.1185e+01	2.4291e+01	1.2099e+01
2.9280e+01	4.2248e+03	2.8274e+03	1.7451e+03	8.1906e+02	2.6065e+02	8.7160e+01	6.2505e+01	4.1278e+01	2.4387e+01	1.2137e+01
2.9343e+01	4.2409e+03	2.8397e+03	1.7482e+03	8.2214e+02	2.6154e+02	8.7549e+01	6.2646e+01	4.1416e+01	2.4438e+01	1.2167e+01
2.9405e+01	4.2544e+03	2.8484e+03	1.7488e+03	8.2443e+02	2.6250e+02	8.7715e+01	6.2906e+01	4.1518e+01	2.4498e+01	1.2193e+01
2.9468e+01	4.2689e+03	2.8582e+03	1.7583e+03	8.2592e+02	2.6348e+02	8.7915e+01	6.3146e+01	4.1713e+01	2.4569e+01	1.2225e+01
2.9531e+01	4.2909e+03	2.8719e+03	1.7647e+03	8.2938e+02	2.6460e+02	8.8298e+01	6.3441e+01	4.1759e+01	2.4664e+01	1.2272e+01
2.9594e+01	4.2975e+03	2.8809e+03	1.7763e+03	8.3250e+02	2.6489e+02	8.8561e+01	6.3516e+01	4.1883e+01	2.4695e+01	1.2315e+01
2.9657e+01	4.3203e+03	2.8943e+03	1.7792e+03	8.3703e+02	2.6631e+02	8.8830e+01	6.3637e+01	4.2082e+01	2.4821e+01	1.2366e+01
2.9720e+01	4.3355e+03	2.9094e+03	1.7852e+03	8.4014e+02	2.6730e+02	8.9115e+01	6.3840e+01	4.2148e+01	2.4873e+01	1.2362e+01
2.9782e+01	4.3486e+03	2.9118e+03	1.7924e+03	8.4286e+02	2.6789e+02	8.9408e+01	6.4100e+01	4.2260e+01	2.4919e+01	1.2417e+01
2.9845e+01	4.3675e+03	2.9268e+03	1.7977e+03	8.4666e+02	2.6874e+02	8.9479e+01	6.4345e+01	4.2375e+01	2.4970e+01	1.2444e+01
2.9908e+01	4.3829e+03	2.9399e+03	1.8085e+03	8.4905e+02	2.6975e+02	9.0040e+01	6.4550e+01	4.2467e+01	2.5061e+01	1.2463e+01
2.9971e+01	4.4012e+03	2.9539e+03	1.8124e+03	8.5253e+02	2.7105e+02	9.0185e+01	6.4584e+01	4.2566e+01	2.5185e+01	1.2506e+01
3.0034e+01	4.4166e+03	2.9585e+03	1.8198e+03	8.5525e+02	2.7172e+02	9.0549e+01	6.4793e+01	4.2753e+01	2.5221e+01	1.2541e+01
3.0096e+01	4.4297e+03	2.9723e+03	1.8280e+03	8.5846e+02	2.7238e+02	9.0841e+01	6.5024e+01	4.2878e+01	2.5245e+01	1.2600e+01
3.0159e+01	4.4424e+03	2.9856e+03	1.8307e+03	8.6203e+02	2.7371e+02	9.1007e+01	6.5181e+01	4.3008e+01	2.5334e+01	1.2634e+01
3.0222e+01	4.4582e+03	2.9881e+03	1.8373e+03	8.6476e+02	2.7423e+02	9.1344e+01	6.5313e+01	4.3120e+01	2.5408e+01	1.2655e+01
3.0285e+01	4.4786e+03	3.0000e+03	1.8414e+03	8.6690e+02	2.7494e+02	9.1585e+01	6.5597e+01	4.3239e+01	2.5474e+01	1.2675e+01
3.0348e+01	4.4951e+03	3.0123e+03	1.8469e+03	8.7015e+02	2.7604e+02	9.1772e+01	6.5813e+01	4.3361e+01	2.5512e+01	1.2712e+01
3.0411e+01	4.5133e+03	3.0202e+03	1.8559e+03	8.7226e+02	2.7689e+02	9.1962e+01	6.5926e+01	4.3471e+01	2.5627e+01	1.2751e+01
3.0474e+01	4.5272e+03	3.0334e+03	1.8673e+03	8.7744e+02	2.7776e+02	9.2231e+01	6.6111e+01	4.3640e+01	2.5697e+01	1.2778e+01
3.0536e+01	4.5422e+03	3.0492e+03	1.8703e+03	8.7884e+02	2.7913e+02	9.2461e+01	6.6296e+01	4.3759e+01	2.5711e+01	1.2821e+01
3.0599e+01	4.5604e+03	3.0562e+03	1.8757e+03	8.8329e+02	2.7977e+02	9.2843e+01	6.6551e+01	4.3853e+01	2.5799e+01	1.2850e+01
3.0662e+01	4.5704e+03	3.0637e+03	1.8824e+03	8.8653e+02	2.8058e+02	9.3030e+01	6.6753e+01	4.3934e+01	2.5858e+01	1.2876e+01
3.0725e+01	4.5906e+03	3.0770e+03	1.8903e+03	8.9072e+02	2.8115e+02	9.3378e+01	6.6913e+01	4.4135e+01	2.5949e+01	1.2912e+01
3.0788e+01	4.6125e+03	3.0889e+03	1.8954e+03	8.9173e+02	2.8255e+02	9.3724e+01	6.7179e+01	4.4261e+01	2.6039e+01	1.2940e+01
3.0851e+01	4.6267e+03	3.0982e+03	1.9028e+03	8.9598e+02	2.8376e+02	9.3836e+01	6.7322e+01	4.4329e+01	2.6053e+01	1.2996e+01
3.0913e+01	4.6459e+03	3.1130e+03	1.9092e+03	8.9866e+02	2.8453e+02	9.4020e+01	6.7519e+01	4.4474e+01	2.6154e+01	1.3036e+01
3.0976e+01	4.6566e+03	3.1238e+03	1.9181e+03	9.0144e+02	2.8539e+02	9.4379e+01	6.7741e+01	4.4572e+01	2.6235e+01	1.3046e+01
3.1039e+01	4.6783e+03	3.1351e+03	1.9238e+03	9.0455e+02	2.8631e+02	9.4720e+01	6.7935e+01	4.4736e+01	2.6336e+01	1.3109e+01
3.1102e+01	4.6931e+03	3.1470e+03	1.9313e+03	9.0662e+02	2.8761e+02	9.4968e+01	6.8241e+01	4.4846e+01	2.6383e+01	1.3118e+01
3.1165e+01	4.7156e+03	3.1595e+03	1.9358e+03	9.1099e+02	2.8808e+02	9.5297e+01	6.8227e+01	4.5066e+01	2.6440e+01	1.3156e+01
3.1228e+01	4.7294e+03	3.1705e+03	1.9435e+03	9.1362e+02	2.8886e+02	9.5668e+01	6.8496e+01	4.5067e+01	2.6528e+01	1.3200e+01
3.1290e+01	4.7518e+03	3.1841e+03	1.9499e+03	9.1721e+02	2.8956e+02	9.5898e+01	6.8618e+01	4.5230e+01	2.6601e+01	1.3209e+01
3.1353e+01	4.7695e+03	3.1946e+03	1.9585e+03	9.2075e+02	2.9102e+02	9.6170e+01	6.8693e+01	4.5426e+01	2.6624e+01	1.3245e+01
3.1416e+01	4.7890e+03	3.2055e+03	1.9663e+03	9.2476e+02	2.9168e+02	9.6496e+01	6.9042e+01	4.5557e+01	2.6759e+01	1.3291e+01
3.1479e+01	4.7998e+03	3.2175e+03	1.9716e+03	9.2940e+02	2.9236e+02	9.6741e+01	6.9189e+01	4.5684e+01	2.6802e+01	1.3307e+01
3.1542e+01	4.8221e+03	3.2238e+03	1.9793e+03	9.3078e+02	2.9347e+02	9.6978e+01	6.9474e+01	4.5824e+01	2.6853e+01	1.3363e+01
3.1604e+01	4.8320e+03	3.2436e+03	1.9871e+03	9.3203e+02	2.9432e+02	9.7212e+01	6.9695e+01	4.5940e+01	2.6920e+01	1.3399e+01
3.1667e+01	4.8642e+03	3.2505e+03	1.9943e+03	9.3642e+02	2.9527e+02	9.7492e+01	6.9860e+01	4.6128e+01	2.7029e+01	1.3419e+01
3.1730e+01	4.8800e+03	3.2698e+03	1.9992e+03	9.4017e+02	2.9619e+02	9.7774e+01	7.0120e+01	4.6185e+01	2.7088e+01	1.3454e+01
3.1793e+01	4.8944e+03	3.2766e+03	2.0077e+03	9.4418e+02	2.9723e+02	9.8080e+01	7.0250e+01	4.6360e+01	2.7135e+01	1.3509e+01
3.1856e+01	4.9090e+03	3.2858e+03	2.0123e+03	9.4707e+02	2.9808e+02	9.8443e+01	7.0471e+01	4.6479e+01	2.7207e+01	1.3529e+01
3.1919e+01	4.9183e+03	3.2963e+03	2.0210e+03	9.4981e+02	2.9953e+02	9.8712e+01	7.0522e+01	4.6678e+01	2.7326e+01	1.3550e+01
3.1982e+01	4.9393e+03	3.3069e+03	2.0279e+03	9.5436e+02	3.0056e+02	9.8958e+01	7.0733e+01	4.6731e+01	2.7363e+01	1.3589e+01
3.2044e+01	4.9620e+03	3.3246e+03	2.0354e+03	9.5771e+02	3.0092e+02	9.9240e+01	7.1011e+01	4.6817e+01	2.7465e+01	1.3633e+01
3.2107e+01	4.9723e+03	3.3295e+03	2.0404e+03	9.6143e+02	3.0171e+02	9.9518e+01	7.1252e+01	4.7000e+01	2.7485e+01	1.3669e+01